<?xml version="1.0" encoding="UTF-8"?>
<coverage generated="1787859252445" clover="3.2.0">
  <project timestamp="1787859252447" name="All files">
    <metrics statements="558" coveredstatements="454" conditionals="456" coveredconditionals="310" methods="192" coveredmethods="152" elements="1206" coveredelements="916" complexity="0" loc="558" ncloc="558" packages="11" files="36" classes="36"/>
    <package name="src">
      <metrics statements="6" coveredstatements="6" conditionals="0" coveredconditionals="0" methods="2" coveredmethods="2"/>
      <file name="App.jsx" path="/home/bruce/Desktop/module6/Delivaroo/frontend/src/App.jsx">
        <metrics statements="2" coveredstatements="2" conditionals="0" coveredconditionals="0" methods="2" coveredmethods="2"/>
        <line num="22" count="31" type="stmt"/>
        <line num="58" count="1" type="stmt"/>
      </file>
      <file name="theme.js" path="/home/bruce/Desktop/module6/Delivaroo/frontend/src/theme.js">
        <metrics statements="4" coveredstatements="4" conditionals="0" coveredconditionals="0" methods="0" coveredmethods="0"/>
        <line num="5" count="5" type="stmt"/>
        <line num="17" count="5" type="stmt"/>
        <line num="22" count="5" type="stmt"/>
        <line num="28" count="5" type="stmt"/>
      </file>
    </package>
    <package name="src.__tests__">
      <metrics statements="26" coveredstatements="26" conditionals="23" coveredconditionals="12" methods="8" coveredmethods="8"/>
      <file name="testUtils.jsx" path="/home/bruce/Desktop/module6/Delivaroo/frontend/src/__tests__/testUtils.jsx">
        <metrics statements="26" coveredstatements="26" conditionals="23" coveredconditionals="12" methods="8" coveredmethods="8"/>
        <line num="15" count="4" type="stmt"/>
        <line num="22" count="4" type="stmt"/>
        <line num="29" count="4" type="stmt"/>
        <line num="35" count="25" type="cond" truecount="1" falsecount="0"/>
        <line num="41" count="4" type="stmt"/>
        <line num="49" count="54" type="stmt"/>
        <line num="51" count="54" type="cond" truecount="0" falsecount="1"/>
        <line num="52" count="30" type="cond" truecount="1" falsecount="1"/>
        <line num="53" count="30" type="stmt"/>
        <line num="54" count="30" type="stmt"/>
        <line num="55" count="30" type="cond" truecount="2" falsecount="0"/>
        <line num="57" count="30" type="cond" truecount="1" falsecount="1"/>
        <line num="58" count="30" type="cond" truecount="1" falsecount="1"/>
        <line num="60" count="30" type="cond" truecount="1" falsecount="1"/>
        <line num="61" count="30" type="cond" truecount="0" falsecount="2"/>
        <line num="63" count="30" type="stmt"/>
        <line num="66" count="30" type="cond" truecount="1" falsecount="1"/>
        <line num="70" count="54" type="stmt"/>
        <line num="75" count="30" type="stmt"/>
        <line num="76" count="30" type="stmt"/>
        <line num="83" count="30" type="stmt"/>
        <line num="96" count="7" type="stmt"/>
        <line num="97" count="7" type="stmt"/>
        <line num="98" count="7" type="stmt"/>
        <line num="102" count="7" type="stmt"/>
        <line num="119" count="4" type="stmt"/>
      </file>
    </package>
    <package name="src.api">
      <metrics statements="147" coveredstatements="121" conditionals="175" coveredconditionals="112" methods="49" coveredmethods="37"/>
      <file name="auth.js" path="/home/bruce/Desktop/module6/Delivaroo/frontend/src/api/auth.js">
        <metrics statements="17" coveredstatements="17" conditionals="32" coveredconditionals="29" methods="6" coveredmethods="6"/>
        <line num="16" count="16" type="cond" truecount="1" falsecount="1"/>
        <line num="17" count="16" type="cond" truecount="2" falsecount="0"/>
        <line num="18" count="16" type="stmt"/>
        <line num="35" count="7" type="cond" truecount="2" falsecount="0"/>
        <line num="36" count="7" type="cond" truecount="2" falsecount="0"/>
        <line num="37" count="7" type="cond" truecount="2" falsecount="0"/>
        <line num="38" count="7" type="cond" truecount="1" falsecount="1"/>
        <line num="42" count="4" type="stmt"/>
        <line num="52" count="3" type="stmt"/>
        <line num="56" count="5" type="stmt"/>
        <line num="61" count="4" type="stmt"/>
        <line num="66" count="11" type="stmt"/>
        <line num="67" count="9" type="cond" truecount="1" falsecount="1"/>
        <line num="76" count="3" type="stmt"/>
        <line num="77" count="3" type="stmt"/>
        <line num="81" count="3" type="stmt"/>
        <line num="83" count="3" type="stmt"/>
      </file>
      <file name="client.js" path="/home/bruce/Desktop/module6/Delivaroo/frontend/src/api/client.js">
        <metrics statements="49" coveredstatements="43" conditionals="53" coveredconditionals="37" methods="13" coveredmethods="11"/>
        <line num="17" count="11" type="stmt"/>
        <line num="18" count="11" type="stmt"/>
        <line num="19" count="11" type="stmt"/>
        <line num="20" count="11" type="stmt"/>
        <line num="26" count="43" type="cond" truecount="2" falsecount="0"/>
        <line num="27" count="42" type="stmt"/>
        <line num="28" count="42" type="cond" truecount="1" falsecount="1"/>
        <line num="29" count="42" type="stmt"/>
        <line num="30" count="42" type="stmt"/>
        <line num="32" count="1" type="stmt"/>
        <line num="37" count="10" type="cond" truecount="1" falsecount="1"/>
        <line num="38" count="0" type="cond" truecount="0" falsecount="2"/>
        <line num="39" count="0" type="cond" truecount="0" falsecount="2"/>
        <line num="40" count="0" type="cond" truecount="0" falsecount="2"/>
        <line num="41" count="0" type="cond" truecount="0" falsecount="2"/>
        <line num="42" count="0" type="stmt"/>
        <line num="46" count="44" type="cond" truecount="2" falsecount="0"/>
        <line num="47" count="44" type="stmt"/>
        <line num="64" count="6" type="stmt"/>
        <line num="67" count="4" type="stmt"/>
        <line num="68" count="4" type="cond" truecount="2" falsecount="0"/>
        <line num="70" count="2" type="stmt"/>
        <line num="71" count="2" type="stmt"/>
        <line num="72" count="2" type="stmt"/>
        <line num="76" count="2" type="cond" truecount="2" falsecount="0"/>
        <line num="77" count="1" type="stmt"/>
        <line num="78" count="1" type="cond" truecount="1" falsecount="2"/>
        <line num="79" count="1" type="cond" truecount="1" falsecount="1"/>
        <line num="80" count="1" type="cond" truecount="1" falsecount="1"/>
        <line num="81" count="1" type="cond" truecount="2" falsecount="0"/>
        <line num="82" count="1" type="stmt"/>
        <line num="84" count="0" type="stmt"/>
        <line num="87" count="2" type="stmt"/>
        <line num="88" count="2" type="stmt"/>
        <line num="93" count="2" type="stmt"/>
        <line num="102" count="43" type="stmt"/>
        <line num="104" count="42" type="cond" truecount="5" falsecount="0"/>
        <line num="105" count="4" type="cond" truecount="2" falsecount="0"/>
        <line num="106" count="1" type="stmt"/>
        <line num="108" count="3" type="stmt"/>
        <line num="112" count="42" type="stmt"/>
        <line num="113" count="42" type="cond" truecount="2" falsecount="0"/>
        <line num="114" count="10" type="cond" truecount="2" falsecount="0"/>
        <line num="115" count="10" type="stmt"/>
        <line num="119" count="32" type="cond" truecount="4" falsecount="0"/>
        <line num="122" count="17" type="stmt"/>
        <line num="123" count="12" type="stmt"/>
        <line num="124" count="6" type="stmt"/>
        <line num="125" count="6" type="stmt"/>
      </file>
      <file name="geo.js" path="/home/bruce/Desktop/module6/Delivaroo/frontend/src/api/geo.js">
        <metrics statements="59" coveredstatements="41" conditionals="45" coveredconditionals="18" methods="16" coveredmethods="11"/>
        <line num="14" count="6" type="stmt"/>
        <line num="17" count="6" type="stmt"/>
        <line num="21" count="5" type="stmt"/>
        <line num="22" count="20" type="stmt"/>
        <line num="23" count="5" type="stmt"/>
        <line num="24" count="5" type="stmt"/>
        <line num="26" count="5" type="stmt"/>
        <line num="28" count="5" type="stmt"/>
        <line num="31" count="6" type="stmt"/>
        <line num="40" count="3" type="cond" truecount="1" falsecount="1"/>
        <line num="41" count="3" type="cond" truecount="2" falsecount="0"/>
        <line num="44" count="2" type="stmt"/>
        <line num="45" count="2" type="stmt"/>
        <line num="47" count="1" type="stmt"/>
        <line num="49" count="1" type="cond" truecount="1" falsecount="1"/>
        <line num="51" count="1" type="stmt"/>
        <line num="52" count="1" type="stmt"/>
        <line num="53" count="1" type="stmt"/>
        <line num="60" count="1" type="cond" truecount="2" falsecount="2"/>
        <line num="64" count="1" type="cond" truecount="1" falsecount="1"/>
        <line num="66" count="1" type="stmt"/>
        <line num="67" count="1" type="stmt"/>
        <line num="84" count="0" type="cond" truecount="0" falsecount="5"/>
        <line num="86" count="0" type="stmt"/>
        <line num="87" count="0" type="stmt"/>
        <line num="88" count="0" type="stmt"/>
        <line num="89" count="0" type="stmt"/>
        <line num="90" count="0" type="cond" truecount="0" falsecount="2"/>
        <line num="92" count="0" type="stmt"/>
        <line num="93" count="0" type="cond" truecount="0" falsecount="2"/>
        <line num="94" count="0" type="cond" truecount="0" falsecount="2"/>
        <line num="95" count="0" type="cond" truecount="0" falsecount="2"/>
        <line num="100" count="2" type="stmt"/>
        <line num="108" count="2" type="stmt"/>
        <line num="109" count="2" type="stmt"/>
        <line num="110" count="2" type="stmt"/>
        <line num="111" count="2" type="stmt"/>
        <line num="112" count="2" type="stmt"/>
        <line num="113" count="2" type="cond" truecount="2" falsecount="0"/>
        <line num="114" count="1" type="stmt"/>
        <line num="122" count="0" type="stmt"/>
        <line num="128" count="0" type="stmt"/>
        <line num="129" count="0" type="cond" truecount="0" falsecount="2"/>
        <line num="130" count="0" type="stmt"/>
        <line num="131" count="0" type="stmt"/>
        <line num="133" count="0" type="stmt"/>
        <line num="134" count="0" type="stmt"/>
        <line num="135" count="0" type="stmt"/>
        <line num="151" count="2" type="stmt"/>
        <line num="152" count="2" type="stmt"/>
        <line num="153" count="2" type="stmt"/>
        <line num="154" count="2" type="stmt"/>
        <line num="160" count="1" type="stmt"/>
        <line num="161" count="1" type="cond" truecount="1" falsecount="1"/>
        <line num="163" count="1" type="cond" truecount="1" falsecount="1"/>
        <line num="164" count="1" type="stmt"/>
        <line num="167" count="2" type="stmt"/>
        <line num="176" count="1" type="stmt"/>
        <line num="177" count="1" type="stmt"/>
      </file>
      <file name="index.js" path="/home/bruce/Desktop/module6/Delivaroo/frontend/src/api/index.js">
        <metrics statements="0" coveredstatements="0" conditionals="0" coveredconditionals="0" methods="0" coveredmethods="0"/>
      </file>
      <file name="parcels.js" path="/home/bruce/Desktop/module6/Delivaroo/frontend/src/api/parcels.js">
        <metrics statements="22" coveredstatements="20" conditionals="45" coveredconditionals="28" methods="14" coveredmethods="9"/>
        <line num="11" count="7" type="cond" truecount="1" falsecount="1"/>
        <line num="12" count="7" type="stmt"/>
        <line num="13" count="21" type="cond" truecount="4" falsecount="0"/>
        <line num="15" count="7" type="stmt"/>
        <line num="42" count="5" type="cond" truecount="3" falsecount="1"/>
        <line num="44" count="5" type="stmt"/>
        <line num="45" count="5" type="stmt"/>
        <line num="46" count="5" type="stmt"/>
        <line num="47" count="0" type="stmt"/>
        <line num="49" count="5" type="stmt"/>
        <line num="50" count="5" type="stmt"/>
        <line num="51" count="0" type="stmt"/>
        <line num="52" count="5" type="stmt"/>
        <line num="54" count="5" type="stmt"/>
        <line num="57" count="5" type="cond" truecount="0" falsecount="1"/>
        <line num="58" count="1" type="stmt"/>
        <line num="59" count="3" type="cond" truecount="2" falsecount="0"/>
        <line num="61" count="1" type="cond" truecount="1" falsecount="1"/>
        <line num="63" count="5" type="stmt"/>
        <line num="64" count="1" type="stmt"/>
        <line num="65" count="5" type="stmt"/>
        <line num="66" count="1" type="stmt"/>
      </file>
    </package>
    <package name="src.components">
      <metrics statements="19" coveredstatements="19" conditionals="14" coveredconditionals="12" methods="7" coveredmethods="6"/>
      <file name="Nav.jsx" path="/home/bruce/Desktop/module6/Delivaroo/frontend/src/components/Nav.jsx">
        <metrics statements="10" coveredstatements="10" conditionals="8" coveredconditionals="7" methods="3" coveredmethods="3"/>
        <line num="7" count="94" type="stmt"/>
        <line num="15" count="59" type="stmt"/>
        <line num="16" count="59" type="stmt"/>
        <line num="17" count="59" type="stmt"/>
        <line num="18" count="59" type="stmt"/>
        <line num="20" count="59" type="stmt"/>
        <line num="21" count="1" type="stmt"/>
        <line num="22" count="1" type="stmt"/>
        <line num="23" count="1" type="stmt"/>
        <line num="26" count="59" type="stmt"/>
      </file>
      <file name="Toast.jsx" path="/home/bruce/Desktop/module6/Delivaroo/frontend/src/components/Toast.jsx">
        <metrics statements="9" coveredstatements="9" conditionals="6" coveredconditionals="5" methods="4" coveredmethods="3"/>
        <line num="6" count="4" type="stmt"/>
        <line num="13" count="32" type="stmt"/>
        <line num="14" count="32" type="stmt"/>
        <line num="16" count="32" type="stmt"/>
        <line num="17" count="32" type="cond" truecount="2" falsecount="0"/>
        <line num="18" count="1" type="stmt"/>
        <line num="19" count="1" type="stmt"/>
        <line num="22" count="32" type="cond" truecount="2" falsecount="0"/>
        <line num="24" count="1" type="stmt"/>
      </file>
    </package>
    <package name="src.components.auth">
      <metrics statements="3" coveredstatements="3" conditionals="4" coveredconditionals="4" methods="2" coveredmethods="2"/>
      <file name="AuthCard.jsx" path="/home/bruce/Desktop/module6/Delivaroo/frontend/src/components/auth/AuthCard.jsx">
        <metrics statements="1" coveredstatements="1" conditionals="2" coveredconditionals="2" methods="1" coveredmethods="1"/>
        <line num="6" count="330" type="stmt"/>
      </file>
      <file name="FormError.jsx" path="/home/bruce/Desktop/module6/Delivaroo/frontend/src/components/auth/FormError.jsx">
        <metrics statements="2" coveredstatements="2" conditionals="2" coveredconditionals="2" methods="1" coveredmethods="1"/>
        <line num="5" count="330" type="cond" truecount="2" falsecount="0"/>
        <line num="6" count="2" type="stmt"/>
      </file>
    </package>
    <package name="src.components.maps">
      <metrics statements="124" coveredstatements="74" conditionals="78" coveredconditionals="46" methods="31" coveredmethods="14"/>
      <file name="DeliveryMap.jsx" path="/home/bruce/Desktop/module6/Delivaroo/frontend/src/components/maps/DeliveryMap.jsx">
        <metrics statements="56" coveredstatements="56" conditionals="43" coveredconditionals="38" methods="13" coveredmethods="12"/>
        <line num="16" count="5" type="stmt"/>
        <line num="23" count="5" type="stmt"/>
        <line num="24" count="11" type="stmt"/>
        <line num="25" count="11" type="stmt"/>
        <line num="37" count="26" type="stmt"/>
        <line num="68" count="32" type="stmt"/>
        <line num="69" count="32" type="stmt"/>
        <line num="70" count="32" type="stmt"/>
        <line num="71" count="32" type="stmt"/>
        <line num="72" count="32" type="stmt"/>
        <line num="74" count="32" type="stmt"/>
        <line num="75" count="32" type="stmt"/>
        <line num="79" count="32" type="stmt"/>
        <line num="80" count="19" type="stmt"/>
        <line num="83" count="32" type="stmt"/>
        <line num="84" count="19" type="stmt"/>
        <line num="86" count="19" type="stmt"/>
        <line num="88" count="6" type="cond" truecount="3" falsecount="1"/>
        <line num="90" count="6" type="stmt"/>
        <line num="99" count="6" type="stmt"/>
        <line num="100" count="1" type="stmt"/>
        <line num="103" count="6" type="stmt"/>
        <line num="106" count="13" type="cond" truecount="2" falsecount="0"/>
        <line num="109" count="19" type="stmt"/>
        <line num="110" count="19" type="stmt"/>
        <line num="117" count="32" type="stmt"/>
        <line num="118" count="25" type="stmt"/>
        <line num="119" count="25" type="stmt"/>
        <line num="120" count="25" type="cond" truecount="5" falsecount="0"/>
        <line num="122" count="6" type="stmt"/>
        <line num="123" count="6" type="stmt"/>
        <line num="124" count="6" type="stmt"/>
        <line num="125" count="6" type="stmt"/>
        <line num="127" count="6" type="stmt"/>
        <line num="128" count="6" type="stmt"/>
        <line num="129" count="18" type="cond" truecount="5" falsecount="0"/>
        <line num="130" count="11" type="stmt"/>
        <line num="141" count="11" type="stmt"/>
        <line num="144" count="6" type="stmt"/>
        <line num="145" count="6" type="stmt"/>
        <line num="146" count="6" type="stmt"/>
        <line num="148" count="6" type="cond" truecount="2" falsecount="0"/>
        <line num="149" count="6" type="cond" truecount="2" falsecount="0"/>
        <line num="150" count="2" type="stmt"/>
        <line num="157" count="2" type="stmt"/>
        <line num="161" count="6" type="cond" truecount="2" falsecount="0"/>
        <line num="162" count="2" type="stmt"/>
        <line num="163" count="2" type="stmt"/>
        <line num="164" count="4" type="cond" truecount="1" falsecount="1"/>
        <line num="165" count="4" type="stmt"/>
        <line num="166" count="14" type="stmt"/>
        <line num="167" count="4" type="stmt"/>
        <line num="171" count="32" type="stmt"/>
        <line num="180" count="32" type="cond" truecount="2" falsecount="0"/>
        <line num="181" count="7" type="stmt"/>
        <line num="190" count="25" type="stmt"/>
      </file>
      <file name="PlaceSearch.jsx" path="/home/bruce/Desktop/module6/Delivaroo/frontend/src/components/maps/PlaceSearch.jsx">
        <metrics statements="68" coveredstatements="18" conditionals="35" coveredconditionals="8" methods="18" coveredmethods="2"/>
        <line num="14" count="4" type="stmt"/>
        <line num="22" count="24" type="stmt"/>
        <line num="23" count="24" type="stmt"/>
        <line num="24" count="24" type="stmt"/>
        <line num="25" count="24" type="stmt"/>
        <line num="26" count="24" type="stmt"/>
        <line num="27" count="24" type="stmt"/>
        <line num="28" count="24" type="stmt"/>
        <line num="29" count="24" type="stmt"/>
        <line num="30" count="24" type="stmt"/>
        <line num="34" count="24" type="cond" truecount="1" falsecount="1"/>
        <line num="36" count="24" type="stmt"/>
        <line num="37" count="24" type="cond" truecount="1" falsecount="1"/>
        <line num="39" count="0" type="stmt"/>
        <line num="40" count="0" type="stmt"/>
        <line num="41" count="0" type="stmt"/>
        <line num="42" count="0" type="stmt"/>
        <line num="43" count="0" type="stmt"/>
        <line num="44" count="0" type="stmt"/>
        <line num="45" count="0" type="stmt"/>
        <line num="46" count="0" type="stmt"/>
        <line num="50" count="0" type="stmt"/>
        <line num="54" count="0" type="stmt"/>
        <line num="55" count="0" type="stmt"/>
        <line num="56" count="0" type="stmt"/>
        <line num="60" count="24" type="stmt"/>
        <line num="61" count="0" type="stmt"/>
        <line num="62" count="0" type="stmt"/>
        <line num="63" count="0" type="stmt"/>
        <line num="64" count="0" type="stmt"/>
        <line num="65" count="0" type="stmt"/>
        <line num="66" count="0" type="stmt"/>
        <line num="67" count="0" type="stmt"/>
        <line num="68" count="0" type="stmt"/>
        <line num="70" count="0" type="stmt"/>
        <line num="72" count="0" type="stmt"/>
        <line num="76" count="24" type="stmt"/>
        <line num="77" count="0" type="stmt"/>
        <line num="78" count="0" type="stmt"/>
        <line num="79" count="0" type="stmt"/>
        <line num="80" count="0" type="stmt"/>
        <line num="82" count="0" type="stmt"/>
        <line num="84" count="0" type="stmt"/>
        <line num="88" count="24" type="stmt"/>
        <line num="89" count="0" type="cond" truecount="0" falsecount="4"/>
        <line num="90" count="0" type="cond" truecount="0" falsecount="2"/>
        <line num="91" count="0" type="stmt"/>
        <line num="92" count="0" type="stmt"/>
        <line num="93" count="0" type="cond" truecount="0" falsecount="2"/>
        <line num="94" count="0" type="stmt"/>
        <line num="95" count="0" type="stmt"/>
        <line num="96" count="0" type="cond" truecount="0" falsecount="4"/>
        <line num="97" count="0" type="stmt"/>
        <line num="98" count="0" type="stmt"/>
        <line num="99" count="0" type="cond" truecount="0" falsecount="2"/>
        <line num="100" count="0" type="stmt"/>
        <line num="105" count="24" type="cond" truecount="1" falsecount="1"/>
        <line num="106" count="0" type="stmt"/>
        <line num="125" count="0" type="stmt"/>
        <line num="147" count="24" type="stmt"/>
        <line num="164" count="0" type="stmt"/>
        <line num="165" count="0" type="stmt"/>
        <line num="167" count="0" type="stmt"/>
        <line num="169" count="0" type="stmt"/>
        <line num="225" count="0" type="stmt"/>
        <line num="228" count="0" type="stmt"/>
        <line num="229" count="0" type="stmt"/>
        <line num="230" count="0" type="stmt"/>
      </file>
    </package>
    <package name="src.components.routing">
      <metrics statements="16" coveredstatements="16" conditionals="17" coveredconditionals="17" methods="3" coveredmethods="3"/>
      <file name="AdminRoute.jsx" path="/home/bruce/Desktop/module6/Delivaroo/frontend/src/components/routing/AdminRoute.jsx">
        <metrics statements="1" coveredstatements="1" conditionals="0" coveredconditionals="0" methods="1" coveredmethods="1"/>
        <line num="9" count="6" type="stmt"/>
      </file>
      <file name="ProtectedRoute.jsx" path="/home/bruce/Desktop/module6/Delivaroo/frontend/src/components/routing/ProtectedRoute.jsx">
        <metrics statements="9" coveredstatements="9" conditionals="9" coveredconditionals="9" methods="1" coveredmethods="1"/>
        <line num="22" count="35" type="stmt"/>
        <line num="23" count="35" type="stmt"/>
        <line num="24" count="35" type="stmt"/>
        <line num="26" count="35" type="cond" truecount="2" falsecount="0"/>
        <line num="28" count="22" type="cond" truecount="2" falsecount="0"/>
        <line num="31" count="5" type="stmt"/>
        <line num="36" count="17" type="cond" truecount="2" falsecount="0"/>
        <line num="37" count="1" type="stmt"/>
        <line num="40" count="16" type="cond" truecount="2" falsecount="0"/>
      </file>
      <file name="PublicOnlyRoute.jsx" path="/home/bruce/Desktop/module6/Delivaroo/frontend/src/components/routing/PublicOnlyRoute.jsx">
        <metrics statements="6" coveredstatements="6" conditionals="8" coveredconditionals="8" methods="1" coveredmethods="1"/>
        <line num="10" count="57" type="stmt"/>
        <line num="11" count="57" type="stmt"/>
        <line num="12" count="57" type="stmt"/>
        <line num="14" count="57" type="cond" truecount="2" falsecount="0"/>
        <line num="15" count="33" type="cond" truecount="4" falsecount="0"/>
        <line num="17" count="24" type="cond" truecount="2" falsecount="0"/>
      </file>
    </package>
    <package name="src.components.ui">
      <metrics statements="10" coveredstatements="10" conditionals="32" coveredconditionals="27" methods="6" coveredmethods="6"/>
      <file name="Button.jsx" path="/home/bruce/Desktop/module6/Delivaroo/frontend/src/components/ui/Button.jsx">
        <metrics statements="2" coveredstatements="2" conditionals="10" coveredconditionals="6" methods="1" coveredmethods="1"/>
        <line num="3" count="4" type="stmt"/>
        <line num="18" count="330" type="stmt"/>
      </file>
      <file name="Field.jsx" path="/home/bruce/Desktop/module6/Delivaroo/frontend/src/components/ui/Field.jsx">
        <metrics statements="7" coveredstatements="7" conditionals="20" coveredconditionals="20" methods="4" coveredmethods="4"/>
        <line num="24" count="1225" type="stmt"/>
        <line num="25" count="1225" type="stmt"/>
        <line num="26" count="1225" type="stmt"/>
        <line num="28" count="1225" type="stmt"/>
        <line num="44" count="297" type="stmt"/>
        <line num="45" count="20" type="stmt"/>
        <line num="46" count="20" type="stmt"/>
      </file>
      <file name="Spinner.jsx" path="/home/bruce/Desktop/module6/Delivaroo/frontend/src/components/ui/Spinner.jsx">
        <metrics statements="1" coveredstatements="1" conditionals="2" coveredconditionals="1" methods="1" coveredmethods="1"/>
        <line num="5" count="27" type="stmt"/>
      </file>
    </package>
    <package name="src.lib">
      <metrics statements="79" coveredstatements="64" conditionals="58" coveredconditionals="50" methods="28" coveredmethods="24"/>
      <file name="loadGoogleMaps.js" path="/home/bruce/Desktop/module6/Delivaroo/frontend/src/lib/loadGoogleMaps.js">
        <metrics statements="26" coveredstatements="11" conditionals="10" coveredconditionals="5" methods="7" coveredmethods="3"/>
        <line num="10" count="6" type="stmt"/>
        <line num="12" count="6" type="stmt"/>
        <line num="15" count="6" type="stmt"/>
        <line num="19" count="14" type="stmt"/>
        <line num="20" count="14" type="stmt"/>
        <line num="24" count="6" type="stmt"/>
        <line num="32" count="25" type="cond" truecount="4" falsecount="0"/>
        <line num="33" count="11" type="stmt"/>
        <line num="35" count="14" type="cond" truecount="1" falsecount="1"/>
        <line num="36" count="14" type="stmt"/>
        <line num="43" count="0" type="stmt"/>
        <line num="44" count="0" type="stmt"/>
        <line num="45" count="0" type="cond" truecount="0" falsecount="2"/>
        <line num="47" count="0" type="stmt"/>
        <line num="48" count="0" type="stmt"/>
        <line num="49" count="0" type="stmt"/>
        <line num="50" count="0" type="stmt"/>
        <line num="51" count="0" type="stmt"/>
        <line num="54" count="0" type="cond" truecount="0" falsecount="2"/>
        <line num="55" count="0" type="stmt"/>
        <line num="56" count="0" type="stmt"/>
        <line num="57" count="0" type="stmt"/>
        <line num="58" count="0" type="stmt"/>
        <line num="61" count="0" type="stmt"/>
        <line num="65" count="0" type="stmt"/>
        <line num="70" count="15" type="stmt"/>
      </file>
      <file name="roles.js" path="/home/bruce/Desktop/module6/Delivaroo/frontend/src/lib/roles.js">
        <metrics statements="15" coveredstatements="15" conditionals="18" coveredconditionals="18" methods="4" coveredmethods="4"/>
        <line num="7" count="6" type="stmt"/>
        <line num="12" count="6" type="stmt"/>
        <line num="21" count="6" type="stmt"/>
        <line num="22" count="160" type="cond" truecount="2" falsecount="0"/>
        <line num="23" count="53" type="cond" truecount="2" falsecount="0"/>
        <line num="24" count="53" type="cond" truecount="2" falsecount="0"/>
        <line num="25" count="27" type="cond" truecount="2" falsecount="0"/>
        <line num="26" count="4" type="cond" truecount="4" falsecount="0"/>
        <line num="29" count="6" type="stmt"/>
        <line num="32" count="6" type="stmt"/>
        <line num="33" count="22" type="cond" truecount="2" falsecount="0"/>
        <line num="34" count="21" type="cond" truecount="4" falsecount="0"/>
        <line num="35" count="7" type="stmt"/>
        <line num="36" count="7" type="stmt"/>
        <line num="40" count="6" type="stmt"/>
      </file>
      <file name="tokenStorage.js" path="/home/bruce/Desktop/module6/Delivaroo/frontend/src/lib/tokenStorage.js">
        <metrics statements="14" coveredstatements="14" conditionals="6" coveredconditionals="4" methods="10" coveredmethods="10"/>
        <line num="8" count="7" type="stmt"/>
        <line num="9" count="7" type="stmt"/>
        <line num="13" count="217" type="stmt"/>
        <line num="14" count="217" type="stmt"/>
        <line num="16" count="2" type="stmt"/>
        <line num="20" count="86" type="stmt"/>
        <line num="21" count="8" type="stmt"/>
        <line num="24" count="38" type="stmt"/>
        <line num="25" count="38" type="cond" truecount="1" falsecount="1"/>
        <line num="26" count="38" type="cond" truecount="2" falsecount="0"/>
        <line num="31" count="85" type="stmt"/>
        <line num="32" count="85" type="stmt"/>
        <line num="33" count="85" type="stmt"/>
        <line num="37" count="34" type="stmt"/>
      </file>
      <file name="validators.js" path="/home/bruce/Desktop/module6/Delivaroo/frontend/src/lib/validators.js">
        <metrics statements="24" coveredstatements="24" conditionals="24" coveredconditionals="23" methods="7" coveredmethods="7"/>
        <line num="4" count="5" type="stmt"/>
        <line num="6" count="5" type="stmt"/>
        <line num="7" count="10" type="cond" truecount="2" falsecount="0"/>
        <line num="8" count="10" type="cond" truecount="2" falsecount="0"/>
        <line num="9" count="9" type="cond" truecount="2" falsecount="0"/>
        <line num="10" count="7" type="stmt"/>
        <line num="13" count="5" type="stmt"/>
        <line num="14" count="6" type="cond" truecount="2" falsecount="0"/>
        <line num="15" count="5" type="cond" truecount="2" falsecount="0"/>
        <line num="16" count="3" type="stmt"/>
        <line num="19" count="5" type="stmt"/>
        <line num="20" count="6" type="cond" truecount="1" falsecount="1"/>
        <line num="21" count="6" type="cond" truecount="2" falsecount="0"/>
        <line num="22" count="5" type="cond" truecount="2" falsecount="0"/>
        <line num="23" count="4" type="stmt"/>
        <line num="26" count="5" type="stmt"/>
        <line num="27" count="5" type="cond" truecount="2" falsecount="0"/>
        <line num="30" count="5" type="stmt"/>
        <line num="31" count="6" type="cond" truecount="2" falsecount="0"/>
        <line num="32" count="6" type="cond" truecount="2" falsecount="0"/>
        <line num="33" count="2" type="cond" truecount="2" falsecount="0"/>
        <line num="34" count="1" type="stmt"/>
        <line num="38" count="5" type="stmt"/>
        <line num="39" count="25" type="stmt"/>
      </file>
    </package>
    <package name="src.routes">
      <metrics statements="68" coveredstatements="56" conditionals="44" coveredconditionals="23" methods="27" coveredmethods="24"/>
      <file name="AdminDashboard.jsx" path="/home/bruce/Desktop/module6/Delivaroo/frontend/src/routes/AdminDashboard.jsx">
        <metrics statements="2" coveredstatements="2" conditionals="0" coveredconditionals="0" methods="1" coveredmethods="1"/>
        <line num="13" count="4" type="stmt"/>
        <line num="15" count="4" type="stmt"/>
      </file>
      <file name="AppLayout.jsx" path="/home/bruce/Desktop/module6/Delivaroo/frontend/src/routes/AppLayout.jsx">
        <metrics statements="4" coveredstatements="4" conditionals="0" coveredconditionals="0" methods="2" coveredmethods="2"/>
        <line num="16" count="31" type="stmt"/>
        <line num="18" count="31" type="stmt"/>
        <line num="19" count="31" type="stmt"/>
        <line num="22" count="31" type="stmt"/>
      </file>
      <file name="Dashboard.jsx" path="/home/bruce/Desktop/module6/Delivaroo/frontend/src/routes/Dashboard.jsx">
        <metrics statements="19" coveredstatements="7" conditionals="20" coveredconditionals="3" methods="4" coveredmethods="1"/>
        <line num="19" count="12" type="stmt"/>
        <line num="20" count="12" type="stmt"/>
        <line num="21" count="12" type="stmt"/>
        <line num="22" count="12" type="stmt"/>
        <line num="23" count="12" type="stmt"/>
        <line num="25" count="12" type="stmt"/>
        <line num="26" count="0" type="cond" truecount="0" falsecount="2"/>
        <line num="27" count="0" type="cond" truecount="0" falsecount="2"/>
        <line num="28" count="0" type="cond" truecount="0" falsecount="2"/>
        <line num="29" count="0" type="cond" truecount="0" falsecount="2"/>
        <line num="31" count="0" type="cond" truecount="0" falsecount="4"/>
        <line num="32" count="0" type="stmt"/>
        <line num="33" count="0" type="stmt"/>
        <line num="34" count="0" type="stmt"/>
        <line num="36" count="0" type="stmt"/>
        <line num="39" count="0" type="stmt"/>
        <line num="43" count="12" type="stmt"/>
        <line num="54" count="0" type="stmt"/>
        <line num="60" count="0" type="stmt"/>
      </file>
      <file name="Home.jsx" path="/home/bruce/Desktop/module6/Delivaroo/frontend/src/routes/Home.jsx">
        <metrics statements="2" coveredstatements="2" conditionals="6" coveredconditionals="4" methods="1" coveredmethods="1"/>
        <line num="12" count="6" type="stmt"/>
        <line num="14" count="6" type="stmt"/>
      </file>
      <file name="Login.jsx" path="/home/bruce/Desktop/module6/Delivaroo/frontend/src/routes/Login.jsx">
        <metrics statements="20" coveredstatements="20" conditionals="10" coveredconditionals="8" methods="8" coveredmethods="8"/>
        <line num="17" count="155" type="stmt"/>
        <line num="18" count="155" type="stmt"/>
        <line num="19" count="155" type="stmt"/>
        <line num="20" count="155" type="stmt"/>
        <line num="21" count="155" type="stmt"/>
        <line num="23" count="155" type="stmt"/>
        <line num="24" count="155" type="stmt"/>
        <line num="28" count="155" type="stmt"/>
        <line num="30" count="310" type="stmt"/>
        <line num="31" count="136" type="stmt"/>
        <line num="32" count="136" type="stmt"/>
        <line num="35" count="155" type="stmt"/>
        <line num="36" count="4" type="stmt"/>
        <line num="41" count="4" type="stmt"/>
        <line num="45" count="4" type="stmt"/>
        <line num="46" count="4" type="cond" truecount="1" falsecount="1"/>
        <line num="48" count="4" type="stmt"/>
        <line num="49" count="4" type="cond" truecount="2" falsecount="0"/>
        <line num="51" count="3" type="cond" truecount="2" falsecount="0"/>
        <line num="55" count="155" type="stmt"/>
      </file>
      <file name="NotFound.jsx" path="/home/bruce/Desktop/module6/Delivaroo/frontend/src/routes/NotFound.jsx">
        <metrics statements="1" coveredstatements="1" conditionals="0" coveredconditionals="0" methods="1" coveredmethods="1"/>
        <line num="6" count="2" type="stmt"/>
      </file>
      <file name="PageShell.jsx" path="/home/bruce/Desktop/module6/Delivaroo/frontend/src/routes/PageShell.jsx">
        <metrics statements="1" coveredstatements="1" conditionals="2" coveredconditionals="2" methods="1" coveredmethods="1"/>
        <line num="5" count="26" type="stmt"/>
      </file>
      <file name="Signup.jsx" path="/home/bruce/Desktop/module6/Delivaroo/frontend/src/routes/Signup.jsx">
        <metrics statements="18" coveredstatements="18" conditionals="6" coveredconditionals="6" methods="8" coveredmethods="8"/>
        <line num="24" count="175" type="stmt"/>
        <line num="25" count="175" type="stmt"/>
        <line num="26" count="175" type="stmt"/>
        <line num="27" count="175" type="stmt"/>
        <line num="29" count="175" type="stmt"/>
        <line num="36" count="175" type="stmt"/>
        <line num="38" count="175" type="stmt"/>
        <line num="40" count="875" type="stmt"/>
        <line num="41" count="161" type="stmt"/>
        <line num="42" count="161" type="stmt"/>
        <line num="45" count="175" type="stmt"/>
        <line num="46" count="3" type="stmt"/>
        <line num="48" count="3" type="stmt"/>
        <line num="55" count="3" type="stmt"/>
        <line num="56" count="3" type="cond" truecount="2" falsecount="0"/>
        <line num="60" count="2" type="stmt"/>
        <line num="61" count="2" type="cond" truecount="2" falsecount="0"/>
        <line num="64" count="175" type="stmt"/>
      </file>
      <file name="Unauthorized.jsx" path="/home/bruce/Desktop/module6/Delivaroo/frontend/src/routes/Unauthorized.jsx">
        <metrics statements="1" coveredstatements="1" conditionals="0" coveredconditionals="0" methods="1" coveredmethods="1"/>
        <line num="7" count="2" type="stmt"/>
      </file>
    </package>
    <package name="src.store">
      <metrics statements="60" coveredstatements="59" conditionals="11" coveredconditionals="7" methods="29" coveredmethods="26"/>
      <file name="authSlice.js" path="/home/bruce/Desktop/module6/Delivaroo/frontend/src/store/authSlice.js">
        <metrics statements="50" coveredstatements="50" conditionals="8" coveredconditionals="6" methods="24" coveredmethods="22"/>
        <line num="14" count="15" type="stmt"/>
        <line num="15" count="7" type="stmt"/>
        <line num="16" count="7" type="stmt"/>
        <line num="18" count="2" type="cond" truecount="1" falsecount="1"/>
        <line num="22" count="5" type="stmt"/>
        <line num="23" count="5" type="stmt"/>
        <line num="24" count="5" type="stmt"/>
        <line num="31" count="5" type="stmt"/>
        <line num="33" count="31" type="cond" truecount="2" falsecount="0"/>
        <line num="36" count="5" type="stmt"/>
        <line num="49" count="5" type="stmt"/>
        <line num="50" count="8" type="stmt"/>
        <line num="51" count="8" type="stmt"/>
        <line num="52" count="8" type="stmt"/>
        <line num="53" count="8" type="stmt"/>
        <line num="56" count="5" type="stmt"/>
        <line num="57" count="3" type="stmt"/>
        <line num="58" count="3" type="cond" truecount="1" falsecount="1"/>
        <line num="61" count="5" type="stmt"/>
        <line num="66" count="25" type="stmt"/>
        <line num="70" count="1" type="stmt"/>
        <line num="71" count="1" type="stmt"/>
        <line num="72" count="1" type="stmt"/>
        <line num="73" count="1" type="stmt"/>
        <line num="77" count="5" type="stmt"/>
        <line num="79" count="31" type="stmt"/>
        <line num="82" count="30" type="stmt"/>
        <line num="83" count="30" type="cond" truecount="2" falsecount="0"/>
        <line num="88" count="2" type="stmt"/>
        <line num="89" count="2" type="stmt"/>
        <line num="90" count="2" type="stmt"/>
        <line num="94" count="2" type="stmt"/>
        <line num="95" count="2" type="stmt"/>
        <line num="96" count="2" type="stmt"/>
        <line num="97" count="2" type="stmt"/>
        <line num="100" count="5" type="stmt"/>
        <line num="102" count="215" type="stmt"/>
        <line num="104" count="8" type="stmt"/>
        <line num="105" count="8" type="stmt"/>
        <line num="109" count="215" type="stmt"/>
        <line num="113" count="215" type="stmt"/>
        <line num="119" count="5" type="stmt"/>
        <line num="121" count="319" type="stmt"/>
        <line num="122" count="5" type="stmt"/>
        <line num="123" count="5" type="stmt"/>
        <line num="125" count="124" type="stmt"/>
        <line num="126" count="70" type="stmt"/>
        <line num="127" count="70" type="stmt"/>
        <line num="128" count="5" type="stmt"/>
        <line num="129" count="140" type="stmt"/>
      </file>
      <file name="index.js" path="/home/bruce/Desktop/module6/Delivaroo/frontend/src/store/index.js">
        <metrics statements="3" coveredstatements="3" conditionals="0" coveredconditionals="0" methods="1" coveredmethods="1"/>
        <line num="13" count="4" type="stmt"/>
        <line num="15" count="34" type="stmt"/>
        <line num="17" count="4" type="stmt"/>
      </file>
      <file name="uiSlice.js" path="/home/bruce/Desktop/module6/Delivaroo/frontend/src/store/uiSlice.js">
        <metrics statements="7" coveredstatements="6" conditionals="3" coveredconditionals="1" methods="4" coveredmethods="3"/>
        <line num="5" count="4" type="stmt"/>
        <line num="14" count="1" type="stmt"/>
        <line num="18" count="1" type="cond" truecount="1" falsecount="1"/>
        <line num="19" count="1" type="stmt"/>
        <line num="23" count="0" type="stmt"/>
        <line num="28" count="4" type="stmt"/>
        <line num="29" count="137" type="stmt"/>
      </file>
    </package>
  </project>
</coverage>
