{"/home/bruce/Desktop/module6/Delivaroo/frontend/src/App.jsx": {"path":"/home/bruce/Desktop/module6/Delivaroo/frontend/src/App.jsx","statementMap":{"0":{"start":{"line":22,"column":2},"end":{"line":48,"column":4}},"1":{"start":{"line":58,"column":2},"end":{"line":64,"column":4}}},"fnMap":{"0":{"name":"AppRoutes","decl":{"start":{"line":21,"column":16},"end":{"line":21,"column":25}},"loc":{"start":{"line":21,"column":28},"end":{"line":49,"column":1}},"line":21},"1":{"name":"App","decl":{"start":{"line":57,"column":24},"end":{"line":57,"column":27}},"loc":{"start":{"line":57,"column":30},"end":{"line":65,"column":1}},"line":57}},"branchMap":{},"s":{"0":31,"1":1},"f":{"0":31,"1":1},"b":{},"_coverageSchema":"1a1c01bbd47fc00a2c39e90264f33305004495a9","hash":"75eb12fbc83f6f88f93919746d782a9f4e6247f5"}
,"/home/bruce/Desktop/module6/Delivaroo/frontend/src/theme.js": {"path":"/home/bruce/Desktop/module6/Delivaroo/frontend/src/theme.js","statementMap":{"0":{"start":{"line":5,"column":21},"end":{"line":15,"column":1}},"1":{"start":{"line":17,"column":20},"end":{"line":20,"column":1}},"2":{"start":{"line":22,"column":22},"end":{"line":26,"column":1}},"3":{"start":{"line":28,"column":23},"end":{"line":62,"column":1}}},"fnMap":{},"branchMap":{},"s":{"0":5,"1":5,"2":5,"3":5},"f":{},"b":{},"_coverageSchema":"1a1c01bbd47fc00a2c39e90264f33305004495a9","hash":"fc6df50c2197c20d7e31ac118f2361c2192e7e62"}
,"/home/bruce/Desktop/module6/Delivaroo/frontend/src/__tests__/testUtils.jsx": {"path":"/home/bruce/Desktop/module6/Delivaroo/frontend/src/__tests__/testUtils.jsx","statementMap":{"0":{"start":{"line":15,"column":26},"end":{"line":20,"column":1}},"1":{"start":{"line":22,"column":29},"end":{"line":27,"column":1}},"2":{"start":{"line":29,"column":22},"end":{"line":32,"column":1}},"3":{"start":{"line":35,"column":18},"end":{"line":38,"column":2}},"4":{"start":{"line":35,"column":45},"end":{"line":38,"column":1}},"5":{"start":{"line":41,"column":20},"end":{"line":41,"column":72}},"6":{"start":{"line":41,"column":42},"end":{"line":41,"column":71}},"7":{"start":{"line":49,"column":16},"end":{"line":49,"column":18}},"8":{"start":{"line":51,"column":2},"end":{"line":68,"column":5}},"9":{"start":{"line":52,"column":19},"end":{"line":52,"column":42}},"10":{"start":{"line":53,"column":17},"end":{"line":53,"column":28}},"11":{"start":{"line":54,"column":16},"end":{"line":54,"column":35}},"12":{"start":{"line":55,"column":4},"end":{"line":55,"column":101}},"13":{"start":{"line":57,"column":18},"end":{"line":57,"column":45}},"14":{"start":{"line":58,"column":4},"end":{"line":58,"column":61}},"15":{"start":{"line":58,"column":16},"end":{"line":58,"column":61}},"16":{"start":{"line":60,"column":21},"end":{"line":60,"column":78}},"17":{"start":{"line":61,"column":42},"end":{"line":61,"column":50}},"18":{"start":{"line":63,"column":4},"end":{"line":67,"column":6}},"19":{"start":{"line":66,"column":25},"end":{"line":66,"column":66}},"20":{"start":{"line":70,"column":2},"end":{"line":70,"column":15}},"21":{"start":{"line":75,"column":16},"end":{"line":75,"column":41}},"22":{"start":{"line":76,"column":16},"end":{"line":82,"column":3}},"23":{"start":{"line":83,"column":2},"end":{"line":83,"column":29}},"24":{"start":{"line":96,"column":2},"end":{"line":96,"column":76}},"25":{"start":{"line":97,"column":2},"end":{"line":97,"column":59}},"26":{"start":{"line":98,"column":2},"end":{"line":98,"column":67}},"27":{"start":{"line":102,"column":29},"end":{"line":117,"column":2}},"28":{"start":{"line":102,"column":40},"end":{"line":117,"column":1}},"29":{"start":{"line":119,"column":30},"end":{"line":121,"column":1}}},"fnMap":{"0":{"name":"(anonymous_0)","decl":{"start":{"line":35,"column":18},"end":{"line":35,"column":19}},"loc":{"start":{"line":35,"column":45},"end":{"line":38,"column":1}},"line":35},"1":{"name":"(anonymous_1)","decl":{"start":{"line":41,"column":20},"end":{"line":41,"column":21}},"loc":{"start":{"line":41,"column":42},"end":{"line":41,"column":71}},"line":41},"2":{"name":"mockApi","decl":{"start":{"line":48,"column":16},"end":{"line":48,"column":23}},"loc":{"start":{"line":48,"column":32},"end":{"line":71,"column":1}},"line":48},"3":{"name":"(anonymous_3)","decl":{"start":{"line":51,"column":25},"end":{"line":51,"column":26}},"loc":{"start":{"line":51,"column":54},"end":{"line":68,"column":3}},"line":51},"4":{"name":"(anonymous_4)","decl":{"start":{"line":66,"column":12},"end":{"line":66,"column":13}},"loc":{"start":{"line":66,"column":25},"end":{"line":66,"column":66}},"line":66},"5":{"name":"renderApp","decl":{"start":{"line":74,"column":16},"end":{"line":74,"column":25}},"loc":{"start":{"line":74,"column":64},"end":{"line":84,"column":1}},"line":74},"6":{"name":"renderSignedIn","decl":{"start":{"line":95,"column":16},"end":{"line":95,"column":30}},"loc":{"start":{"line":95,"column":72},"end":{"line":99,"column":1}},"line":95},"7":{"name":"(anonymous_7)","decl":{"start":{"line":102,"column":29},"end":{"line":102,"column":30}},"loc":{"start":{"line":102,"column":40},"end":{"line":117,"column":1}},"line":102}},"branchMap":{"0":{"loc":{"start":{"line":35,"column":25},"end":{"line":35,"column":39}},"type":"default-arg","locations":[{"start":{"line":35,"column":35},"end":{"line":35,"column":39}}],"line":35},"1":{"loc":{"start":{"line":51,"column":37},"end":{"line":51,"column":49}},"type":"default-arg","locations":[{"start":{"line":51,"column":47},"end":{"line":51,"column":49}}],"line":51},"2":{"loc":{"start":{"line":52,"column":19},"end":{"line":52,"column":42}},"type":"binary-expr","locations":[{"start":{"line":52,"column":19},"end":{"line":52,"column":33}},{"start":{"line":52,"column":37},"end":{"line":52,"column":42}}],"line":52},"3":{"loc":{"start":{"line":55,"column":46},"end":{"line":55,"column":97}},"type":"cond-expr","locations":[{"start":{"line":55,"column":61},"end":{"line":55,"column":85}},{"start":{"line":55,"column":88},"end":{"line":55,"column":97}}],"line":55},"4":{"loc":{"start":{"line":57,"column":18},"end":{"line":57,"column":45}},"type":"binary-expr","locations":[{"start":{"line":57,"column":18},"end":{"line":57,"column":29}},{"start":{"line":57,"column":33},"end":{"line":57,"column":45}}],"line":57},"5":{"loc":{"start":{"line":58,"column":4},"end":{"line":58,"column":61}},"type":"if","locations":[{"start":{"line":58,"column":4},"end":{"line":58,"column":61}},{"start":{},"end":{}}],"line":58},"6":{"loc":{"start":{"line":60,"column":21},"end":{"line":60,"column":78}},"type":"cond-expr","locations":[{"start":{"line":60,"column":51},"end":{"line":60,"column":70}},{"start":{"line":60,"column":73},"end":{"line":60,"column":78}}],"line":60},"7":{"loc":{"start":{"line":61,"column":12},"end":{"line":61,"column":24}},"type":"default-arg","locations":[{"start":{"line":61,"column":21},"end":{"line":61,"column":24}}],"line":61},"8":{"loc":{"start":{"line":61,"column":26},"end":{"line":61,"column":37}},"type":"default-arg","locations":[{"start":{"line":61,"column":33},"end":{"line":61,"column":37}}],"line":61},"9":{"loc":{"start":{"line":64,"column":10},"end":{"line":64,"column":39}},"type":"binary-expr","locations":[{"start":{"line":64,"column":10},"end":{"line":64,"column":23}},{"start":{"line":64,"column":27},"end":{"line":64,"column":39}}],"line":64},"10":{"loc":{"start":{"line":66,"column":25},"end":{"line":66,"column":66}},"type":"cond-expr","locations":[{"start":{"line":66,"column":41},"end":{"line":66,"column":43}},{"start":{"line":66,"column":46},"end":{"line":66,"column":66}}],"line":66},"11":{"loc":{"start":{"line":74,"column":26},"end":{"line":74,"column":62}},"type":"default-arg","locations":[{"start":{"line":74,"column":60},"end":{"line":74,"column":62}}],"line":74},"12":{"loc":{"start":{"line":74,"column":28},"end":{"line":74,"column":39}},"type":"default-arg","locations":[{"start":{"line":74,"column":36},"end":{"line":74,"column":39}}],"line":74},"13":{"loc":{"start":{"line":95,"column":37},"end":{"line":95,"column":70}},"type":"default-arg","locations":[{"start":{"line":95,"column":68},"end":{"line":95,"column":70}}],"line":95},"14":{"loc":{"start":{"line":95,"column":39},"end":{"line":95,"column":50}},"type":"default-arg","locations":[{"start":{"line":95,"column":47},"end":{"line":95,"column":50}}],"line":95},"15":{"loc":{"start":{"line":95,"column":52},"end":{"line":95,"column":63}},"type":"default-arg","locations":[{"start":{"line":95,"column":61},"end":{"line":95,"column":63}}],"line":95}},"s":{"0":4,"1":4,"2":4,"3":4,"4":25,"5":4,"6":4,"7":54,"8":54,"9":30,"10":30,"11":30,"12":30,"13":30,"14":30,"15":0,"16":30,"17":30,"18":30,"19":30,"20":54,"21":30,"22":30,"23":30,"24":7,"25":7,"26":7,"27":4,"28":7,"29":4},"f":{"0":25,"1":4,"2":54,"3":30,"4":30,"5":30,"6":7,"7":7},"b":{"0":[23],"1":[0],"2":[30,0],"3":[11,19],"4":[30,0],"5":[0,30],"6":[0,30],"7":[0],"8":[0],"9":[30,30],"10":[0,30],"11":[0],"12":[2],"13":[0],"14":[0],"15":[7]},"_coverageSchema":"1a1c01bbd47fc00a2c39e90264f33305004495a9","hash":"a518997dd9968343a991287e171addaeb2704c59"}
,"/home/bruce/Desktop/module6/Delivaroo/frontend/src/api/auth.js": {"path":"/home/bruce/Desktop/module6/Delivaroo/frontend/src/api/auth.js","statementMap":{"0":{"start":{"line":16,"column":2},"end":{"line":16,"column":24}},"1":{"start":{"line":16,"column":12},"end":{"line":16,"column":24}},"2":{"start":{"line":17,"column":18},"end":{"line":17,"column":35}},"3":{"start":{"line":18,"column":2},"end":{"line":26,"column":4}},"4":{"start":{"line":35,"column":17},"end":{"line":35,"column":62}},"5":{"start":{"line":36,"column":18},"end":{"line":36,"column":65}},"6":{"start":{"line":37,"column":2},"end":{"line":37,"column":45}},"7":{"start":{"line":37,"column":14},"end":{"line":37,"column":45}},"8":{"start":{"line":38,"column":2},"end":{"line":38,"column":49}},"9":{"start":{"line":42,"column":15},"end":{"line":51,"column":3}},"10":{"start":{"line":52,"column":2},"end":{"line":52,"column":29}},"11":{"start":{"line":56,"column":15},"end":{"line":60,"column":3}},"12":{"start":{"line":61,"column":2},"end":{"line":61,"column":29}},"13":{"start":{"line":66,"column":15},"end":{"line":66,"column":36}},"14":{"start":{"line":67,"column":2},"end":{"line":67,"column":43}},"15":{"start":{"line":76,"column":2},"end":{"line":82,"column":3}},"16":{"start":{"line":77,"column":4},"end":{"line":77,"column":31}},"17":{"start":{"line":81,"column":4},"end":{"line":81,"column":18}},"18":{"start":{"line":83,"column":2},"end":{"line":83,"column":14}}},"fnMap":{"0":{"name":"normalizeUser","decl":{"start":{"line":15,"column":16},"end":{"line":15,"column":29}},"loc":{"start":{"line":15,"column":35},"end":{"line":27,"column":1}},"line":15},"1":{"name":"acceptSession","decl":{"start":{"line":34,"column":9},"end":{"line":34,"column":22}},"loc":{"start":{"line":34,"column":32},"end":{"line":39,"column":1}},"line":34},"2":{"name":"register","decl":{"start":{"line":41,"column":22},"end":{"line":41,"column":30}},"loc":{"start":{"line":41,"column":69},"end":{"line":53,"column":1}},"line":41},"3":{"name":"login","decl":{"start":{"line":55,"column":22},"end":{"line":55,"column":27}},"loc":{"start":{"line":55,"column":49},"end":{"line":62,"column":1}},"line":55},"4":{"name":"me","decl":{"start":{"line":65,"column":22},"end":{"line":65,"column":24}},"loc":{"start":{"line":65,"column":27},"end":{"line":68,"column":1}},"line":65},"5":{"name":"logout","decl":{"start":{"line":75,"column":22},"end":{"line":75,"column":28}},"loc":{"start":{"line":75,"column":31},"end":{"line":84,"column":1}},"line":75}},"branchMap":{"0":{"loc":{"start":{"line":16,"column":2},"end":{"line":16,"column":24}},"type":"if","locations":[{"start":{"line":16,"column":2},"end":{"line":16,"column":24}},{"start":{},"end":{}}],"line":16},"1":{"loc":{"start":{"line":17,"column":18},"end":{"line":17,"column":35}},"type":"binary-expr","locations":[{"start":{"line":17,"column":18},"end":{"line":17,"column":29}},{"start":{"line":17,"column":33},"end":{"line":17,"column":35}}],"line":17},"2":{"loc":{"start":{"line":21,"column":11},"end":{"line":21,"column":29}},"type":"binary-expr","locations":[{"start":{"line":21,"column":11},"end":{"line":21,"column":19}},{"start":{"line":21,"column":23},"end":{"line":21,"column":29}}],"line":21},"3":{"loc":{"start":{"line":22,"column":14},"end":{"line":22,"column":51}},"type":"binary-expr","locations":[{"start":{"line":22,"column":14},"end":{"line":22,"column":27}},{"start":{"line":22,"column":31},"end":{"line":22,"column":43}},{"start":{"line":22,"column":47},"end":{"line":22,"column":51}}],"line":22},"4":{"loc":{"start":{"line":23,"column":14},"end":{"line":23,"column":90}},"type":"binary-expr","locations":[{"start":{"line":23,"column":14},"end":{"line":23,"column":31}},{"start":{"line":23,"column":35},"end":{"line":23,"column":51}},{"start":{"line":23,"column":55},"end":{"line":23,"column":68}},{"start":{"line":23,"column":72},"end":{"line":23,"column":84}},{"start":{"line":23,"column":88},"end":{"line":23,"column":90}}],"line":23},"5":{"loc":{"start":{"line":24,"column":11},"end":{"line":24,"column":43}},"type":"binary-expr","locations":[{"start":{"line":24,"column":11},"end":{"line":24,"column":24}},{"start":{"line":24,"column":28},"end":{"line":24,"column":37}},{"start":{"line":24,"column":41},"end":{"line":24,"column":43}}],"line":24},"6":{"loc":{"start":{"line":25,"column":18},"end":{"line":25,"column":71}},"type":"binary-expr","locations":[{"start":{"line":25,"column":18},"end":{"line":25,"column":39}},{"start":{"line":25,"column":43},"end":{"line":25,"column":63}},{"start":{"line":25,"column":67},"end":{"line":25,"column":71}}],"line":25},"7":{"loc":{"start":{"line":35,"column":17},"end":{"line":35,"column":62}},"type":"binary-expr","locations":[{"start":{"line":35,"column":17},"end":{"line":35,"column":38}},{"start":{"line":35,"column":42},"end":{"line":35,"column":62}}],"line":35},"8":{"loc":{"start":{"line":36,"column":18},"end":{"line":36,"column":65}},"type":"binary-expr","locations":[{"start":{"line":36,"column":18},"end":{"line":36,"column":40}},{"start":{"line":36,"column":44},"end":{"line":36,"column":65}}],"line":36},"9":{"loc":{"start":{"line":37,"column":2},"end":{"line":37,"column":45}},"type":"if","locations":[{"start":{"line":37,"column":2},"end":{"line":37,"column":45}},{"start":{},"end":{}}],"line":37},"10":{"loc":{"start":{"line":38,"column":23},"end":{"line":38,"column":47}},"type":"binary-expr","locations":[{"start":{"line":38,"column":23},"end":{"line":38,"column":36}},{"start":{"line":38,"column":40},"end":{"line":38,"column":47}}],"line":38},"11":{"loc":{"start":{"line":48,"column":13},"end":{"line":48,"column":31}},"type":"binary-expr","locations":[{"start":{"line":48,"column":13},"end":{"line":48,"column":18}},{"start":{"line":48,"column":22},"end":{"line":48,"column":31}}],"line":48},"12":{"loc":{"start":{"line":67,"column":23},"end":{"line":67,"column":41}},"type":"binary-expr","locations":[{"start":{"line":67,"column":23},"end":{"line":67,"column":33}},{"start":{"line":67,"column":37},"end":{"line":67,"column":41}}],"line":67}},"s":{"0":16,"1":0,"2":16,"3":16,"4":7,"5":7,"6":7,"7":6,"8":7,"9":4,"10":3,"11":5,"12":4,"13":11,"14":9,"15":3,"16":3,"17":3,"18":3},"f":{"0":16,"1":7,"2":4,"3":5,"4":11,"5":3},"b":{"0":[0,16],"1":[16,3],"2":[16,1],"3":[16,16,16],"4":[16,3,3,3,3],"5":[16,3,3],"6":[16,16,16],"7":[7,1],"8":[7,1],"9":[6,1],"10":[7,0],"11":[4,3],"12":[9,0]},"_coverageSchema":"1a1c01bbd47fc00a2c39e90264f33305004495a9","hash":"05e72e5e5d90d2900dfb39e23dc2dcfb619de52a"}
,"/home/bruce/Desktop/module6/Delivaroo/frontend/src/api/client.js": {"path":"/home/bruce/Desktop/module6/Delivaroo/frontend/src/api/client.js","statementMap":{"0":{"start":{"line":17,"column":4},"end":{"line":17,"column":19}},"1":{"start":{"line":18,"column":4},"end":{"line":18,"column":27}},"2":{"start":{"line":19,"column":4},"end":{"line":19,"column":25}},"3":{"start":{"line":20,"column":4},"end":{"line":20,"column":21}},"4":{"start":{"line":26,"column":2},"end":{"line":26,"column":43}},"5":{"start":{"line":26,"column":31},"end":{"line":26,"column":43}},"6":{"start":{"line":27,"column":15},"end":{"line":27,"column":52}},"7":{"start":{"line":27,"column":49},"end":{"line":27,"column":51}},"8":{"start":{"line":28,"column":2},"end":{"line":28,"column":25}},"9":{"start":{"line":28,"column":13},"end":{"line":28,"column":25}},"10":{"start":{"line":29,"column":2},"end":{"line":33,"column":3}},"11":{"start":{"line":30,"column":4},"end":{"line":30,"column":28}},"12":{"start":{"line":32,"column":4},"end":{"line":32,"column":29}},"13":{"start":{"line":37,"column":2},"end":{"line":37,"column":41}},"14":{"start":{"line":37,"column":21},"end":{"line":37,"column":41}},"15":{"start":{"line":38,"column":2},"end":{"line":38,"column":88}},"16":{"start":{"line":38,"column":31},"end":{"line":38,"column":88}},"17":{"start":{"line":39,"column":2},"end":{"line":39,"column":75}},"18":{"start":{"line":39,"column":31},"end":{"line":39,"column":75}},"19":{"start":{"line":40,"column":2},"end":{"line":40,"column":51}},"20":{"start":{"line":40,"column":31},"end":{"line":40,"column":51}},"21":{"start":{"line":41,"column":2},"end":{"line":41,"column":87}},"22":{"start":{"line":41,"column":30},"end":{"line":41,"column":87}},"23":{"start":{"line":42,"column":2},"end":{"line":42,"column":48}},"24":{"start":{"line":46,"column":16},"end":{"line":46,"column":46}},"25":{"start":{"line":47,"column":2},"end":{"line":56,"column":5}},"26":{"start":{"line":64,"column":17},"end":{"line":64,"column":21}},"27":{"start":{"line":67,"column":18},"end":{"line":67,"column":35}},"28":{"start":{"line":68,"column":2},"end":{"line":68,"column":29}},"29":{"start":{"line":68,"column":16},"end":{"line":68,"column":29}},"30":{"start":{"line":70,"column":2},"end":{"line":91,"column":7}},"31":{"start":{"line":71,"column":4},"end":{"line":90,"column":5}},"32":{"start":{"line":72,"column":23},"end":{"line":75,"column":8}},"33":{"start":{"line":76,"column":6},"end":{"line":76,"column":37}},"34":{"start":{"line":76,"column":24},"end":{"line":76,"column":37}},"35":{"start":{"line":77,"column":19},"end":{"line":77,"column":43}},"36":{"start":{"line":78,"column":19},"end":{"line":78,"column":43}},"37":{"start":{"line":79,"column":21},"end":{"line":79,"column":58}},"38":{"start":{"line":80,"column":6},"end":{"line":80,"column":32}},"39":{"start":{"line":80,"column":19},"end":{"line":80,"column":32}},"40":{"start":{"line":81,"column":6},"end":{"line":81,"column":78}},"41":{"start":{"line":82,"column":6},"end":{"line":82,"column":18}},"42":{"start":{"line":84,"column":6},"end":{"line":84,"column":19}},"43":{"start":{"line":87,"column":6},"end":{"line":89,"column":9}},"44":{"start":{"line":88,"column":8},"end":{"line":88,"column":26}},"45":{"start":{"line":93,"column":2},"end":{"line":93,"column":20}},"46":{"start":{"line":102,"column":17},"end":{"line":102,"column":42}},"47":{"start":{"line":104,"column":2},"end":{"line":110,"column":3}},"48":{"start":{"line":105,"column":4},"end":{"line":109,"column":5}},"49":{"start":{"line":106,"column":6},"end":{"line":106,"column":43}},"50":{"start":{"line":108,"column":6},"end":{"line":108,"column":20}},"51":{"start":{"line":112,"column":15},"end":{"line":112,"column":39}},"52":{"start":{"line":113,"column":2},"end":{"line":116,"column":3}},"53":{"start":{"line":114,"column":4},"end":{"line":114,"column":47}},"54":{"start":{"line":114,"column":33},"end":{"line":114,"column":47}},"55":{"start":{"line":115,"column":4},"end":{"line":115,"column":92}},"56":{"start":{"line":119,"column":2},"end":{"line":119,"column":64}},"57":{"start":{"line":122,"column":19},"end":{"line":122,"column":78}},"58":{"start":{"line":122,"column":38},"end":{"line":122,"column":78}},"59":{"start":{"line":123,"column":20},"end":{"line":123,"column":92}},"60":{"start":{"line":123,"column":45},"end":{"line":123,"column":92}},"61":{"start":{"line":124,"column":21},"end":{"line":124,"column":94}},"62":{"start":{"line":124,"column":46},"end":{"line":124,"column":94}},"63":{"start":{"line":125,"column":19},"end":{"line":125,"column":81}},"64":{"start":{"line":125,"column":38},"end":{"line":125,"column":81}}},"fnMap":{"0":{"name":"(anonymous_0)","decl":{"start":{"line":16,"column":2},"end":{"line":16,"column":3}},"loc":{"start":{"line":16,"column":46},"end":{"line":21,"column":3}},"line":16},"1":{"name":"readBody","decl":{"start":{"line":25,"column":15},"end":{"line":25,"column":23}},"loc":{"start":{"line":25,"column":34},"end":{"line":34,"column":1}},"line":25},"2":{"name":"(anonymous_2)","decl":{"start":{"line":27,"column":43},"end":{"line":27,"column":44}},"loc":{"start":{"line":27,"column":49},"end":{"line":27,"column":51}},"line":27},"3":{"name":"messageFor","decl":{"start":{"line":36,"column":9},"end":{"line":36,"column":19}},"loc":{"start":{"line":36,"column":36},"end":{"line":43,"column":1}},"line":36},"4":{"name":"send","decl":{"start":{"line":45,"column":15},"end":{"line":45,"column":19}},"loc":{"start":{"line":45,"column":87},"end":{"line":57,"column":1}},"line":45},"5":{"name":"refreshAccessToken","decl":{"start":{"line":66,"column":15},"end":{"line":66,"column":33}},"loc":{"start":{"line":66,"column":36},"end":{"line":94,"column":1}},"line":66},"6":{"name":"(anonymous_6)","decl":{"start":{"line":70,"column":18},"end":{"line":70,"column":19}},"loc":{"start":{"line":70,"column":30},"end":{"line":91,"column":3}},"line":70},"7":{"name":"(anonymous_7)","decl":{"start":{"line":87,"column":21},"end":{"line":87,"column":22}},"loc":{"start":{"line":87,"column":27},"end":{"line":89,"column":7}},"line":87},"8":{"name":"api","decl":{"start":{"line":101,"column":22},"end":{"line":101,"column":25}},"loc":{"start":{"line":101,"column":46},"end":{"line":120,"column":1}},"line":101},"9":{"name":"(anonymous_9)","decl":{"start":{"line":122,"column":19},"end":{"line":122,"column":20}},"loc":{"start":{"line":122,"column":38},"end":{"line":122,"column":78}},"line":122},"10":{"name":"(anonymous_10)","decl":{"start":{"line":123,"column":20},"end":{"line":123,"column":21}},"loc":{"start":{"line":123,"column":45},"end":{"line":123,"column":92}},"line":123},"11":{"name":"(anonymous_11)","decl":{"start":{"line":124,"column":21},"end":{"line":124,"column":22}},"loc":{"start":{"line":124,"column":46},"end":{"line":124,"column":94}},"line":124},"12":{"name":"(anonymous_12)","decl":{"start":{"line":125,"column":19},"end":{"line":125,"column":20}},"loc":{"start":{"line":125,"column":38},"end":{"line":125,"column":81}},"line":125}},"branchMap":{"0":{"loc":{"start":{"line":16,"column":23},"end":{"line":16,"column":44}},"type":"default-arg","locations":[{"start":{"line":16,"column":42},"end":{"line":16,"column":44}}],"line":16},"1":{"loc":{"start":{"line":26,"column":2},"end":{"line":26,"column":43}},"type":"if","locations":[{"start":{"line":26,"column":2},"end":{"line":26,"column":43}},{"start":{},"end":{}}],"line":26},"2":{"loc":{"start":{"line":28,"column":2},"end":{"line":28,"column":25}},"type":"if","locations":[{"start":{"line":28,"column":2},"end":{"line":28,"column":25}},{"start":{},"end":{}}],"line":28},"3":{"loc":{"start":{"line":37,"column":2},"end":{"line":37,"column":41}},"type":"if","locations":[{"start":{"line":37,"column":2},"end":{"line":37,"column":41}},{"start":{},"end":{}}],"line":37},"4":{"loc":{"start":{"line":38,"column":2},"end":{"line":38,"column":88}},"type":"if","locations":[{"start":{"line":38,"column":2},"end":{"line":38,"column":88}},{"start":{},"end":{}}],"line":38},"5":{"loc":{"start":{"line":39,"column":2},"end":{"line":39,"column":75}},"type":"if","locations":[{"start":{"line":39,"column":2},"end":{"line":39,"column":75}},{"start":{},"end":{}}],"line":39},"6":{"loc":{"start":{"line":40,"column":2},"end":{"line":40,"column":51}},"type":"if","locations":[{"start":{"line":40,"column":2},"end":{"line":40,"column":51}},{"start":{},"end":{}}],"line":40},"7":{"loc":{"start":{"line":41,"column":2},"end":{"line":41,"column":87}},"type":"if","locations":[{"start":{"line":41,"column":2},"end":{"line":41,"column":87}},{"start":{},"end":{}}],"line":41},"8":{"loc":{"start":{"line":45,"column":26},"end":{"line":45,"column":85}},"type":"default-arg","locations":[{"start":{"line":45,"column":83},"end":{"line":45,"column":85}}],"line":45},"9":{"loc":{"start":{"line":45,"column":28},"end":{"line":45,"column":42}},"type":"default-arg","locations":[{"start":{"line":45,"column":37},"end":{"line":45,"column":42}}],"line":45},"10":{"loc":{"start":{"line":45,"column":59},"end":{"line":45,"column":70}},"type":"default-arg","locations":[{"start":{"line":45,"column":66},"end":{"line":45,"column":70}}],"line":45},"11":{"loc":{"start":{"line":46,"column":16},"end":{"line":46,"column":46}},"type":"cond-expr","locations":[{"start":{"line":46,"column":23},"end":{"line":46,"column":39}},{"start":{"line":46,"column":42},"end":{"line":46,"column":46}}],"line":46},"12":{"loc":{"start":{"line":52,"column":10},"end":{"line":52,"column":61}},"type":"cond-expr","locations":[{"start":{"line":52,"column":18},"end":{"line":52,"column":54}},{"start":{"line":52,"column":57},"end":{"line":52,"column":61}}],"line":52},"13":{"loc":{"start":{"line":55,"column":10},"end":{"line":55,"column":63}},"type":"cond-expr","locations":[{"start":{"line":55,"column":31},"end":{"line":55,"column":40}},{"start":{"line":55,"column":43},"end":{"line":55,"column":63}}],"line":55},"14":{"loc":{"start":{"line":68,"column":2},"end":{"line":68,"column":29}},"type":"if","locations":[{"start":{"line":68,"column":2},"end":{"line":68,"column":29}},{"start":{},"end":{}}],"line":68},"15":{"loc":{"start":{"line":76,"column":6},"end":{"line":76,"column":37}},"type":"if","locations":[{"start":{"line":76,"column":6},"end":{"line":76,"column":37}},{"start":{},"end":{}}],"line":76},"16":{"loc":{"start":{"line":78,"column":19},"end":{"line":78,"column":43}},"type":"binary-expr","locations":[{"start":{"line":78,"column":19},"end":{"line":78,"column":29}},{"start":{"line":78,"column":33},"end":{"line":78,"column":37}},{"start":{"line":78,"column":41},"end":{"line":78,"column":43}}],"line":78},"17":{"loc":{"start":{"line":79,"column":21},"end":{"line":79,"column":58}},"type":"binary-expr","locations":[{"start":{"line":79,"column":21},"end":{"line":79,"column":38}},{"start":{"line":79,"column":42},"end":{"line":79,"column":58}}],"line":79},"18":{"loc":{"start":{"line":80,"column":6},"end":{"line":80,"column":32}},"type":"if","locations":[{"start":{"line":80,"column":6},"end":{"line":80,"column":32}},{"start":{},"end":{}}],"line":80},"19":{"loc":{"start":{"line":81,"column":35},"end":{"line":81,"column":74}},"type":"binary-expr","locations":[{"start":{"line":81,"column":35},"end":{"line":81,"column":53}},{"start":{"line":81,"column":57},"end":{"line":81,"column":74}}],"line":81},"20":{"loc":{"start":{"line":101,"column":32},"end":{"line":101,"column":44}},"type":"default-arg","locations":[{"start":{"line":101,"column":42},"end":{"line":101,"column":44}}],"line":101},"21":{"loc":{"start":{"line":104,"column":2},"end":{"line":110,"column":3}},"type":"if","locations":[{"start":{"line":104,"column":2},"end":{"line":110,"column":3}},{"start":{},"end":{}}],"line":104},"22":{"loc":{"start":{"line":104,"column":6},"end":{"line":104,"column":75}},"type":"binary-expr","locations":[{"start":{"line":104,"column":6},"end":{"line":104,"column":29}},{"start":{"line":104,"column":33},"end":{"line":104,"column":55}},{"start":{"line":104,"column":59},"end":{"line":104,"column":75}}],"line":104},"23":{"loc":{"start":{"line":105,"column":4},"end":{"line":109,"column":5}},"type":"if","locations":[{"start":{"line":105,"column":4},"end":{"line":109,"column":5}},{"start":{"line":107,"column":11},"end":{"line":109,"column":5}}],"line":105},"24":{"loc":{"start":{"line":113,"column":2},"end":{"line":116,"column":3}},"type":"if","locations":[{"start":{"line":113,"column":2},"end":{"line":116,"column":3}},{"start":{},"end":{}}],"line":113},"25":{"loc":{"start":{"line":114,"column":4},"end":{"line":114,"column":47}},"type":"if","locations":[{"start":{"line":114,"column":4},"end":{"line":114,"column":47}},{"start":{},"end":{}}],"line":114},"26":{"loc":{"start":{"line":119,"column":9},"end":{"line":119,"column":63}},"type":"cond-expr","locations":[{"start":{"line":119,"column":47},"end":{"line":119,"column":56}},{"start":{"line":119,"column":59},"end":{"line":119,"column":63}}],"line":119},"27":{"loc":{"start":{"line":119,"column":9},"end":{"line":119,"column":44}},"type":"binary-expr","locations":[{"start":{"line":119,"column":9},"end":{"line":119,"column":13}},{"start":{"line":119,"column":17},"end":{"line":119,"column":44}}],"line":119}},"s":{"0":11,"1":11,"2":11,"3":11,"4":43,"5":1,"6":42,"7":0,"8":42,"9":0,"10":42,"11":42,"12":1,"13":10,"14":10,"15":0,"16":0,"17":0,"18":0,"19":0,"20":0,"21":0,"22":0,"23":0,"24":44,"25":44,"26":6,"27":4,"28":4,"29":2,"30":2,"31":2,"32":2,"33":2,"34":1,"35":1,"36":1,"37":1,"38":1,"39":0,"40":1,"41":1,"42":0,"43":2,"44":2,"45":2,"46":43,"47":42,"48":4,"49":1,"50":3,"51":42,"52":42,"53":10,"54":4,"55":10,"56":32,"57":6,"58":17,"59":6,"60":12,"61":6,"62":2,"63":6,"64":0},"f":{"0":11,"1":43,"2":0,"3":10,"4":44,"5":4,"6":2,"7":2,"8":43,"9":17,"10":12,"11":2,"12":0},"b":{"0":[0],"1":[1,42],"2":[0,42],"3":[10,0],"4":[0,0],"5":[0,0],"6":[0,0],"7":[0,0],"8":[0],"9":[10],"10":[34],"11":[34,10],"12":[27,17],"13":[31,13],"14":[2,2],"15":[1,1],"16":[1,0,0],"17":[1,0],"18":[0,1],"19":[1,1],"20":[9],"21":[4,38],"22":[42,5,4],"23":[1,3],"24":[10,32],"25":[4,6],"26":[30,2],"27":[32,31]},"_coverageSchema":"1a1c01bbd47fc00a2c39e90264f33305004495a9","hash":"6e11dc85b3d5192d8bfb11bb866d7b2b84b171db"}
,"/home/bruce/Desktop/module6/Delivaroo/frontend/src/api/geo.js": {"path":"/home/bruce/Desktop/module6/Delivaroo/frontend/src/api/geo.js","statementMap":{"0":{"start":{"line":14,"column":27},"end":{"line":14,"column":45}},"1":{"start":{"line":17,"column":14},"end":{"line":17,"column":80}},"2":{"start":{"line":17,"column":50},"end":{"line":17,"column":79}},"3":{"start":{"line":21,"column":12},"end":{"line":21,"column":16}},"4":{"start":{"line":22,"column":14},"end":{"line":22,"column":44}},"5":{"start":{"line":22,"column":23},"end":{"line":22,"column":44}},"6":{"start":{"line":23,"column":15},"end":{"line":23,"column":33}},"7":{"start":{"line":24,"column":15},"end":{"line":24,"column":33}},"8":{"start":{"line":26,"column":4},"end":{"line":27,"column":73}},"9":{"start":{"line":28,"column":2},"end":{"line":28,"column":41}},"10":{"start":{"line":31,"column":19},"end":{"line":31,"column":71}},"11":{"start":{"line":31,"column":33},"end":{"line":31,"column":71}},"12":{"start":{"line":40,"column":12},"end":{"line":40,"column":32}},"13":{"start":{"line":41,"column":2},"end":{"line":41,"column":30}},"14":{"start":{"line":41,"column":20},"end":{"line":41,"column":30}},"15":{"start":{"line":44,"column":2},"end":{"line":48,"column":3}},"16":{"start":{"line":45,"column":4},"end":{"line":45,"column":34}},"17":{"start":{"line":47,"column":4},"end":{"line":47,"column":14}},"18":{"start":{"line":49,"column":2},"end":{"line":49,"column":71}},"19":{"start":{"line":49,"column":23},"end":{"line":49,"column":71}},"20":{"start":{"line":51,"column":18},"end":{"line":51,"column":55}},"21":{"start":{"line":52,"column":22},"end":{"line":62,"column":4}},"22":{"start":{"line":53,"column":4},"end":{"line":61,"column":6}},"23":{"start":{"line":60,"column":27},"end":{"line":60,"column":102}},"24":{"start":{"line":64,"column":2},"end":{"line":64,"column":71}},"25":{"start":{"line":64,"column":23},"end":{"line":64,"column":71}},"26":{"start":{"line":66,"column":2},"end":{"line":76,"column":4}},"27":{"start":{"line":67,"column":4},"end":{"line":75,"column":6}},"28":{"start":{"line":84,"column":2},"end":{"line":84,"column":83}},"29":{"start":{"line":84,"column":67},"end":{"line":84,"column":83}},"30":{"start":{"line":86,"column":15},"end":{"line":86,"column":37}},"31":{"start":{"line":87,"column":19},"end":{"line":87,"column":38}},"32":{"start":{"line":88,"column":22},"end":{"line":88,"column":70}},"33":{"start":{"line":89,"column":14},"end":{"line":89,"column":26}},"34":{"start":{"line":90,"column":2},"end":{"line":90,"column":28}},"35":{"start":{"line":90,"column":12},"end":{"line":90,"column":28}},"36":{"start":{"line":92,"column":14},"end":{"line":92,"column":35}},"37":{"start":{"line":93,"column":14},"end":{"line":93,"column":65}},"38":{"start":{"line":94,"column":14},"end":{"line":94,"column":65}},"39":{"start":{"line":95,"column":2},"end":{"line":95,"column":90}},"40":{"start":{"line":100,"column":19},"end":{"line":106,"column":4}},"41":{"start":{"line":108,"column":2},"end":{"line":123,"column":3}},"42":{"start":{"line":109,"column":17},"end":{"line":109,"column":39}},"43":{"start":{"line":110,"column":21},"end":{"line":110,"column":40}},"44":{"start":{"line":111,"column":24},"end":{"line":111,"column":74}},"45":{"start":{"line":112,"column":16},"end":{"line":112,"column":28}},"46":{"start":{"line":113,"column":4},"end":{"line":113,"column":30}},"47":{"start":{"line":113,"column":14},"end":{"line":113,"column":30}},"48":{"start":{"line":114,"column":4},"end":{"line":120,"column":7}},"49":{"start":{"line":122,"column":4},"end":{"line":122,"column":20}},"50":{"start":{"line":128,"column":2},"end":{"line":138,"column":5}},"51":{"start":{"line":129,"column":4},"end":{"line":132,"column":5}},"52":{"start":{"line":130,"column":6},"end":{"line":130,"column":68}},"53":{"start":{"line":131,"column":6},"end":{"line":131,"column":13}},"54":{"start":{"line":133,"column":4},"end":{"line":137,"column":6}},"55":{"start":{"line":134,"column":15},"end":{"line":134,"column":79}},"56":{"start":{"line":135,"column":12},"end":{"line":135,"column":91}},"57":{"start":{"line":151,"column":2},"end":{"line":183,"column":3}},"58":{"start":{"line":152,"column":17},"end":{"line":152,"column":39}},"59":{"start":{"line":153,"column":20},"end":{"line":153,"column":48}},"60":{"start":{"line":154,"column":19},"end":{"line":158,"column":6}},"61":{"start":{"line":160,"column":16},"end":{"line":160,"column":45}},"62":{"start":{"line":161,"column":4},"end":{"line":161,"column":42}},"63":{"start":{"line":161,"column":14},"end":{"line":161,"column":42}},"64":{"start":{"line":163,"column":17},"end":{"line":163,"column":53}},"65":{"start":{"line":164,"column":4},"end":{"line":172,"column":6}},"66":{"start":{"line":167,"column":36},"end":{"line":170,"column":7}},"67":{"start":{"line":176,"column":23},"end":{"line":176,"column":51}},"68":{"start":{"line":177,"column":4},"end":{"line":182,"column":6}}},"fnMap":{"0":{"name":"(anonymous_0)","decl":{"start":{"line":17,"column":14},"end":{"line":17,"column":15}},"loc":{"start":{"line":17,"column":50},"end":{"line":17,"column":79}},"line":17},"1":{"name":"haversineKm","decl":{"start":{"line":20,"column":16},"end":{"line":20,"column":27}},"loc":{"start":{"line":20,"column":34},"end":{"line":29,"column":1}},"line":20},"2":{"name":"(anonymous_2)","decl":{"start":{"line":22,"column":14},"end":{"line":22,"column":15}},"loc":{"start":{"line":22,"column":23},"end":{"line":22,"column":44}},"line":22},"3":{"name":"(anonymous_3)","decl":{"start":{"line":31,"column":19},"end":{"line":31,"column":20}},"loc":{"start":{"line":31,"column":33},"end":{"line":31,"column":71}},"line":31},"4":{"name":"searchPlaces","decl":{"start":{"line":39,"column":22},"end":{"line":39,"column":34}},"loc":{"start":{"line":39,"column":70},"end":{"line":77,"column":1}},"line":39},"5":{"name":"(anonymous_5)","decl":{"start":{"line":52,"column":40},"end":{"line":52,"column":41}},"loc":{"start":{"line":52,"column":53},"end":{"line":62,"column":3}},"line":52},"6":{"name":"(anonymous_6)","decl":{"start":{"line":60,"column":6},"end":{"line":60,"column":7}},"loc":{"start":{"line":60,"column":27},"end":{"line":60,"column":102}},"line":60},"7":{"name":"(anonymous_7)","decl":{"start":{"line":66,"column":41},"end":{"line":66,"column":42}},"loc":{"start":{"line":67,"column":4},"end":{"line":75,"column":6}},"line":67},"8":{"name":"resolvePlace","decl":{"start":{"line":83,"column":22},"end":{"line":83,"column":34}},"loc":{"start":{"line":83,"column":45},"end":{"line":96,"column":1}},"line":83},"9":{"name":"reverseGeocode","decl":{"start":{"line":99,"column":22},"end":{"line":99,"column":36}},"loc":{"start":{"line":99,"column":51},"end":{"line":124,"column":1}},"line":99},"10":{"name":"currentPosition","decl":{"start":{"line":127,"column":16},"end":{"line":127,"column":31}},"loc":{"start":{"line":127,"column":34},"end":{"line":139,"column":1}},"line":127},"11":{"name":"(anonymous_11)","decl":{"start":{"line":128,"column":21},"end":{"line":128,"column":22}},"loc":{"start":{"line":128,"column":42},"end":{"line":138,"column":3}},"line":128},"12":{"name":"(anonymous_12)","decl":{"start":{"line":134,"column":6},"end":{"line":134,"column":7}},"loc":{"start":{"line":134,"column":15},"end":{"line":134,"column":79}},"line":134},"13":{"name":"(anonymous_13)","decl":{"start":{"line":135,"column":6},"end":{"line":135,"column":7}},"loc":{"start":{"line":135,"column":12},"end":{"line":135,"column":91}},"line":135},"14":{"name":"routeBetween","decl":{"start":{"line":150,"column":22},"end":{"line":150,"column":34}},"loc":{"start":{"line":150,"column":45},"end":{"line":184,"column":1}},"line":150},"15":{"name":"(anonymous_15)","decl":{"start":{"line":167,"column":28},"end":{"line":167,"column":29}},"loc":{"start":{"line":167,"column":36},"end":{"line":170,"column":7}},"line":167}},"branchMap":{"0":{"loc":{"start":{"line":39,"column":42},"end":{"line":39,"column":68}},"type":"default-arg","locations":[{"start":{"line":39,"column":66},"end":{"line":39,"column":68}}],"line":39},"1":{"loc":{"start":{"line":39,"column":52},"end":{"line":39,"column":61}},"type":"default-arg","locations":[{"start":{"line":39,"column":60},"end":{"line":39,"column":61}}],"line":39},"2":{"loc":{"start":{"line":40,"column":13},"end":{"line":40,"column":24}},"type":"binary-expr","locations":[{"start":{"line":40,"column":13},"end":{"line":40,"column":18}},{"start":{"line":40,"column":22},"end":{"line":40,"column":24}}],"line":40},"3":{"loc":{"start":{"line":41,"column":2},"end":{"line":41,"column":30}},"type":"if","locations":[{"start":{"line":41,"column":2},"end":{"line":41,"column":30}},{"start":{},"end":{}}],"line":41},"4":{"loc":{"start":{"line":49,"column":2},"end":{"line":49,"column":71}},"type":"if","locations":[{"start":{"line":49,"column":2},"end":{"line":49,"column":71}},{"start":{},"end":{}}],"line":49},"5":{"loc":{"start":{"line":60,"column":35},"end":{"line":60,"column":101}},"type":"cond-expr","locations":[{"start":{"line":60,"column":83},"end":{"line":60,"column":96}},{"start":{"line":60,"column":99},"end":{"line":60,"column":101}}],"line":60},"6":{"loc":{"start":{"line":60,"column":83},"end":{"line":60,"column":96}},"type":"binary-expr","locations":[{"start":{"line":60,"column":83},"end":{"line":60,"column":90}},{"start":{"line":60,"column":94},"end":{"line":60,"column":96}}],"line":60},"7":{"loc":{"start":{"line":64,"column":2},"end":{"line":64,"column":71}},"type":"if","locations":[{"start":{"line":64,"column":2},"end":{"line":64,"column":71}},{"start":{},"end":{}}],"line":64},"8":{"loc":{"start":{"line":70,"column":12},"end":{"line":70,"column":63}},"type":"binary-expr","locations":[{"start":{"line":70,"column":12},"end":{"line":70,"column":46}},{"start":{"line":70,"column":50},"end":{"line":70,"column":63}}],"line":70},"9":{"loc":{"start":{"line":84,"column":2},"end":{"line":84,"column":83}},"type":"if","locations":[{"start":{"line":84,"column":2},"end":{"line":84,"column":83}},{"start":{},"end":{}}],"line":84},"10":{"loc":{"start":{"line":84,"column":6},"end":{"line":84,"column":65}},"type":"binary-expr","locations":[{"start":{"line":84,"column":6},"end":{"line":84,"column":15}},{"start":{"line":84,"column":20},"end":{"line":84,"column":40}},{"start":{"line":84,"column":44},"end":{"line":84,"column":64}}],"line":84},"11":{"loc":{"start":{"line":90,"column":2},"end":{"line":90,"column":28}},"type":"if","locations":[{"start":{"line":90,"column":2},"end":{"line":90,"column":28}},{"start":{},"end":{}}],"line":90},"12":{"loc":{"start":{"line":93,"column":14},"end":{"line":93,"column":65}},"type":"cond-expr","locations":[{"start":{"line":93,"column":46},"end":{"line":93,"column":55}},{"start":{"line":93,"column":58},"end":{"line":93,"column":65}}],"line":93},"13":{"loc":{"start":{"line":94,"column":14},"end":{"line":94,"column":65}},"type":"cond-expr","locations":[{"start":{"line":94,"column":46},"end":{"line":94,"column":55}},{"start":{"line":94,"column":58},"end":{"line":94,"column":65}}],"line":94},"14":{"loc":{"start":{"line":95,"column":37},"end":{"line":95,"column":76}},"type":"binary-expr","locations":[{"start":{"line":95,"column":37},"end":{"line":95,"column":58}},{"start":{"line":95,"column":62},"end":{"line":95,"column":76}}],"line":95},"15":{"loc":{"start":{"line":113,"column":4},"end":{"line":113,"column":30}},"type":"if","locations":[{"start":{"line":113,"column":4},"end":{"line":113,"column":30}},{"start":{},"end":{}}],"line":113},"16":{"loc":{"start":{"line":115,"column":10},"end":{"line":115,"column":37}},"type":"binary-expr","locations":[{"start":{"line":115,"column":10},"end":{"line":115,"column":22}},{"start":{"line":115,"column":26},"end":{"line":115,"column":37}}],"line":115},"17":{"loc":{"start":{"line":117,"column":12},"end":{"line":117,"column":75}},"type":"binary-expr","locations":[{"start":{"line":117,"column":12},"end":{"line":117,"column":50}},{"start":{"line":117,"column":54},"end":{"line":117,"column":75}}],"line":117},"18":{"loc":{"start":{"line":129,"column":4},"end":{"line":132,"column":5}},"type":"if","locations":[{"start":{"line":129,"column":4},"end":{"line":132,"column":5}},{"start":{},"end":{}}],"line":129},"19":{"loc":{"start":{"line":161,"column":4},"end":{"line":161,"column":42}},"type":"if","locations":[{"start":{"line":161,"column":4},"end":{"line":161,"column":42}},{"start":{},"end":{}}],"line":161},"20":{"loc":{"start":{"line":163,"column":17},"end":{"line":163,"column":53}},"type":"binary-expr","locations":[{"start":{"line":163,"column":17},"end":{"line":163,"column":47}},{"start":{"line":163,"column":51},"end":{"line":163,"column":53}}],"line":163},"21":{"loc":{"start":{"line":168,"column":13},"end":{"line":168,"column":58}},"type":"cond-expr","locations":[{"start":{"line":168,"column":43},"end":{"line":168,"column":50}},{"start":{"line":168,"column":53},"end":{"line":168,"column":58}}],"line":168},"22":{"loc":{"start":{"line":169,"column":13},"end":{"line":169,"column":58}},"type":"cond-expr","locations":[{"start":{"line":169,"column":43},"end":{"line":169,"column":50}},{"start":{"line":169,"column":53},"end":{"line":169,"column":58}}],"line":169}},"s":{"0":6,"1":6,"2":4,"3":5,"4":5,"5":20,"6":5,"7":5,"8":5,"9":5,"10":6,"11":2,"12":3,"13":3,"14":1,"15":2,"16":2,"17":1,"18":1,"19":0,"20":1,"21":1,"22":1,"23":1,"24":1,"25":0,"26":1,"27":1,"28":0,"29":0,"30":0,"31":0,"32":0,"33":0,"34":0,"35":0,"36":0,"37":0,"38":0,"39":0,"40":2,"41":2,"42":2,"43":2,"44":2,"45":2,"46":2,"47":1,"48":1,"49":0,"50":0,"51":0,"52":0,"53":0,"54":0,"55":0,"56":0,"57":2,"58":2,"59":2,"60":2,"61":1,"62":1,"63":0,"64":1,"65":1,"66":2,"67":1,"68":1},"f":{"0":4,"1":5,"2":20,"3":2,"4":3,"5":1,"6":1,"7":1,"8":0,"9":2,"10":0,"11":0,"12":0,"13":0,"14":2,"15":2},"b":{"0":[3],"1":[3],"2":[3,0],"3":[1,2],"4":[0,1],"5":[1,0],"6":[1,0],"7":[0,1],"8":[1,0],"9":[0,0],"10":[0,0,0],"11":[0,0],"12":[0,0],"13":[0,0],"14":[0,0],"15":[1,1],"16":[1,0],"17":[1,0],"18":[0,0],"19":[0,1],"20":[1,0],"21":[0,2],"22":[0,2]},"_coverageSchema":"1a1c01bbd47fc00a2c39e90264f33305004495a9","hash":"f8655772c6bb53555a8c5a9a99a1116dd0d5db91"}
,"/home/bruce/Desktop/module6/Delivaroo/frontend/src/api/index.js": {"path":"/home/bruce/Desktop/module6/Delivaroo/frontend/src/api/index.js","statementMap":{},"fnMap":{},"branchMap":{},"s":{},"f":{},"b":{},"_coverageSchema":"1a1c01bbd47fc00a2c39e90264f33305004495a9","hash":"3b12ec34ec3dbfba70ea05725954dbc387858973"}
,"/home/bruce/Desktop/module6/Delivaroo/frontend/src/api/parcels.js": {"path":"/home/bruce/Desktop/module6/Delivaroo/frontend/src/api/parcels.js","statementMap":{"0":{"start":{"line":11,"column":2},"end":{"line":11,"column":24}},"1":{"start":{"line":11,"column":12},"end":{"line":11,"column":24}},"2":{"start":{"line":12,"column":16},"end":{"line":13,"column":78}},"3":{"start":{"line":13,"column":4},"end":{"line":13,"column":78}},"4":{"start":{"line":15,"column":2},"end":{"line":39,"column":4}},"5":{"start":{"line":42,"column":13},"end":{"line":42,"column":94}},"6":{"start":{"line":42,"column":23},"end":{"line":42,"column":94}},"7":{"start":{"line":44,"column":27},"end":{"line":44,"column":66}},"8":{"start":{"line":44,"column":39},"end":{"line":44,"column":66}},"9":{"start":{"line":45,"column":25},"end":{"line":45,"column":83}},"10":{"start":{"line":45,"column":39},"end":{"line":45,"column":83}},"11":{"start":{"line":46,"column":27},"end":{"line":47,"column":84}},"12":{"start":{"line":47,"column":2},"end":{"line":47,"column":84}},"13":{"start":{"line":49,"column":28},"end":{"line":49,"column":91}},"14":{"start":{"line":49,"column":45},"end":{"line":49,"column":91}},"15":{"start":{"line":50,"column":33},"end":{"line":51,"column":73}},"16":{"start":{"line":51,"column":2},"end":{"line":51,"column":73}},"17":{"start":{"line":52,"column":28},"end":{"line":52,"column":95}},"18":{"start":{"line":52,"column":42},"end":{"line":52,"column":95}},"19":{"start":{"line":54,"column":32},"end":{"line":54,"column":69}},"20":{"start":{"line":54,"column":40},"end":{"line":54,"column":69}},"21":{"start":{"line":57,"column":30},"end":{"line":62,"column":1}},"22":{"start":{"line":58,"column":16},"end":{"line":60,"column":14}},"23":{"start":{"line":59,"column":49},"end":{"line":59,"column":78}},"24":{"start":{"line":61,"column":2},"end":{"line":61,"column":70}},"25":{"start":{"line":63,"column":34},"end":{"line":64,"column":73}},"26":{"start":{"line":64,"column":2},"end":{"line":64,"column":73}},"27":{"start":{"line":65,"column":37},"end":{"line":66,"column":98}},"28":{"start":{"line":66,"column":2},"end":{"line":66,"column":98}}},"fnMap":{"0":{"name":"normalizeParcel","decl":{"start":{"line":10,"column":16},"end":{"line":10,"column":31}},"loc":{"start":{"line":10,"column":37},"end":{"line":40,"column":1}},"line":10},"1":{"name":"(anonymous_1)","decl":{"start":{"line":12,"column":16},"end":{"line":12,"column":17}},"loc":{"start":{"line":13,"column":4},"end":{"line":13,"column":78}},"line":13},"2":{"name":"(anonymous_2)","decl":{"start":{"line":42,"column":13},"end":{"line":42,"column":14}},"loc":{"start":{"line":42,"column":23},"end":{"line":42,"column":94}},"line":42},"3":{"name":"(anonymous_3)","decl":{"start":{"line":44,"column":27},"end":{"line":44,"column":28}},"loc":{"start":{"line":44,"column":39},"end":{"line":44,"column":66}},"line":44},"4":{"name":"(anonymous_4)","decl":{"start":{"line":45,"column":25},"end":{"line":45,"column":26}},"loc":{"start":{"line":45,"column":39},"end":{"line":45,"column":83}},"line":45},"5":{"name":"(anonymous_5)","decl":{"start":{"line":46,"column":27},"end":{"line":46,"column":28}},"loc":{"start":{"line":47,"column":2},"end":{"line":47,"column":84}},"line":47},"6":{"name":"(anonymous_6)","decl":{"start":{"line":49,"column":28},"end":{"line":49,"column":29}},"loc":{"start":{"line":49,"column":45},"end":{"line":49,"column":91}},"line":49},"7":{"name":"(anonymous_7)","decl":{"start":{"line":50,"column":33},"end":{"line":50,"column":34}},"loc":{"start":{"line":51,"column":2},"end":{"line":51,"column":73}},"line":51},"8":{"name":"(anonymous_8)","decl":{"start":{"line":52,"column":28},"end":{"line":52,"column":29}},"loc":{"start":{"line":52,"column":42},"end":{"line":52,"column":95}},"line":52},"9":{"name":"(anonymous_9)","decl":{"start":{"line":54,"column":32},"end":{"line":54,"column":33}},"loc":{"start":{"line":54,"column":40},"end":{"line":54,"column":69}},"line":54},"10":{"name":"(anonymous_10)","decl":{"start":{"line":57,"column":30},"end":{"line":57,"column":31}},"loc":{"start":{"line":57,"column":53},"end":{"line":62,"column":1}},"line":57},"11":{"name":"(anonymous_11)","decl":{"start":{"line":59,"column":34},"end":{"line":59,"column":35}},"loc":{"start":{"line":59,"column":49},"end":{"line":59,"column":78}},"line":59},"12":{"name":"(anonymous_12)","decl":{"start":{"line":63,"column":34},"end":{"line":63,"column":35}},"loc":{"start":{"line":64,"column":2},"end":{"line":64,"column":73}},"line":64},"13":{"name":"(anonymous_13)","decl":{"start":{"line":65,"column":37},"end":{"line":65,"column":38}},"loc":{"start":{"line":66,"column":2},"end":{"line":66,"column":98}},"line":66}},"branchMap":{"0":{"loc":{"start":{"line":11,"column":2},"end":{"line":11,"column":24}},"type":"if","locations":[{"start":{"line":11,"column":2},"end":{"line":11,"column":24}},{"start":{},"end":{}}],"line":11},"1":{"loc":{"start":{"line":13,"column":4},"end":{"line":13,"column":78}},"type":"cond-expr","locations":[{"start":{"line":13,"column":33},"end":{"line":13,"column":37}},{"start":{"line":13,"column":40},"end":{"line":13,"column":78}}],"line":13},"2":{"loc":{"start":{"line":13,"column":4},"end":{"line":13,"column":30}},"type":"binary-expr","locations":[{"start":{"line":13,"column":4},"end":{"line":13,"column":15}},{"start":{"line":13,"column":19},"end":{"line":13,"column":30}}],"line":13},"3":{"loc":{"start":{"line":17,"column":20},"end":{"line":17,"column":61}},"type":"binary-expr","locations":[{"start":{"line":17,"column":20},"end":{"line":17,"column":39}},{"start":{"line":17,"column":43},"end":{"line":17,"column":61}}],"line":17},"4":{"loc":{"start":{"line":19,"column":11},"end":{"line":19,"column":55}},"type":"cond-expr","locations":[{"start":{"line":19,"column":31},"end":{"line":19,"column":35}},{"start":{"line":19,"column":38},"end":{"line":19,"column":55}}],"line":19},"5":{"loc":{"start":{"line":20,"column":14},"end":{"line":20,"column":64}},"type":"cond-expr","locations":[{"start":{"line":20,"column":37},"end":{"line":20,"column":41}},{"start":{"line":20,"column":44},"end":{"line":20,"column":64}}],"line":20},"6":{"loc":{"start":{"line":21,"column":14},"end":{"line":21,"column":64}},"type":"cond-expr","locations":[{"start":{"line":21,"column":37},"end":{"line":21,"column":41}},{"start":{"line":21,"column":44},"end":{"line":21,"column":64}}],"line":21},"7":{"loc":{"start":{"line":23,"column":15},"end":{"line":23,"column":60}},"type":"binary-expr","locations":[{"start":{"line":23,"column":15},"end":{"line":23,"column":33}},{"start":{"line":23,"column":37},"end":{"line":23,"column":54}},{"start":{"line":23,"column":58},"end":{"line":23,"column":60}}],"line":23},"8":{"loc":{"start":{"line":24,"column":15},"end":{"line":24,"column":56}},"type":"binary-expr","locations":[{"start":{"line":24,"column":15},"end":{"line":24,"column":34}},{"start":{"line":24,"column":38},"end":{"line":24,"column":56}}],"line":24},"9":{"loc":{"start":{"line":24,"column":58},"end":{"line":24,"column":101}},"type":"binary-expr","locations":[{"start":{"line":24,"column":58},"end":{"line":24,"column":78}},{"start":{"line":24,"column":82},"end":{"line":24,"column":101}}],"line":24},"10":{"loc":{"start":{"line":27,"column":15},"end":{"line":27,"column":70}},"type":"binary-expr","locations":[{"start":{"line":27,"column":15},"end":{"line":27,"column":38}},{"start":{"line":27,"column":42},"end":{"line":27,"column":64}},{"start":{"line":27,"column":68},"end":{"line":27,"column":70}}],"line":27},"11":{"loc":{"start":{"line":29,"column":8},"end":{"line":29,"column":59}},"type":"binary-expr","locations":[{"start":{"line":29,"column":8},"end":{"line":29,"column":32}},{"start":{"line":29,"column":36},"end":{"line":29,"column":59}}],"line":29},"12":{"loc":{"start":{"line":30,"column":8},"end":{"line":30,"column":61}},"type":"binary-expr","locations":[{"start":{"line":30,"column":8},"end":{"line":30,"column":33}},{"start":{"line":30,"column":37},"end":{"line":30,"column":61}}],"line":30},"13":{"loc":{"start":{"line":34,"column":6},"end":{"line":34,"column":49}},"type":"binary-expr","locations":[{"start":{"line":34,"column":6},"end":{"line":34,"column":26}},{"start":{"line":34,"column":30},"end":{"line":34,"column":49}}],"line":34},"14":{"loc":{"start":{"line":35,"column":6},"end":{"line":35,"column":51}},"type":"binary-expr","locations":[{"start":{"line":35,"column":6},"end":{"line":35,"column":27}},{"start":{"line":35,"column":31},"end":{"line":35,"column":51}}],"line":35},"15":{"loc":{"start":{"line":37,"column":15},"end":{"line":37,"column":46}},"type":"binary-expr","locations":[{"start":{"line":37,"column":15},"end":{"line":37,"column":29}},{"start":{"line":37,"column":33},"end":{"line":37,"column":46}}],"line":37},"16":{"loc":{"start":{"line":38,"column":15},"end":{"line":38,"column":46}},"type":"binary-expr","locations":[{"start":{"line":38,"column":15},"end":{"line":38,"column":29}},{"start":{"line":38,"column":33},"end":{"line":38,"column":46}}],"line":38},"17":{"loc":{"start":{"line":42,"column":24},"end":{"line":42,"column":72}},"type":"cond-expr","locations":[{"start":{"line":42,"column":46},"end":{"line":42,"column":50}},{"start":{"line":42,"column":54},"end":{"line":42,"column":71}}],"line":42},"18":{"loc":{"start":{"line":42,"column":54},"end":{"line":42,"column":71}},"type":"binary-expr","locations":[{"start":{"line":42,"column":54},"end":{"line":42,"column":65}},{"start":{"line":42,"column":69},"end":{"line":42,"column":71}}],"line":42},"19":{"loc":{"start":{"line":57,"column":37},"end":{"line":57,"column":48}},"type":"default-arg","locations":[{"start":{"line":57,"column":46},"end":{"line":57,"column":48}}],"line":57},"20":{"loc":{"start":{"line":59,"column":49},"end":{"line":59,"column":78}},"type":"binary-expr","locations":[{"start":{"line":59,"column":49},"end":{"line":59,"column":62}},{"start":{"line":59,"column":66},"end":{"line":59,"column":78}}],"line":59},"21":{"loc":{"start":{"line":61,"column":41},"end":{"line":61,"column":65}},"type":"cond-expr","locations":[{"start":{"line":61,"column":49},"end":{"line":61,"column":60}},{"start":{"line":61,"column":63},"end":{"line":61,"column":65}}],"line":61}},"s":{"0":7,"1":0,"2":7,"3":21,"4":7,"5":5,"6":3,"7":5,"8":2,"9":5,"10":3,"11":5,"12":0,"13":5,"14":0,"15":5,"16":0,"17":5,"18":0,"19":5,"20":0,"21":5,"22":1,"23":3,"24":1,"25":5,"26":1,"27":5,"28":1},"f":{"0":7,"1":21,"2":3,"3":2,"4":3,"5":0,"6":0,"7":0,"8":0,"9":0,"10":1,"11":3,"12":1,"13":1},"b":{"0":[0,7],"1":[1,20],"2":[21,20],"3":[7,0],"4":[0,7],"5":[0,7],"6":[0,7],"7":[7,0,0],"8":[7,0],"9":[7,0],"10":[7,0,0],"11":[7,0],"12":[7,0],"13":[7,1],"14":[7,1],"15":[7,0],"16":[7,7],"17":[2,1],"18":[1,0],"19":[0],"20":[3,3],"21":[1,0]},"_coverageSchema":"1a1c01bbd47fc00a2c39e90264f33305004495a9","hash":"61740af3f6a897323c9ee47e57b2684ab6d9c8fd"}
,"/home/bruce/Desktop/module6/Delivaroo/frontend/src/components/Nav.jsx": {"path":"/home/bruce/Desktop/module6/Delivaroo/frontend/src/components/Nav.jsx","statementMap":{"0":{"start":{"line":7,"column":18},"end":{"line":12,"column":2}},"1":{"start":{"line":7,"column":37},"end":{"line":12,"column":1}},"2":{"start":{"line":15,"column":19},"end":{"line":15,"column":32}},"3":{"start":{"line":16,"column":19},"end":{"line":16,"column":32}},"4":{"start":{"line":17,"column":15},"end":{"line":17,"column":38}},"5":{"start":{"line":18,"column":16},"end":{"line":18,"column":42}},"6":{"start":{"line":20,"column":18},"end":{"line":24,"column":3}},"7":{"start":{"line":21,"column":4},"end":{"line":21,"column":29}},"8":{"start":{"line":22,"column":4},"end":{"line":22,"column":83}},"9":{"start":{"line":23,"column":4},"end":{"line":23,"column":37}},"10":{"start":{"line":26,"column":2},"end":{"line":89,"column":4}}},"fnMap":{"0":{"name":"(anonymous_0)","decl":{"start":{"line":7,"column":18},"end":{"line":7,"column":19}},"loc":{"start":{"line":7,"column":37},"end":{"line":12,"column":1}},"line":7},"1":{"name":"Nav","decl":{"start":{"line":14,"column":24},"end":{"line":14,"column":27}},"loc":{"start":{"line":14,"column":30},"end":{"line":90,"column":1}},"line":14},"2":{"name":"(anonymous_2)","decl":{"start":{"line":20,"column":18},"end":{"line":20,"column":19}},"loc":{"start":{"line":20,"column":30},"end":{"line":24,"column":3}},"line":20}},"branchMap":{"0":{"loc":{"start":{"line":11,"column":9},"end":{"line":11,"column":49}},"type":"cond-expr","locations":[{"start":{"line":11,"column":20},"end":{"line":11,"column":36}},{"start":{"line":11,"column":39},"end":{"line":11,"column":49}}],"line":11},"1":{"loc":{"start":{"line":47,"column":9},"end":{"line":86,"column":9}},"type":"cond-expr","locations":[{"start":{"line":48,"column":10},"end":{"line":76,"column":13}},{"start":{"line":78,"column":10},"end":{"line":85,"column":13}}],"line":47},"2":{"loc":{"start":{"line":52,"column":13},"end":{"line":56,"column":13}},"type":"binary-expr","locations":[{"start":{"line":52,"column":13},"end":{"line":52,"column":18}},{"start":{"line":53,"column":14},"end":{"line":55,"column":24}}],"line":52},"3":{"loc":{"start":{"line":57,"column":68},"end":{"line":57,"column":95}},"type":"binary-expr","locations":[{"start":{"line":57,"column":68},"end":{"line":57,"column":81}},{"start":{"line":57,"column":85},"end":{"line":57,"column":95}}],"line":57}},"s":{"0":4,"1":94,"2":59,"3":59,"4":59,"5":59,"6":59,"7":1,"8":1,"9":1,"10":59},"f":{"0":94,"1":59,"2":1},"b":{"0":[31,63],"1":[29,30],"2":[29,10],"3":[29,0]},"_coverageSchema":"1a1c01bbd47fc00a2c39e90264f33305004495a9","hash":"d60be7c8b8d8defe69ee5f07874feddbc558dce3"}
,"/home/bruce/Desktop/module6/Delivaroo/frontend/src/components/Toast.jsx": {"path":"/home/bruce/Desktop/module6/Delivaroo/frontend/src/components/Toast.jsx","statementMap":{"0":{"start":{"line":6,"column":13},"end":{"line":10,"column":1}},"1":{"start":{"line":13,"column":19},"end":{"line":13,"column":32}},"2":{"start":{"line":14,"column":16},"end":{"line":14,"column":40}},"3":{"start":{"line":16,"column":2},"end":{"line":20,"column":24}},"4":{"start":{"line":17,"column":4},"end":{"line":17,"column":33}},"5":{"start":{"line":17,"column":16},"end":{"line":17,"column":33}},"6":{"start":{"line":18,"column":18},"end":{"line":18,"column":66}},"7":{"start":{"line":18,"column":35},"end":{"line":18,"column":59}},"8":{"start":{"line":19,"column":4},"end":{"line":19,"column":37}},"9":{"start":{"line":19,"column":17},"end":{"line":19,"column":36}},"10":{"start":{"line":22,"column":2},"end":{"line":22,"column":26}},"11":{"start":{"line":22,"column":14},"end":{"line":22,"column":26}},"12":{"start":{"line":24,"column":2},"end":{"line":46,"column":4}}},"fnMap":{"0":{"name":"Toast","decl":{"start":{"line":12,"column":24},"end":{"line":12,"column":29}},"loc":{"start":{"line":12,"column":32},"end":{"line":47,"column":1}},"line":12},"1":{"name":"(anonymous_1)","decl":{"start":{"line":16,"column":12},"end":{"line":16,"column":13}},"loc":{"start":{"line":16,"column":18},"end":{"line":20,"column":3}},"line":16},"2":{"name":"(anonymous_2)","decl":{"start":{"line":18,"column":29},"end":{"line":18,"column":30}},"loc":{"start":{"line":18,"column":35},"end":{"line":18,"column":59}},"line":18},"3":{"name":"(anonymous_3)","decl":{"start":{"line":19,"column":11},"end":{"line":19,"column":12}},"loc":{"start":{"line":19,"column":17},"end":{"line":19,"column":36}},"line":19}},"branchMap":{"0":{"loc":{"start":{"line":17,"column":4},"end":{"line":17,"column":33}},"type":"if","locations":[{"start":{"line":17,"column":4},"end":{"line":17,"column":33}},{"start":{},"end":{}}],"line":17},"1":{"loc":{"start":{"line":22,"column":2},"end":{"line":22,"column":26}},"type":"if","locations":[{"start":{"line":22,"column":2},"end":{"line":22,"column":26}},{"start":{},"end":{}}],"line":22},"2":{"loc":{"start":{"line":37,"column":20},"end":{"line":37,"column":49}},"type":"binary-expr","locations":[{"start":{"line":37,"column":20},"end":{"line":37,"column":36}},{"start":{"line":37,"column":40},"end":{"line":37,"column":49}}],"line":37}},"s":{"0":4,"1":32,"2":32,"3":32,"4":32,"5":31,"6":1,"7":0,"8":1,"9":1,"10":32,"11":31,"12":1},"f":{"0":32,"1":32,"2":0,"3":1},"b":{"0":[31,1],"1":[31,1],"2":[1,0]},"_coverageSchema":"1a1c01bbd47fc00a2c39e90264f33305004495a9","hash":"8a6bf744ef82ea2367f683fd7452644f245f61c0"}
,"/home/bruce/Desktop/module6/Delivaroo/frontend/src/components/auth/AuthCard.jsx": {"path":"/home/bruce/Desktop/module6/Delivaroo/frontend/src/components/auth/AuthCard.jsx","statementMap":{"0":{"start":{"line":6,"column":2},"end":{"line":54,"column":4}}},"fnMap":{"0":{"name":"AuthCard","decl":{"start":{"line":5,"column":24},"end":{"line":5,"column":32}},"loc":{"start":{"line":5,"column":72},"end":{"line":55,"column":1}},"line":5}},"branchMap":{"0":{"loc":{"start":{"line":47,"column":9},"end":{"line":51,"column":9}},"type":"binary-expr","locations":[{"start":{"line":47,"column":9},"end":{"line":47,"column":15}},{"start":{"line":48,"column":10},"end":{"line":50,"column":14}}],"line":47}},"s":{"0":330},"f":{"0":330},"b":{"0":[330,330]},"_coverageSchema":"1a1c01bbd47fc00a2c39e90264f33305004495a9","hash":"f0e65e752ca0d4ca45bef4e3a1c188888c1e63f9"}
,"/home/bruce/Desktop/module6/Delivaroo/frontend/src/components/auth/FormError.jsx": {"path":"/home/bruce/Desktop/module6/Delivaroo/frontend/src/components/auth/FormError.jsx","statementMap":{"0":{"start":{"line":5,"column":2},"end":{"line":5,"column":28}},"1":{"start":{"line":5,"column":16},"end":{"line":5,"column":28}},"2":{"start":{"line":6,"column":2},"end":{"line":22,"column":4}}},"fnMap":{"0":{"name":"FormError","decl":{"start":{"line":4,"column":24},"end":{"line":4,"column":33}},"loc":{"start":{"line":4,"column":47},"end":{"line":23,"column":1}},"line":4}},"branchMap":{"0":{"loc":{"start":{"line":5,"column":2},"end":{"line":5,"column":28}},"type":"if","locations":[{"start":{"line":5,"column":2},"end":{"line":5,"column":28}},{"start":{},"end":{}}],"line":5}},"s":{"0":330,"1":328,"2":2},"f":{"0":330},"b":{"0":[328,2]},"_coverageSchema":"1a1c01bbd47fc00a2c39e90264f33305004495a9","hash":"791d9f899edad40d18341b716c85a4a2e11ae073"}
,"/home/bruce/Desktop/module6/Delivaroo/frontend/src/components/maps/DeliveryMap.jsx": {"path":"/home/bruce/Desktop/module6/Delivaroo/frontend/src/components/maps/DeliveryMap.jsx","statementMap":{"0":{"start":{"line":16,"column":16},"end":{"line":20,"column":1}},"1":{"start":{"line":23,"column":16},"end":{"line":34,"column":1}},"2":{"start":{"line":24,"column":27},"end":{"line":24,"column":40}},"3":{"start":{"line":25,"column":2},"end":{"line":33,"column":4}},"4":{"start":{"line":37,"column":2},"end":{"line":56,"column":4}},"5":{"start":{"line":68,"column":23},"end":{"line":68,"column":35}},"6":{"start":{"line":69,"column":17},"end":{"line":69,"column":29}},"7":{"start":{"line":70,"column":21},"end":{"line":70,"column":31}},"8":{"start":{"line":71,"column":18},"end":{"line":71,"column":30}},"9":{"start":{"line":72,"column":19},"end":{"line":72,"column":33}},"10":{"start":{"line":74,"column":28},"end":{"line":74,"column":42}},"11":{"start":{"line":75,"column":28},"end":{"line":75,"column":43}},"12":{"start":{"line":79,"column":2},"end":{"line":81,"column":15}},"13":{"start":{"line":80,"column":4},"end":{"line":80,"column":30}},"14":{"start":{"line":83,"column":2},"end":{"line":114,"column":9}},"15":{"start":{"line":84,"column":20},"end":{"line":84,"column":25}},"16":{"start":{"line":86,"column":4},"end":{"line":107,"column":9}},"17":{"start":{"line":88,"column":8},"end":{"line":88,"column":55}},"18":{"start":{"line":88,"column":48},"end":{"line":88,"column":55}},"19":{"start":{"line":90,"column":8},"end":{"line":96,"column":11}},"20":{"start":{"line":99,"column":8},"end":{"line":101,"column":11}},"21":{"start":{"line":100,"column":10},"end":{"line":100,"column":83}},"22":{"start":{"line":103,"column":8},"end":{"line":103,"column":23}},"23":{"start":{"line":106,"column":8},"end":{"line":106,"column":44}},"24":{"start":{"line":106,"column":24},"end":{"line":106,"column":44}},"25":{"start":{"line":109,"column":4},"end":{"line":111,"column":6}},"26":{"start":{"line":110,"column":6},"end":{"line":110,"column":23}},"27":{"start":{"line":117,"column":2},"end":{"line":169,"column":59}},"28":{"start":{"line":118,"column":17},"end":{"line":118,"column":36}},"29":{"start":{"line":119,"column":16},"end":{"line":119,"column":30}},"30":{"start":{"line":120,"column":4},"end":{"line":120,"column":40}},"31":{"start":{"line":120,"column":33},"end":{"line":120,"column":40}},"32":{"start":{"line":122,"column":4},"end":{"line":122,"column":64}},"33":{"start":{"line":122,"column":43},"end":{"line":122,"column":62}},"34":{"start":{"line":123,"column":4},"end":{"line":123,"column":28}},"35":{"start":{"line":124,"column":4},"end":{"line":124,"column":34}},"36":{"start":{"line":125,"column":4},"end":{"line":125,"column":27}},"37":{"start":{"line":127,"column":19},"end":{"line":127,"column":21}},"38":{"start":{"line":128,"column":18},"end":{"line":142,"column":5}},"39":{"start":{"line":129,"column":6},"end":{"line":129,"column":76}},"40":{"start":{"line":129,"column":69},"end":{"line":129,"column":76}},"41":{"start":{"line":130,"column":6},"end":{"line":140,"column":8}},"42":{"start":{"line":141,"column":6},"end":{"line":141,"column":28}},"43":{"start":{"line":144,"column":4},"end":{"line":144,"column":28}},"44":{"start":{"line":145,"column":4},"end":{"line":145,"column":38}},"45":{"start":{"line":146,"column":4},"end":{"line":146,"column":38}},"46":{"start":{"line":148,"column":17},"end":{"line":148,"column":74}},"47":{"start":{"line":149,"column":4},"end":{"line":158,"column":5}},"48":{"start":{"line":150,"column":6},"end":{"line":156,"column":9}},"49":{"start":{"line":157,"column":6},"end":{"line":157,"column":27}},"50":{"start":{"line":161,"column":4},"end":{"line":168,"column":5}},"51":{"start":{"line":162,"column":6},"end":{"line":162,"column":31}},"52":{"start":{"line":163,"column":6},"end":{"line":163,"column":22}},"53":{"start":{"line":164,"column":11},"end":{"line":168,"column":5}},"54":{"start":{"line":165,"column":21},"end":{"line":165,"column":44}},"55":{"start":{"line":166,"column":6},"end":{"line":166,"column":46}},"56":{"start":{"line":166,"column":28},"end":{"line":166,"column":44}},"57":{"start":{"line":167,"column":6},"end":{"line":167,"column":32}},"58":{"start":{"line":171,"column":16},"end":{"line":178,"column":3}},"59":{"start":{"line":180,"column":2},"end":{"line":188,"column":3}},"60":{"start":{"line":181,"column":4},"end":{"line":187,"column":6}},"61":{"start":{"line":190,"column":2},"end":{"line":195,"column":4}}},"fnMap":{"0":{"name":"(anonymous_0)","decl":{"start":{"line":23,"column":16},"end":{"line":23,"column":17}},"loc":{"start":{"line":23,"column":32},"end":{"line":34,"column":1}},"line":23},"1":{"name":"Notice","decl":{"start":{"line":36,"column":9},"end":{"line":36,"column":15}},"loc":{"start":{"line":36,"column":67},"end":{"line":57,"column":1}},"line":36},"2":{"name":"DeliveryMap","decl":{"start":{"line":59,"column":24},"end":{"line":59,"column":35}},"loc":{"start":{"line":67,"column":3},"end":{"line":196,"column":1}},"line":67},"3":{"name":"(anonymous_3)","decl":{"start":{"line":79,"column":12},"end":{"line":79,"column":13}},"loc":{"start":{"line":79,"column":18},"end":{"line":81,"column":3}},"line":79},"4":{"name":"(anonymous_4)","decl":{"start":{"line":83,"column":12},"end":{"line":83,"column":13}},"loc":{"start":{"line":83,"column":18},"end":{"line":114,"column":3}},"line":83},"5":{"name":"(anonymous_5)","decl":{"start":{"line":87,"column":12},"end":{"line":87,"column":13}},"loc":{"start":{"line":87,"column":22},"end":{"line":104,"column":7}},"line":87},"6":{"name":"(anonymous_6)","decl":{"start":{"line":99,"column":44},"end":{"line":99,"column":45}},"loc":{"start":{"line":99,"column":55},"end":{"line":101,"column":9}},"line":99},"7":{"name":"(anonymous_7)","decl":{"start":{"line":105,"column":13},"end":{"line":105,"column":14}},"loc":{"start":{"line":105,"column":28},"end":{"line":107,"column":7}},"line":105},"8":{"name":"(anonymous_8)","decl":{"start":{"line":109,"column":11},"end":{"line":109,"column":12}},"loc":{"start":{"line":109,"column":17},"end":{"line":111,"column":5}},"line":109},"9":{"name":"(anonymous_9)","decl":{"start":{"line":117,"column":12},"end":{"line":117,"column":13}},"loc":{"start":{"line":117,"column":18},"end":{"line":169,"column":3}},"line":117},"10":{"name":"(anonymous_10)","decl":{"start":{"line":122,"column":31},"end":{"line":122,"column":32}},"loc":{"start":{"line":122,"column":43},"end":{"line":122,"column":62}},"line":122},"11":{"name":"(anonymous_11)","decl":{"start":{"line":128,"column":18},"end":{"line":128,"column":19}},"loc":{"start":{"line":128,"column":38},"end":{"line":142,"column":5}},"line":128},"12":{"name":"(anonymous_12)","decl":{"start":{"line":166,"column":21},"end":{"line":166,"column":22}},"loc":{"start":{"line":166,"column":28},"end":{"line":166,"column":44}},"line":166}},"branchMap":{"0":{"loc":{"start":{"line":36,"column":28},"end":{"line":36,"column":46}},"type":"default-arg","locations":[{"start":{"line":36,"column":35},"end":{"line":36,"column":46}}],"line":36},"1":{"loc":{"start":{"line":36,"column":48},"end":{"line":36,"column":63}},"type":"default-arg","locations":[{"start":{"line":36,"column":58},"end":{"line":36,"column":63}}],"line":36},"2":{"loc":{"start":{"line":43,"column":12},"end":{"line":43,"column":102}},"type":"cond-expr","locations":[{"start":{"line":43,"column":22},"end":{"line":43,"column":81}},{"start":{"line":43,"column":84},"end":{"line":43,"column":102}}],"line":43},"3":{"loc":{"start":{"line":65,"column":2},"end":{"line":65,"column":36}},"type":"default-arg","locations":[{"start":{"line":65,"column":11},"end":{"line":65,"column":36}}],"line":65},"4":{"loc":{"start":{"line":66,"column":2},"end":{"line":66,"column":11}},"type":"default-arg","locations":[{"start":{"line":66,"column":9},"end":{"line":66,"column":11}}],"line":66},"5":{"loc":{"start":{"line":88,"column":8},"end":{"line":88,"column":55}},"type":"if","locations":[{"start":{"line":88,"column":8},"end":{"line":88,"column":55}},{"start":{},"end":{}}],"line":88},"6":{"loc":{"start":{"line":88,"column":12},"end":{"line":88,"column":46}},"type":"binary-expr","locations":[{"start":{"line":88,"column":12},"end":{"line":88,"column":21}},{"start":{"line":88,"column":25},"end":{"line":88,"column":46}}],"line":88},"7":{"loc":{"start":{"line":91,"column":18},"end":{"line":91,"column":54}},"type":"binary-expr","locations":[{"start":{"line":91,"column":18},"end":{"line":91,"column":24}},{"start":{"line":91,"column":28},"end":{"line":91,"column":39}},{"start":{"line":91,"column":43},"end":{"line":91,"column":54}}],"line":91},"8":{"loc":{"start":{"line":106,"column":8},"end":{"line":106,"column":44}},"type":"if","locations":[{"start":{"line":106,"column":8},"end":{"line":106,"column":44}},{"start":{},"end":{}}],"line":106},"9":{"loc":{"start":{"line":120,"column":4},"end":{"line":120,"column":40}},"type":"if","locations":[{"start":{"line":120,"column":4},"end":{"line":120,"column":40}},{"start":{},"end":{}}],"line":120},"10":{"loc":{"start":{"line":120,"column":8},"end":{"line":120,"column":31}},"type":"binary-expr","locations":[{"start":{"line":120,"column":8},"end":{"line":120,"column":14}},{"start":{"line":120,"column":18},"end":{"line":120,"column":23}},{"start":{"line":120,"column":27},"end":{"line":120,"column":31}}],"line":120},"11":{"loc":{"start":{"line":129,"column":6},"end":{"line":129,"column":76}},"type":"if","locations":[{"start":{"line":129,"column":6},"end":{"line":129,"column":76}},{"start":{},"end":{}}],"line":129},"12":{"loc":{"start":{"line":129,"column":10},"end":{"line":129,"column":67}},"type":"binary-expr","locations":[{"start":{"line":129,"column":10},"end":{"line":129,"column":19}},{"start":{"line":129,"column":23},"end":{"line":129,"column":43}},{"start":{"line":129,"column":47},"end":{"line":129,"column":67}}],"line":129},"13":{"loc":{"start":{"line":136,"column":17},"end":{"line":138,"column":23}},"type":"cond-expr","locations":[{"start":{"line":137,"column":14},"end":{"line":137,"column":80}},{"start":{"line":138,"column":14},"end":{"line":138,"column":23}}],"line":136},"14":{"loc":{"start":{"line":148,"column":17},"end":{"line":148,"column":74}},"type":"cond-expr","locations":[{"start":{"line":148,"column":50},"end":{"line":148,"column":67}},{"start":{"line":148,"column":70},"end":{"line":148,"column":74}}],"line":148},"15":{"loc":{"start":{"line":149,"column":4},"end":{"line":158,"column":5}},"type":"if","locations":[{"start":{"line":149,"column":4},"end":{"line":158,"column":5}},{"start":{},"end":{}}],"line":149},"16":{"loc":{"start":{"line":155,"column":23},"end":{"line":155,"column":49}},"type":"cond-expr","locations":[{"start":{"line":155,"column":41},"end":{"line":155,"column":45}},{"start":{"line":155,"column":48},"end":{"line":155,"column":49}}],"line":155},"17":{"loc":{"start":{"line":161,"column":4},"end":{"line":168,"column":5}},"type":"if","locations":[{"start":{"line":161,"column":4},"end":{"line":168,"column":5}},{"start":{"line":164,"column":11},"end":{"line":168,"column":5}}],"line":161},"18":{"loc":{"start":{"line":164,"column":11},"end":{"line":168,"column":5}},"type":"if","locations":[{"start":{"line":164,"column":11},"end":{"line":168,"column":5}},{"start":{},"end":{}}],"line":164},"19":{"loc":{"start":{"line":180,"column":2},"end":{"line":188,"column":3}},"type":"if","locations":[{"start":{"line":180,"column":2},"end":{"line":188,"column":3}},{"start":{},"end":{}}],"line":180},"20":{"loc":{"start":{"line":183,"column":22},"end":{"line":183,"column":83}},"type":"cond-expr","locations":[{"start":{"line":183,"column":57},"end":{"line":183,"column":68}},{"start":{"line":183,"column":71},"end":{"line":183,"column":83}}],"line":183},"21":{"loc":{"start":{"line":193,"column":7},"end":{"line":193,"column":54}},"type":"binary-expr","locations":[{"start":{"line":193,"column":7},"end":{"line":193,"column":13}},{"start":{"line":193,"column":17},"end":{"line":193,"column":54}}],"line":193}},"s":{"0":5,"1":5,"2":11,"3":11,"4":26,"5":32,"6":32,"7":32,"8":32,"9":32,"10":32,"11":32,"12":32,"13":19,"14":32,"15":19,"16":19,"17":6,"18":0,"19":6,"20":6,"21":1,"22":6,"23":13,"24":9,"25":19,"26":19,"27":32,"28":25,"29":25,"30":25,"31":19,"32":6,"33":0,"34":6,"35":6,"36":6,"37":6,"38":6,"39":18,"40":7,"41":11,"42":11,"43":6,"44":6,"45":6,"46":6,"47":6,"48":2,"49":2,"50":6,"51":2,"52":2,"53":4,"54":4,"55":4,"56":14,"57":4,"58":32,"59":32,"60":7,"61":25},"f":{"0":11,"1":26,"2":32,"3":19,"4":19,"5":6,"6":1,"7":13,"8":19,"9":25,"10":0,"11":18,"12":14},"b":{"0":[19],"1":[7],"2":[19,7],"3":[32],"4":[32],"5":[0,6],"6":[6,6],"7":[6,0,0],"8":[9,4],"9":[19,6],"10":[25,6,6],"11":[7,11],"12":[18,12,11],"13":[10,1],"14":[2,4],"15":[2,4],"16":[1,1],"17":[2,4],"18":[4,0],"19":[7,25],"20":[7,0],"21":[25,19]},"_coverageSchema":"1a1c01bbd47fc00a2c39e90264f33305004495a9","hash":"3a624be807ddac25fead65e4d694570704b47457"}
,"/home/bruce/Desktop/module6/Delivaroo/frontend/src/components/maps/PlaceSearch.jsx": {"path":"/home/bruce/Desktop/module6/Delivaroo/frontend/src/components/maps/PlaceSearch.jsx","statementMap":{"0":{"start":{"line":14,"column":20},"end":{"line":14,"column":23}},"1":{"start":{"line":22,"column":17},"end":{"line":22,"column":24}},"2":{"start":{"line":23,"column":28},"end":{"line":23,"column":40}},"3":{"start":{"line":24,"column":32},"end":{"line":24,"column":44}},"4":{"start":{"line":25,"column":26},"end":{"line":25,"column":41}},"5":{"start":{"line":26,"column":30},"end":{"line":26,"column":42}},"6":{"start":{"line":27,"column":26},"end":{"line":27,"column":41}},"7":{"start":{"line":28,"column":28},"end":{"line":28,"column":42}},"8":{"start":{"line":29,"column":32},"end":{"line":29,"column":47}},"9":{"start":{"line":30,"column":19},"end":{"line":30,"column":31}},"10":{"start":{"line":34,"column":18},"end":{"line":34,"column":57}},"11":{"start":{"line":36,"column":2},"end":{"line":58,"column":14}},"12":{"start":{"line":37,"column":4},"end":{"line":37,"column":50}},"13":{"start":{"line":37,"column":33},"end":{"line":37,"column":50}},"14":{"start":{"line":39,"column":23},"end":{"line":39,"column":44}},"15":{"start":{"line":40,"column":18},"end":{"line":52,"column":19}},"16":{"start":{"line":41,"column":6},"end":{"line":41,"column":20}},"17":{"start":{"line":42,"column":6},"end":{"line":51,"column":7}},"18":{"start":{"line":43,"column":22},"end":{"line":43,"column":78}},"19":{"start":{"line":44,"column":8},"end":{"line":44,"column":26}},"20":{"start":{"line":45,"column":8},"end":{"line":45,"column":22}},"21":{"start":{"line":46,"column":8},"end":{"line":46,"column":22}},"22":{"start":{"line":50,"column":8},"end":{"line":50,"column":23}},"23":{"start":{"line":54,"column":4},"end":{"line":57,"column":6}},"24":{"start":{"line":55,"column":6},"end":{"line":55,"column":26}},"25":{"start":{"line":56,"column":6},"end":{"line":56,"column":25}},"26":{"start":{"line":60,"column":17},"end":{"line":74,"column":3}},"27":{"start":{"line":61,"column":4},"end":{"line":61,"column":18}},"28":{"start":{"line":62,"column":4},"end":{"line":62,"column":19}},"29":{"start":{"line":63,"column":4},"end":{"line":73,"column":5}},"30":{"start":{"line":64,"column":6},"end":{"line":64,"column":47}},"31":{"start":{"line":65,"column":6},"end":{"line":65,"column":19}},"32":{"start":{"line":66,"column":6},"end":{"line":66,"column":21}},"33":{"start":{"line":67,"column":6},"end":{"line":67,"column":21}},"34":{"start":{"line":68,"column":6},"end":{"line":68,"column":20}},"35":{"start":{"line":70,"column":6},"end":{"line":70,"column":67}},"36":{"start":{"line":72,"column":6},"end":{"line":72,"column":21}},"37":{"start":{"line":76,"column":24},"end":{"line":86,"column":3}},"38":{"start":{"line":77,"column":4},"end":{"line":77,"column":18}},"39":{"start":{"line":78,"column":4},"end":{"line":78,"column":19}},"40":{"start":{"line":79,"column":4},"end":{"line":85,"column":5}},"41":{"start":{"line":80,"column":6},"end":{"line":80,"column":62}},"42":{"start":{"line":82,"column":6},"end":{"line":82,"column":38}},"43":{"start":{"line":84,"column":6},"end":{"line":84,"column":21}},"44":{"start":{"line":88,"column":20},"end":{"line":102,"column":3}},"45":{"start":{"line":89,"column":4},"end":{"line":89,"column":41}},"46":{"start":{"line":89,"column":34},"end":{"line":89,"column":41}},"47":{"start":{"line":90,"column":4},"end":{"line":101,"column":5}},"48":{"start":{"line":91,"column":6},"end":{"line":91,"column":29}},"49":{"start":{"line":92,"column":6},"end":{"line":92,"column":57}},"50":{"start":{"line":92,"column":27},"end":{"line":92,"column":55}},"51":{"start":{"line":93,"column":11},"end":{"line":101,"column":5}},"52":{"start":{"line":94,"column":6},"end":{"line":94,"column":29}},"53":{"start":{"line":95,"column":6},"end":{"line":95,"column":74}},"54":{"start":{"line":95,"column":27},"end":{"line":95,"column":72}},"55":{"start":{"line":96,"column":11},"end":{"line":101,"column":5}},"56":{"start":{"line":97,"column":6},"end":{"line":97,"column":29}},"57":{"start":{"line":98,"column":6},"end":{"line":98,"column":30}},"58":{"start":{"line":99,"column":11},"end":{"line":101,"column":5}},"59":{"start":{"line":100,"column":6},"end":{"line":100,"column":21}},"60":{"start":{"line":105,"column":2},"end":{"line":145,"column":3}},"61":{"start":{"line":106,"column":4},"end":{"line":144,"column":6}},"62":{"start":{"line":125,"column":27},"end":{"line":125,"column":41}},"63":{"start":{"line":147,"column":2},"end":{"line":253,"column":4}},"64":{"start":{"line":164,"column":29},"end":{"line":164,"column":57}},"65":{"start":{"line":165,"column":23},"end":{"line":165,"column":39}},"66":{"start":{"line":167,"column":10},"end":{"line":167,"column":28}},"67":{"start":{"line":169,"column":10},"end":{"line":169,"column":48}},"68":{"start":{"line":169,"column":27},"end":{"line":169,"column":41}},"69":{"start":{"line":225,"column":12},"end":{"line":248,"column":17}},"70":{"start":{"line":228,"column":40},"end":{"line":
[...]
,"/home/bruce/Desktop/module6/Delivaroo/frontend/src/routes/NotFound.jsx": {"path":"/home/bruce/Desktop/module6/Delivaroo/frontend/src/routes/NotFound.jsx","statementMap":{"0":{"start":{"line":6,"column":2},"end":{"line":12,"column":4}}},"fnMap":{"0":{"name":"NotFound","decl":{"start":{"line":5,"column":24},"end":{"line":5,"column":32}},"loc":{"start":{"line":5,"column":35},"end":{"line":13,"column":1}},"line":5}},"branchMap":{},"s":{"0":2},"f":{"0":2},"b":{},"_coverageSchema":"1a1c01bbd47fc00a2c39e90264f33305004495a9","hash":"a8b38210c29c36d49f669858597fd37bfcc86662"}
,"/home/bruce/Desktop/module6/Delivaroo/frontend/src/routes/PageShell.jsx": {"path":"/home/bruce/Desktop/module6/Delivaroo/frontend/src/routes/PageShell.jsx","statementMap":{"0":{"start":{"line":5,"column":2},"end":{"line":20,"column":4}}},"fnMap":{"0":{"name":"PageShell","decl":{"start":{"line":4,"column":24},"end":{"line":4,"column":33}},"loc":{"start":{"line":4,"column":72},"end":{"line":21,"column":1}},"line":4}},"branchMap":{"0":{"loc":{"start":{"line":10,"column":11},"end":{"line":14,"column":11}},"type":"binary-expr","locations":[{"start":{"line":10,"column":11},"end":{"line":10,"column":19}},{"start":{"line":11,"column":12},"end":{"line":13,"column":16}}],"line":10}},"s":{"0":26},"f":{"0":26},"b":{"0":[26,26]},"_coverageSchema":"1a1c01bbd47fc00a2c39e90264f33305004495a9","hash":"b06d38135dcceaa287301a51557a617c11fba98e"}
,"/home/bruce/Desktop/module6/Delivaroo/frontend/src/routes/Signup.jsx": {"path":"/home/bruce/Desktop/module6/Delivaroo/frontend/src/routes/Signup.jsx","statementMap":{"0":{"start":{"line":24,"column":19},"end":{"line":24,"column":32}},"1":{"start":{"line":25,"column":19},"end":{"line":25,"column":32}},"2":{"start":{"line":26,"column":21},"end":{"line":26,"column":54}},"3":{"start":{"line":27,"column":22},"end":{"line":27,"column":50}},"4":{"start":{"line":29,"column":26},"end":{"line":35,"column":4}},"5":{"start":{"line":36,"column":30},"end":{"line":36,"column":42}},"6":{"start":{"line":38,"column":2},"end":{"line":38,"column":64}},"7":{"start":{"line":38,"column":18},"end":{"line":38,"column":50}},"8":{"start":{"line":38,"column":24},"end":{"line":38,"column":50}},"9":{"start":{"line":40,"column":14},"end":{"line":43,"column":3}},"10":{"start":{"line":40,"column":23},"end":{"line":43,"column":3}},"11":{"start":{"line":41,"column":4},"end":{"line":41,"column":57}},"12":{"start":{"line":41,"column":26},"end":{"line":41,"column":54}},"13":{"start":{"line":42,"column":4},"end":{"line":42,"column":58}},"14":{"start":{"line":42,"column":28},"end":{"line":42,"column":55}},"15":{"start":{"line":45,"column":17},"end":{"line":62,"column":3}},"16":{"start":{"line":46,"column":4},"end":{"line":46,"column":27}},"17":{"start":{"line":48,"column":18},"end":{"line":54,"column":6}},"18":{"start":{"line":55,"column":4},"end":{"line":55,"column":21}},"19":{"start":{"line":56,"column":4},"end":{"line":56,"column":42}},"20":{"start":{"line":56,"column":35},"end":{"line":56,"column":42}},"21":{"start":{"line":60,"column":19},"end":{"line":60,"column":47}},"22":{"start":{"line":61,"column":4},"end":{"line":61,"column":82}},"23":{"start":{"line":61,"column":40},"end":{"line":61,"column":82}},"24":{"start":{"line":64,"column":2},"end":{"line":136,"column":4}}},"fnMap":{"0":{"name":"Signup","decl":{"start":{"line":23,"column":24},"end":{"line":23,"column":30}},"loc":{"start":{"line":23,"column":33},"end":{"line":137,"column":1}},"line":23},"1":{"name":"(anonymous_1)","decl":{"start":{"line":38,"column":12},"end":{"line":38,"column":13}},"loc":{"start":{"line":38,"column":18},"end":{"line":38,"column":50}},"line":38},"2":{"name":"(anonymous_2)","decl":{"start":{"line":38,"column":18},"end":{"line":38,"column":19}},"loc":{"start":{"line":38,"column":24},"end":{"line":38,"column":50}},"line":38},"3":{"name":"(anonymous_3)","decl":{"start":{"line":40,"column":14},"end":{"line":40,"column":15}},"loc":{"start":{"line":40,"column":23},"end":{"line":43,"column":3}},"line":40},"4":{"name":"(anonymous_4)","decl":{"start":{"line":40,"column":23},"end":{"line":40,"column":24}},"loc":{"start":{"line":40,"column":34},"end":{"line":43,"column":3}},"line":40},"5":{"name":"(anonymous_5)","decl":{"start":{"line":41,"column":12},"end":{"line":41,"column":13}},"loc":{"start":{"line":41,"column":26},"end":{"line":41,"column":54}},"line":41},"6":{"name":"(anonymous_6)","decl":{"start":{"line":42,"column":14},"end":{"line":42,"column":15}},"loc":{"start":{"line":42,"column":28},"end":{"line":42,"column":55}},"line":42},"7":{"name":"(anonymous_7)","decl":{"start":{"line":45,"column":17},"end":{"line":45,"column":18}},"loc":{"start":{"line":45,"column":34},"end":{"line":62,"column":3}},"line":45}},"branchMap":{"0":{"loc":{"start":{"line":56,"column":4},"end":{"line":56,"column":42}},"type":"if","locations":[{"start":{"line":56,"column":4},"end":{"line":56,"column":42}},{"start":{},"end":{}}],"line":56},"1":{"loc":{"start":{"line":61,"column":4},"end":{"line":61,"column":82}},"type":"if","locations":[{"start":{"line":61,"column":4},"end":{"line":61,"column":82}},{"start":{},"end":{}}],"line":61},"2":{"loc":{"start":{"line":132,"column":11},"end":{"line":132,"column":62}},"type":"cond-expr","locations":[{"start":{"line":132,"column":24},"end":{"line":132,"column":43}},{"start":{"line":132,"column":46},"end":{"line":132,"column":62}}],"line":132}},"s":{"0":175,"1":175,"2":175,"3":175,"4":175,"5":175,"6":175,"7":10,"8":10,"9":175,"10":875,"11":161,"12":161,"13":161,"14":161,"15":175,"16":3,"17":3,"18":3,"19":3,"20":1,"21":2,"22":2,"23":1,"24":175},"f":{"0":175,"1":10,"2":10,"3":875,"4":161,"5":161,"6":161,"7":3},"b":{"0":[1,2],"1":[1,1],"2":[2,173]},"_coverageSchema":"1a1c01bbd47fc00a2c39e90264f33305004495a9","hash":"213d293fb7292c1e412e51e89eff6a7fab13628e"}
,"/home/bruce/Desktop/module6/Delivaroo/frontend/src/routes/Unauthorized.jsx": {"path":"/home/bruce/Desktop/module6/Delivaroo/frontend/src/routes/Unauthorized.jsx","statementMap":{"0":{"start":{"line":7,"column":2},"end":{"line":16,"column":4}}},"fnMap":{"0":{"name":"Unauthorized","decl":{"start":{"line":6,"column":24},"end":{"line":6,"column":36}},"loc":{"start":{"line":6,"column":39},"end":{"line":17,"column":1}},"line":6}},"branchMap":{},"s":{"0":2},"f":{"0":2},"b":{},"_coverageSchema":"1a1c01bbd47fc00a2c39e90264f33305004495a9","hash":"b898b21af3277bec0d8770ba57fe4f9727e7647d"}
,"/home/bruce/Desktop/module6/Delivaroo/frontend/src/store/authSlice.js": {"path":"/home/bruce/Desktop/module6/Delivaroo/frontend/src/store/authSlice.js","statementMap":{"0":{"start":{"line":14,"column":20},"end":{"line":20,"column":1}},"1":{"start":{"line":14,"column":28},"end":{"line":20,"column":1}},"2":{"start":{"line":15,"column":2},"end":{"line":19,"column":3}},"3":{"start":{"line":16,"column":4},"end":{"line":16,"column":25}},"4":{"start":{"line":18,"column":4},"end":{"line":18,"column":88}},"5":{"start":{"line":22,"column":22},"end":{"line":22,"column":84}},"6":{"start":{"line":23,"column":21},"end":{"line":23,"column":79}},"7":{"start":{"line":24,"column":22},"end":{"line":24,"column":82}},"8":{"start":{"line":31,"column":27},"end":{"line":34,"column":1}},"9":{"start":{"line":33,"column":15},"end":{"line":33,"column":49}},"10":{"start":{"line":36,"column":21},"end":{"line":47,"column":1}},"11":{"start":{"line":49,"column":17},"end":{"line":54,"column":1}},"12":{"start":{"line":50,"column":2},"end":{"line":50,"column":27}},"13":{"start":{"line":51,"column":2},"end":{"line":51,"column":25}},"14":{"start":{"line":52,"column":2},"end":{"line":52,"column":30}},"15":{"start":{"line":53,"column":2},"end":{"line":53,"column":21}},"16":{"start":{"line":56,"column":15},"end":{"line":59,"column":1}},"17":{"start":{"line":57,"column":2},"end":{"line":57,"column":27}},"18":{"start":{"line":58,"column":2},"end":{"line":58,"column":76}},"19":{"start":{"line":61,"column":18},"end":{"line":117,"column":2}},"20":{"start":{"line":66,"column":6},"end":{"line":66,"column":25}},"21":{"start":{"line":70,"column":6},"end":{"line":70,"column":20}},"22":{"start":{"line":71,"column":6},"end":{"line":71,"column":24}},"23":{"start":{"line":72,"column":6},"end":{"line":72,"column":29}},"24":{"start":{"line":73,"column":6},"end":{"line":73,"column":25}},"25":{"start":{"line":77,"column":4},"end":{"line":98,"column":9}},"26":{"start":{"line":79,"column":8},"end":{"line":79,"column":33}},"27":{"start":{"line":82,"column":8},"end":{"line":82,"column":31}},"28":{"start":{"line":83,"column":8},"end":{"line":83,"column":44}},"29":{"start":{"line":88,"column":8},"end":{"line":88,"column":31}},"30":{"start":{"line":89,"column":8},"end":{"line":89,"column":26}},"31":{"start":{"line":90,"column":8},"end":{"line":90,"column":22}},"32":{"start":{"line":94,"column":8},"end":{"line":94,"column":26}},"33":{"start":{"line":95,"column":8},"end":{"line":95,"column":31}},"34":{"start":{"line":96,"column":8},"end":{"line":96,"column":33}},"35":{"start":{"line":97,"column":8},"end":{"line":97,"column":27}},"36":{"start":{"line":100,"column":4},"end":{"line":115,"column":8}},"37":{"start":{"line":102,"column":20},"end":{"line":102,"column":83}},"38":{"start":{"line":104,"column":10},"end":{"line":104,"column":34}},"39":{"start":{"line":105,"column":10},"end":{"line":105,"column":29}},"40":{"start":{"line":109,"column":20},"end":{"line":109,"column":87}},"41":{"start":{"line":113,"column":20},"end":{"line":113,"column":85}},"42":{"start":{"line":119,"column":50},"end":{"line":119,"column":67}},"43":{"start":{"line":121,"column":26},"end":{"line":121,"column":52}},"44":{"start":{"line":121,"column":37},"end":{"line":121,"column":52}},"45":{"start":{"line":122,"column":32},"end":{"line":122,"column":67}},"46":{"start":{"line":122,"column":43},"end":{"line":122,"column":67}},"47":{"start":{"line":123,"column":32},"end":{"line":123,"column":60}},"48":{"start":{"line":123,"column":43},"end":{"line":123,"column":60}},"49":{"start":{"line":125,"column":35},"end":{"line":125,"column":75}},"50":{"start":{"line":125,"column":46},"end":{"line":125,"column":75}},"51":{"start":{"line":126,"column":36},"end":{"line":126,"column":68}},"52":{"start":{"line":126,"column":47},"end":{"line":126,"column":68}},"53":{"start":{"line":127,"column":31},"end":{"line":127,"column":58}},"54":{"start":{"line":127,"column":42},"end":{"line":127,"column":58}},"55":{"start":{"line":128,"column":26},"end":{"line":128,"column":60}},"56":{"start":{"line":128,"column":37},"end":{"line":128,"column":60}},"57":{"start":{"line":129,"column":29},"end":{"line":129,"column":78}},"58":{"start":{"line":129,"column":40},"end":{"line":129,"column":78}}},"fnMap":{"0":{"name":"(anonymous_0)","decl":{"start":{"line":14,"column":20},"end":{"line":14,"column":21}},"loc":{"start":{"line":14,"column":28},"end":{"line":20,"column":1}},"line":14},"1":{"name":"(anonymous_1)","decl":{"start":{"line":14,"column":28},"end":{"line":14,"column":29}},"loc":{"start":{"line":14,"column":64},"end":{"line":20,"column":1}},"line":14},"2":{"name":"(anonymous_2)","decl":{"start":{"line":33,"column":2},"end":{"line":33,"column":3}},"loc":{"start":{"line":33,"column":15},"end":{"line":33,"column":49}},"line":33},"3":{"name":"(anonymous_3)","decl":{"start":{"line":49,"column":17},"end":{"line":49,"column":18}},"loc":{"start":{"line":49,"column":36},"end":{"line":54,"column":1}},"line":49},"4":{"name":"(anonymous_4)","decl":{"start":{"line":56,"column":15},"end":{"line":56,"column":16}},"loc":{"start":{"line":56,"column":34},"end":{"line":59,"column":1}},"line":56},"5":{"name":"(anonymous_5)","decl":{"start":{"line":65,"column":4},"end":{"line":65,"column":5}},"loc":{"start":{"line":65,"column":26},"end":{"line":67,"column":5}},"line":65},"6":{"name":"(anonymous_6)","decl":{"start":{"line":69,"column":4},"end":{"line":69,"column":5}},"loc":{"start":{"line":69,"column":26},"end":{"line":74,"column":5}},"line":69},"7":{"name":"(anonymous_7)","decl":{"start":{"line":76,"column":17},"end":{"line":76,"column":18}},"loc":{"start":{"line":76,"column":30},"end":{"line":116,"column":3}},"line":76},"8":{"name":"(anonymous_8)","decl":{"start":{"line":78,"column":36},"end":{"line":78,"column":37}},"loc":{"start":{"line":78,"column":47},"end":{"line":80,"column":7}},"line":78},"9":{"name":"(anonymous_9)","decl":{"start":{"line":81,"column":38},"end":{"line":81,"column":39}},"loc":{"start":{"line":81,"column":57},"end":{"line":84,"column":7}},"line":81},"10":{"name":"(anonymous_10)","decl":{"start":{"line":87,"column":37},"end":{"line":87,"column":38}},"loc":{"start":{"line":87,"column":48},"end":{"line":91,"column":7}},"line":87},"11":{"name":"(anonymous_11)","decl":{"start":{"line":93,"column":33},"end":{"line":93,"column":34}},"loc":{"start":{"line":93,"column":44},"end":{"line":98,"column":7}},"line":93},"12":{"name":"(anonymous_12)","decl":{"start":{"line":102,"column":8},"end":{"line":102,"column":9}},"loc":{"start":{"line":102,"column":20},"end":{"line":102,"column":83}},"line":102},"13":{"name":"(anonymous_13)","decl":{"start":{"line":103,"column":8},"end":{"line":103,"column":9}},"loc":{"start":{"line":103,"column":19},"end":{"line":106,"column":9}},"line":103},"14":{"name":"(anonymous_14)","decl":{"start":{"line":109,"column":8},"end":{"line":109,"column":9}},"loc":{"start":{"line":109,"column":20},"end":{"line":109,"column":87}},"line":109},"15":{"name":"(anonymous_15)","decl":{"start":{"line":113,"column":8},"end":{"line":113,"column":9}},"loc":{"start":{"line":113,"column":20},"end":{"line":113,"column":85}},"line":113},"16":{"name":"(anonymous_16)","decl":{"start":{"line":121,"column":26},"end":{"line":121,"column":27}},"loc":{"start":{"line":121,"column":37},"end":{"line":121,"column":52}},"line":121},"17":{"name":"(anonymous_17)","decl":{"start":{"line":122,"column":32},"end":{"line":122,"column":33}},"loc":{"start":{"line":122,"column":43},"end":{"line":122,"column":67}},"line":122},"18":{"name":"(anonymous_18)","decl":{"start":{"line":123,"column":32},"end":{"line":123,"column":33}},"loc":{"start":{"line":123,"column":43},"end":{"line":123,"column":60}},"line":123},"19":{"name":"(anonymous_19)","decl":{"start":{"line":125,"column":35},"end":{"line":125,"column":36}},"loc":{"start":{"line":125,"column":46},"end":{"line":125,"column":75}},"line":125},"20":{"name":"(anonymous_20)","decl":{"start":{"line":126,"column":36},"end":{"line":126,"column":37}},"loc":{"start":{"line":126,"column":47},"end":{"line":126,"column":68}},"line":126},"21":{"name":"(anonymous_21)","decl":{"start":{"line":127,"column":31},"end":{"line":127,"column":32}},"loc":{"start":{"line":127,"column":42},"end":{"line":127,"column":58}},"line":127},"22":{"name":"(anonymous_22)","decl":{"start":{"line":128,"column":26},"end":{"line":128,"column":27}},"loc":{"start":{"line":128,"column":37},"end":{"line":128,"column":60}},"line":128},"23":{"name":"(anonymous_23)","decl":{"start":{"line":129,"column":29},"end":{"line":129,"column":30}},"loc":{"start":{"line":129,"column":40},"end":{"line":129,"column":78}},"line":129}},"branchMap":{"0":{"loc":{"start":{"line":18,"column":27},"end":{"line":18,"column":86}},"type":"binary-expr","locations":[{"start":{"line":18,"column":27},"end":{"line":18,"column":41}},{"start":{"line":18,"column":45},"end":{"line":18,"column":86}}],"line":18},"1":{"loc":{"start":{"line":33,"column":15},"end":{"line":33,"column":49}},"type":"cond-expr","locations":[{"start":{"line":33,"column":30},"end":{"line":33,"column":42}},{"start":{"line":33,"column":45},"end":{"line":33,"column":49}}],"line":33},"2":{"loc":{"start":{"line":58,"column":16},"end":{"line":58,"column":75}},"type":"binary-expr","locations":[{"start":{"line":58,"column":16},"end":{"line":58,"column":30}},{"start":{"line":58,"column":34},"end":{"line":58,"column":75}}],"line":58},"3":{"loc":{"start":{"line":83,"column":21},"end":{"line":83,"column":43}},"type":"binary-expr","locations":[{"start":{"line":83,"column":21},"end":{"line":83,"column":35}},{"start":{"line":83,"column":39},"end":{"line":83,"column":43}}],"line":83}},"s":{"0":5,"1":15,"2":7,"3":7,"4":2,"5":5,"6":5,"7":5,"8":5,"9":31,"10":5,"11":5,"12":8,"13":8,"14":8,"15":8,"16":5,"17":3,"18":3,"19":5,"20":25,"21":1,"22":1,"23":1,"24":1,"25":5,"26":31,"27":30,"28":30,"29":2,"30":2,"31":2,"32":2,"33":2,"34":2,"35":2,"36":5,"37":215,"38":8,"39":8,"40":215,"41":215,"42":5,"43":5,"44":319,"45":5,"46":1,"47":5,"48":0,"49":5,"50":124,"51":5,"52":70,"53":5,"54":70,"55":5,"56":0,"57":5,"58":140},"f":{"0":15,"1":7,"2":31,"3":8,"4":3,"5":25,"6":1,"7":5,"8":31,"9":30,"10":2,"11":2,"12":215,"13":8,"14":215,"15":215,"16":319,"17":1,"18":0,"19":124,"20":70,"21":70,"22":0,"23":140},"b":{"0":[2,0],"1":[10,21],"2":[3,0],"3":[30,22]},"_coverageSchema":"1a1c01bbd47fc00a2c39e90264f33305004495a9","hash":"5bde83850586181857ef378ce716cde60e6d6872"}
,"/home/bruce/Desktop/module6/Delivaroo/frontend/src/store/index.js": {"path":"/home/bruce/Desktop/module6/Delivaroo/frontend/src/store/index.js","statementMap":{"0":{"start":{"line":13,"column":16},"end":{"line":13,"column":28}},"1":{"start":{"line":15,"column":25},"end":{"line":15,"column":88}},"2":{"start":{"line":15,"column":45},"end":{"line":15,"column":88}},"3":{"start":{"line":17,"column":21},"end":{"line":17,"column":32}}},"fnMap":{"0":{"name":"(anonymous_0)","decl":{"start":{"line":15,"column":25},"end":{"line":15,"column":26}},"loc":{"start":{"line":15,"column":45},"end":{"line":15,"column":88}},"line":15}},"branchMap":{},"s":{"0":4,"1":4,"2":34,"3":4},"f":{"0":34},"b":{},"_coverageSchema":"1a1c01bbd47fc00a2c39e90264f33305004495a9","hash":"b8da92fd5f13f4fbc41b254c712fdf531cc960ea"}
,"/home/bruce/Desktop/module6/Delivaroo/frontend/src/store/uiSlice.js": {"path":"/home/bruce/Desktop/module6/Delivaroo/frontend/src/store/uiSlice.js","statementMap":{"0":{"start":{"line":5,"column":16},"end":{"line":26,"column":2}},"1":{"start":{"line":14,"column":8},"end":{"line":14,"column":37}},"2":{"start":{"line":18,"column":10},"end":{"line":18,"column":70}},"3":{"start":{"line":19,"column":8},"end":{"line":19,"column":62}},"4":{"start":{"line":23,"column":6},"end":{"line":23,"column":25}},"5":{"start":{"line":28,"column":43},"end":{"line":28,"column":58}},"6":{"start":{"line":29,"column":27},"end":{"line":29,"column":52}},"7":{"start":{"line":29,"column":38},"end":{"line":29,"column":52}}},"fnMap":{"0":{"name":"(anonymous_0)","decl":{"start":{"line":13,"column":6},"end":{"line":13,"column":7}},"loc":{"start":{"line":13,"column":29},"end":{"line":15,"column":7}},"line":13},"1":{"name":"(anonymous_1)","decl":{"start":{"line":16,"column":6},"end":{"line":16,"column":7}},"loc":{"start":{"line":16,"column":23},"end":{"line":20,"column":7}},"line":16},"2":{"name":"(anonymous_2)","decl":{"start":{"line":22,"column":4},"end":{"line":22,"column":5}},"loc":{"start":{"line":22,"column":24},"end":{"line":24,"column":5}},"line":22},"3":{"name":"(anonymous_3)","decl":{"start":{"line":29,"column":27},"end":{"line":29,"column":28}},"loc":{"start":{"line":29,"column":38},"end":{"line":29,"column":52}},"line":29}},"branchMap":{"0":{"loc":{"start":{"line":17,"column":25},"end":{"line":17,"column":38}},"type":"default-arg","locations":[{"start":{"line":17,"column":32},"end":{"line":17,"column":38}}],"line":17},"1":{"loc":{"start":{"line":18,"column":10},"end":{"line":18,"column":70}},"type":"cond-expr","locations":[{"start":{"line":18,"column":40},"end":{"line":18,"column":60}},{"start":{"line":18,"column":63},"end":{"line":18,"column":70}}],"line":18}},"s":{"0":4,"1":1,"2":1,"3":1,"4":0,"5":4,"6":4,"7":137},"f":{"0":1,"1":1,"2":0,"3":137},"b":{"0":[0],"1":[0,1]},"_coverageSchema":"1a1c01bbd47fc00a2c39e90264f33305004495a9","hash":"78dbd0f6e69aabb10dfa8e173c18dd0529d5aae3"}
}
