TN:
SF:src/App.jsx
FN:21,AppRoutes
FN:57,App
FNF:2
FNH:2
FNDA:31,AppRoutes
FNDA:1,App
DA:22,31
DA:58,1
LF:2
LH:2
BRF:0
BRH:0
end_of_record
TN:
SF:src/theme.js
FNF:0
FNH:0
DA:5,5
DA:17,5
DA:22,5
DA:28,5
LF:4
LH:4
BRF:0
BRH:0
end_of_record
TN:
SF:src/__tests__/testUtils.jsx
FN:35,(anonymous_0)
FN:41,(anonymous_1)
FN:48,mockApi
FN:51,(anonymous_3)
FN:66,(anonymous_4)
FN:74,renderApp
FN:95,renderSignedIn
FN:102,(anonymous_7)
FNF:8
FNH:8
FNDA:25,(anonymous_0)
FNDA:4,(anonymous_1)
FNDA:54,mockApi
FNDA:30,(anonymous_3)
FNDA:30,(anonymous_4)
FNDA:30,renderApp
FNDA:7,renderSignedIn
FNDA:7,(anonymous_7)
DA:15,4
DA:22,4
DA:29,4
DA:35,25
DA:41,4
DA:49,54
DA:51,54
DA:52,30
DA:53,30
DA:54,30
DA:55,30
DA:57,30
DA:58,30
DA:60,30
DA:61,30
DA:63,30
DA:66,30
DA:70,54
DA:75,30
DA:76,30
DA:83,30
DA:96,7
DA:97,7
DA:98,7
DA:102,7
DA:119,4
LF:26
LH:26
BRDA:35,0,0,23
BRDA:51,1,0,0
BRDA:52,2,0,30
BRDA:52,2,1,0
BRDA:55,3,0,11
BRDA:55,3,1,19
BRDA:57,4,0,30
BRDA:57,4,1,0
BRDA:58,5,0,0
BRDA:58,5,1,30
BRDA:60,6,0,0
BRDA:60,6,1,30
BRDA:61,7,0,0
BRDA:61,8,0,0
BRDA:64,9,0,30
BRDA:64,9,1,30
BRDA:66,10,0,0
BRDA:66,10,1,30
BRDA:74,11,0,0
BRDA:74,12,0,2
BRDA:95,13,0,0
BRDA:95,14,0,0
BRDA:95,15,0,7
BRF:23
BRH:12
end_of_record
TN:
SF:src/api/auth.js
FN:15,normalizeUser
FN:34,acceptSession
FN:41,register
FN:55,login
FN:65,me
FN:75,logout
FNF:6
FNH:6
FNDA:16,normalizeUser
FNDA:7,acceptSession
FNDA:4,register
FNDA:5,login
FNDA:11,me
FNDA:3,logout
DA:16,16
DA:17,16
DA:18,16
DA:35,7
DA:36,7
DA:37,7
DA:38,7
DA:42,4
DA:52,3
DA:56,5
DA:61,4
DA:66,11
DA:67,9
DA:76,3
DA:77,3
DA:81,3
DA:83,3
LF:17
LH:17
BRDA:16,0,0,0
BRDA:16,0,1,16
BRDA:17,1,0,16
BRDA:17,1,1,3
BRDA:21,2,0,16
BRDA:21,2,1,1
BRDA:22,3,0,16
BRDA:22,3,1,16
BRDA:22,3,2,16
BRDA:23,4,0,16
BRDA:23,4,1,3
BRDA:23,4,2,3
BRDA:23,4,3,3
BRDA:23,4,4,3
BRDA:24,5,0,16
BRDA:24,5,1,3
BRDA:24,5,2,3
BRDA:25,6,0,16
BRDA:25,6,1,16
BRDA:25,6,2,16
BRDA:35,7,0,7
BRDA:35,7,1,1
BRDA:36,8,0,7
BRDA:36,8,1,1
BRDA:37,9,0,6
BRDA:37,9,1,1
BRDA:38,10,0,7
BRDA:38,10,1,0
BRDA:48,11,0,4
BRDA:48,11,1,3
BRDA:67,12,0,9
BRDA:67,12,1,0
BRF:32
BRH:29
end_of_record
TN:
SF:src/api/client.js
FN:16,(anonymous_0)
FN:25,readBody
FN:27,(anonymous_2)
FN:36,messageFor
FN:45,send
FN:66,refreshAccessToken
FN:70,(anonymous_6)
FN:87,(anonymous_7)
FN:101,api
FN:122,(anonymous_9)
FN:123,(anonymous_10)
FN:124,(anonymous_11)
FN:125,(anonymous_12)
FNF:13
FNH:11
FNDA:11,(anonymous_0)
FNDA:43,readBody
FNDA:0,(anonymous_2)
FNDA:10,messageFor
FNDA:44,send
FNDA:4,refreshAccessToken
FNDA:2,(anonymous_6)
FNDA:2,(anonymous_7)
FNDA:43,api
FNDA:17,(anonymous_9)
FNDA:12,(anonymous_10)
FNDA:2,(anonymous_11)
FNDA:0,(anonymous_12)
DA:17,11
DA:18,11
DA:19,11
DA:20,11
DA:26,43
DA:27,42
DA:28,42
DA:29,42
DA:30,42
DA:32,1
DA:37,10
DA:38,0
DA:39,0
DA:40,0
DA:41,0
DA:42,0
DA:46,44
DA:47,44
DA:64,6
DA:67,4
DA:68,4
DA:70,2
DA:71,2
DA:72,2
DA:76,2
DA:77,1
DA:78,1
DA:79,1
DA:80,1
DA:81,1
DA:82,1
DA:84,0
DA:87,2
DA:88,2
DA:93,2
DA:102,43
DA:104,42
DA:105,4
DA:106,1
DA:108,3
DA:112,42
DA:113,42
DA:114,10
DA:115,10
DA:119,32
DA:122,17
DA:123,12
DA:124,6
DA:125,6
LF:49
LH:43
BRDA:16,0,0,0
BRDA:26,1,0,1
BRDA:26,1,1,42
BRDA:28,2,0,0
BRDA:28,2,1,42
BRDA:37,3,0,10
BRDA:37,3,1,0
BRDA:38,4,0,0
BRDA:38,4,1,0
BRDA:39,5,0,0
BRDA:39,5,1,0
BRDA:40,6,0,0
BRDA:40,6,1,0
BRDA:41,7,0,0
BRDA:41,7,1,0
BRDA:45,8,0,0
BRDA:45,9,0,10
BRDA:45,10,0,34
BRDA:46,11,0,34
BRDA:46,11,1,10
BRDA:52,12,0,27
BRDA:52,12,1,17
BRDA:55,13,0,31
BRDA:55,13,1,13
BRDA:68,14,0,2
BRDA:68,14,1,2
BRDA:76,15,0,1
BRDA:76,15,1,1
BRDA:78,16,0,1
BRDA:78,16,1,0
BRDA:78,16,2,0
BRDA:79,17,0,1
BRDA:79,17,1,0
BRDA:80,18,0,0
BRDA:80,18,1,1
BRDA:81,19,0,1
BRDA:81,19,1,1
BRDA:101,20,0,9
BRDA:104,21,0,4
BRDA:104,21,1,38
BRDA:104,22,0,42
BRDA:104,22,1,5
BRDA:104,22,2,4
BRDA:105,23,0,1
BRDA:105,23,1,3
BRDA:113,24,0,10
BRDA:113,24,1,32
BRDA:114,25,0,4
BRDA:114,25,1,6
BRDA:119,26,0,30
BRDA:119,26,1,2
BRDA:119,27,0,32
BRDA:119,27,1,31
BRF:53
BRH:37
end_of_record
TN:
SF:src/api/geo.js
FN:17,(anonymous_0)
FN:20,haversineKm
FN:22,(anonymous_2)
FN:31,(anonymous_3)
FN:39,searchPlaces
FN:52,(anonymous_5)
FN:60,(anonymous_6)
FN:66,(anonymous_7)
FN:83,resolvePlace
FN:99,reverseGeocode
FN:127,currentPosition
FN:128,(anonymous_11)
FN:134,(anonymous_12)
FN:135,(anonymous_13)
FN:150,routeBetween
FN:167,(anonymous_15)
FNF:16
FNH:11
FNDA:4,(anonymous_0)
FNDA:5,haversineKm
FNDA:20,(anonymous_2)
FNDA:2,(anonymous_3)
FNDA:3,searchPlaces
FNDA:1,(anonymous_5)
FNDA:1,(anonymous_6)
FNDA:1,(anonymous_7)
FNDA:0,resolvePlace
FNDA:2,reverseGeocode
FNDA:0,currentPosition
FNDA:0,(anonymous_11)
FNDA:0,(anonymous_12)
FNDA:0,(anonymous_13)
FNDA:2,routeBetween
FNDA:2,(anonymous_15)
DA:14,6
DA:17,6
DA:21,5
DA:22,20
DA:23,5
DA:24,5
DA:26,5
DA:28,5
DA:31,6
DA:40,3
DA:41,3
DA:44,2
DA:45,2
DA:47,1
DA:49,1
DA:51,1
DA:52,1
DA:53,1
DA:60,1
DA:64,1
DA:66,1
DA:67,1
DA:84,0
DA:86,0
DA:87,0
DA:88,0
DA:89,0
DA:90,0
DA:92,0
DA:93,0
DA:94,0
DA:95,0
DA:100,2
DA:108,2
DA:109,2
DA:110,2
DA:111,2
DA:112,2
DA:113,2
DA:114,1
DA:122,0
DA:128,0
DA:129,0
DA:130,0
DA:131,0
DA:133,0
DA:134,0
DA:135,0
DA:151,2
DA:152,2
DA:153,2
DA:154,2
DA:160,1
DA:161,1
DA:163,1
DA:164,1
DA:167,2
DA:176,1
DA:177,1
LF:59
LH:41
BRDA:39,0,0,3
BRDA:39,1,0,3
BRDA:40,2,0,3
BRDA:40,2,1,0
BRDA:41,3,0,1
BRDA:41,3,1,2
BRDA:49,4,0,0
BRDA:49,4,1,1
BRDA:60,5,0,1
BRDA:60,5,1,0
BRDA:60,6,0,1
BRDA:60,6,1,0
BRDA:64,7,0,0
BRDA:64,7,1,1
BRDA:70,8,0,1
BRDA:70,8,1,0
BRDA:84,9,0,0
BRDA:84,9,1,0
BRDA:84,10,0,0
BRDA:84,10,1,0
BRDA:84,10,2,0
BRDA:90,11,0,0
BRDA:90,11,1,0
BRDA:93,12,0,0
BRDA:93,12,1,0
BRDA:94,13,0,0
BRDA:94,13,1,0
BRDA:95,14,0,0
BRDA:95,14,1,0
BRDA:113,15,0,1
BRDA:113,15,1,1
BRDA:115,16,0,1
BRDA:115,16,1,0
BRDA:117,17,0,1
BRDA:117,17,1,0
BRDA:129,18,0,0
BRDA:129,18,1,0
BRDA:161,19,0,0
BRDA:161,19,1,1
BRDA:163,20,0,1
BRDA:163,20,1,0
BRDA:168,21,0,0
BRDA:168,21,1,2
BRDA:169,22,0,0
BRDA:169,22,1,2
BRF:45
BRH:18
end_of_record
TN:
SF:src/api/index.js
FNF:0
FNH:0
LF:0
LH:0
BRF:0
BRH:0
end_of_record
TN:
SF:src/api/parcels.js
FN:10,normalizeParcel
FN:12,(anonymous_1)
FN:42,(anonymous_2)
FN:44,(anonymous_3)
FN:45,(anonymous_4)
FN:46,(anonymous_5)
FN:49,(anonymous_6)
FN:50,(anonymous_7)
FN:52,(anonymous_8)
FN:54,(anonymous_9)
FN:57,(anonymous_10)
FN:59,(anonymous_11)
FN:63,(anonymous_12)
FN:65,(anonymous_13)
FNF:14
FNH:9
FNDA:7,normalizeParcel
FNDA:21,(anonymous_1)
FNDA:3,(anonymous_2)
FNDA:2,(anonymous_3)
FNDA:3,(anonymous_4)
FNDA:0,(anonymous_5)
FNDA:0,(anonymous_6)
FNDA:0,(anonymous_7)
FNDA:0,(anonymous_8)
FNDA:0,(anonymous_9)
FNDA:1,(anonymous_10)
FNDA:3,(anonymous_11)
FNDA:1,(anonymous_12)
FNDA:1,(anonymous_13)
DA:11,7
DA:12,7
DA:13,21
DA:15,7
DA:42,5
DA:44,5
DA:45,5
DA:46,5
DA:47,0
DA:49,5
DA:50,5
DA:51,0
DA:52,5
DA:54,5
DA:57,5
DA:58,1
DA:59,3
DA:61,1
DA:63,5
DA:64,1
DA:65,5
DA:66,1
LF:22
LH:20
BRDA:11,0,0,0
BRDA:11,0,1,7
BRDA:13,1,0,1
BRDA:13,1,1,20
BRDA:13,2,0,21
BRDA:13,2,1,20
BRDA:17,3,0,7
BRDA:17,3,1,0
BRDA:19,4,0,0
BRDA:19,4,1,7
BRDA:20,5,0,0
BRDA:20,5,1,7
BRDA:21,6,0,0
BRDA:21,6,1,7
BRDA:23,7,0,7
BRDA:23,7,1,0
BRDA:23,7,2,0
BRDA:24,8,0,7
BRDA:24,8,1,0
BRDA:24,9,0,7
BRDA:24,9,1,0
BRDA:27,10,0,7
BRDA:27,10,1,0
BRDA:27,10,2,0
BRDA:29,11,0,7
BRDA:29,11,1,0
BRDA:30,12,0,7
BRDA:30,12,1,0
BRDA:34,13,0,7
BRDA:34,13,1,1
BRDA:35,14,0,7
BRDA:35,14,1,1
BRDA:37,15,0,7
BRDA:37,15,1,0
BRDA:38,16,0,7
BRDA:38,16,1,7
BRDA:42,17,0,2
BRDA:42,17,1,1
BRDA:42,18,0,1
BRDA:42,18,1,0
BRDA:57,19,0,0
BRDA:59,20,0,3
BRDA:59,20,1,3
BRDA:61,21,0,1
BRDA:61,21,1,0
BRF:45
BRH:28
end_of_record
TN:
SF:src/components/Nav.jsx
FN:7,(anonymous_0)
FN:14,Nav
FN:20,(anonymous_2)
FNF:3
FNH:3
FNDA:94,(anonymous_0)
FNDA:59,Nav
FNDA:1,(anonymous_2)
DA:7,94
DA:15,59
DA:16,59
DA:17,59
DA:18,59
DA:20,59
DA:21,1
DA:22,1
DA:23,1
DA:26,59
LF:10
LH:10
BRDA:11,0,0,31
BRDA:11,0,1,63
BRDA:47,1,0,29
BRDA:47,1,1,30
BRDA:52,2,0,29
BRDA:52,2,1,10
BRDA:57,3,0,29
BRDA:57,3,1,0
BRF:8
BRH:7
end_of_record
TN:
SF:src/components/Toast.jsx
FN:12,Toast
FN:16,(anonymous_1)
FN:18,(anonymous_2)
FN:19,(anonymous_3)
FNF:4
FNH:3
FNDA:32,Toast
FNDA:32,(anonymous_1)
FNDA:0,(anonymous_2)
FNDA:1,(anonymous_3)
DA:6,4
DA:13,32
DA:14,32
DA:16,32
DA:17,32
DA:18,1
DA:19,1
DA:22,32
DA:24,1
LF:9
LH:9
BRDA:17,0,0,31
BRDA:17,0,1,1
BRDA:22,1,0,31
BRDA:22,1,1,1
BRDA:37,2,0,1
BRDA:37,2,1,0
BRF:6
BRH:5
end_of_record
TN:
SF:src/components/auth/AuthCard.jsx
FN:5,AuthCard
FNF:1
FNH:1
FNDA:330,AuthCard
DA:6,330
LF:1
LH:1
BRDA:47,0,0,330
BRDA:47,0,1,330
BRF:2
BRH:2
end_of_record
TN:
SF:src/components/auth/FormError.jsx
FN:4,FormError
FNF:1
FNH:1
FNDA:330,FormError
DA:5,330
DA:6,2
LF:2
LH:2
BRDA:5,0,0,328
BRDA:5,0,1,2
BRF:2
BRH:2
end_of_record
TN:
SF:src/components/maps/DeliveryMap.jsx
FN:23,(anonymous_0)
FN:36,Notice
FN:59,DeliveryMap
FN:79,(anonymous_3)
FN:83,(anonymous_4)
FN:87,(anonymous_5)
FN:99,(anonymous_6)
FN:105,(anonymous_7)
FN:109,(anonymous_8)
FN:117,(anonymous_9)
FN:122,(anonymous_10)
FN:128,(anonymous_11)
FN:166,(anonymous_12)
FNF:13
FNH:12
FNDA:11,(anonymous_0)
FNDA:26,Notice
FNDA:32,DeliveryMap
FNDA:19,(anonymous_3)
FNDA:19,(anonymous_4)
FNDA:6,(anonymous_5)
FNDA:1,(anonymous_6)
FNDA:13,(anonymous_7)
FNDA:19,(anonymous_8)
FNDA:25,(anonymous_9)
FNDA:0,(anonymous_10)
FNDA:18,(anonymous_11)
FNDA:14,(anonymous_12)
DA:16,5
DA:23,5
DA:24,11
DA:25,11
DA:37,26
DA:68,32
DA:69,32
DA:70,32
DA:71,32
DA:72,32
DA:74,32
DA:75,32
DA:79,32
DA:80,19
DA:83,32
DA:84,19
DA:86,19
DA:88,6
DA:90,6
DA:99,6
DA:100,1
DA:103,6
DA:106,13
DA:109,19
DA:110,19
DA:117,32
DA:118,25
DA:119,25
DA:120,25
DA:122,6
DA:123,6
DA:124,6
DA:125,6
DA:127,6
DA:128,6
DA:129,18
DA:130,11
DA:141,11
DA:144,6
DA:145,6
DA:146,6
DA:148,6
DA:149,6
DA:150,2
DA:157,2
DA:161,6
DA:162,2
DA:163,2
DA:164,4
DA:165,4
DA:166,14
DA:167,4
DA:171,32
DA:180,32
DA:181,7
DA:190,25
LF:56
LH:56
BRDA:36,0,0,19
BRDA:36,1,0,7
BRDA:43,2,0,19
BRDA:43,2,1,7
BRDA:65,3,0,32
BRDA:66,4,0,32
BRDA:88,5,0,0
BRDA:88,5,1,6
BRDA:88,6,0,6
BRDA:88,6,1,6
BRDA:91,7,0,6
BRDA:91,7,1,0
BRDA:91,7,2,0
BRDA:106,8,0,9
BRDA:106,8,1,4
BRDA:120,9,0,19
BRDA:120,9,1,6
BRDA:120,10,0,25
BRDA:120,10,1,6
BRDA:120,10,2,6
BRDA:129,11,0,7
BRDA:129,11,1,11
BRDA:129,12,0,18
BRDA:129,12,1,12
BRDA:129,12,2,11
BRDA:136,13,0,10
BRDA:136,13,1,1
BRDA:148,14,0,2
BRDA:148,14,1,4
BRDA:149,15,0,2
BRDA:149,15,1,4
BRDA:155,16,0,1
BRDA:155,16,1,1
BRDA:161,17,0,2
BRDA:161,17,1,4
BRDA:164,18,0,4
BRDA:164,18,1,0
BRDA:180,19,0,7
BRDA:180,19,1,25
BRDA:183,20,0,7
BRDA:183,20,1,0
BRDA:193,21,0,25
BRDA:193,21,1,19
BRF:43
BRH:38
end_of_record
TN:
SF:src/components/maps/PlaceSearch.jsx
FN:16,PlaceSearch
FN:36,(anonymous_1)
FN:40,(anonymous_2)
FN:54,(anonymous_3)
FN:60,(anonymous_4)
FN:76,(anonymous_5)
FN:88,(anonymous_6)
FN:92,(anonymous_7)
FN:95,(anonymous_8)
FN:125,(anonymous_9)
FN:164,(anonymous_10)
FN:165,(anonymous_11)
FN:166,(anonymous_12)
FN:169,(anonymous_13)
FN:224,(anonymous_14)
FN:228,(anonymous_15)
FN:229,(anonymous_16)
FN:230,(anonymous_17)
FNF:18
FNH:2
FNDA:24,PlaceSearch
FNDA:24,(anonymous_1)
FNDA:0,(anonymous_2)
FNDA:0,(anonymous_3)
FNDA:0,(anonymous_4)
FNDA:0,(anonymous_5)
FNDA:0,(anonymous_6)
FNDA:0,(anonymous_7)
FNDA:0,(anonymous_8)
FNDA:0,(anonymous_9)
FNDA:0,(anonymous_10)
FNDA:0,(anonymous_11)
FNDA:0,(anonymous_12)
FNDA:0,(anonymous_13)
FNDA:0,(anonymous_14)
FNDA:0,(anonymous_15)
FNDA:0,(anonymous_16)
FNDA:0,(anonymous_17)
DA:14,4
DA:22,24
DA:23,24
DA:24,24
DA:25,24
DA:26,24
DA:27,24
DA:28,24
DA:29,24
DA:30,24
DA:34,24
DA:36,24
DA:37,24
DA:39,0
DA:40,0
DA:41,0
DA:42,0
DA:43,0
DA:44,0
DA:45,0
DA:46,0
DA:50,0
DA:54,0
DA:55,0
DA:56,0
DA:60,24
DA:61,0
DA:62,0
DA:63,0
DA:64,0
DA:65,0
DA:66,0
DA:67,0
DA:68,0
DA:70,0
DA:72,0
DA:76,24
DA:77,0
DA:78,0
DA:79,0
DA:80,0
DA:82,0
DA:84,0
DA:88,24
DA:89,0
DA:90,0
DA:91,0
DA:92,0
DA:93,0
DA:94,0
DA:95,0
DA:96,0
DA:97,0
DA:98,0
DA:99,0
DA:100,0
DA:105,24
DA:106,0
DA:125,0
DA:147,24
DA:164,0
DA:165,0
DA:167,0
DA:169,0
DA:225,0
DA:228,0
DA:229,0
DA:230,0
LF:68
LH:18
BRDA:19,0,0,0
BRDA:20,1,0,0
BRDA:34,2,0,0
BRDA:34,2,1,24
BRDA:37,3,0,24
BRDA:37,3,1,0
BRDA:89,4,0,0
BRDA:89,4,1,0
BRDA:89,5,0,0
BRDA:89,5,1,0
BRDA:90,6,0,0
BRDA:90,6,1,0
BRDA:93,7,0,0
BRDA:93,7,1,0
BRDA:96,8,0,0
BRDA:96,8,1,0
BRDA:96,9,0,0
BRDA:96,9,1,0
BRDA:99,10,0,0
BRDA:99,10,1,0
BRDA:105,11,0,0
BRDA:105,11,1,24
BRDA:160,12,0,0
BRDA:160,12,1,24
BRDA:172,13,0,0
BRDA:172,13,1,24
BRDA:190,14,0,0
BRDA:190,14,1,24
BRDA:193,15,0,0
BRDA:193,15,1,24
BRDA:203,16,0,24
BRDA:203,16,1,0
BRDA:203,16,2,0
BRDA:240,17,0,0
BRDA:240,17,1,0
BRF:35
BRH:8
end_of_record
TN:
SF:src/components/routing/AdminRoute.jsx
FN:8,AdminRoute
FNF:1
FNH:1
FNDA:6,AdminRoute
DA:9,6
LF:1
LH:1
BRF:0
BRH:0
end_of_record
TN:
SF:src/components/routing/ProtectedRoute.jsx
FN:21,ProtectedRoute
FNF:1
FNH:1
FNDA:35,ProtectedRoute
DA:22,35
DA:23,35
DA:24,35
DA:26,35
DA:28,22
DA:31,5
DA:36,17
DA:37,1
DA:40,16
LF:9
LH:9
BRDA:21,0,0,35
BRDA:26,1,0,13
BRDA:26,1,1,22
BRDA:28,2,0,5
BRDA:28,2,1,17
BRDA:36,3,0,1
BRDA:36,3,1,16
BRDA:40,4,0,16
BRDA:40,4,1,16
BRF:9
BRH:9
end_of_record
TN:
SF:src/components/routing/PublicOnlyRoute.jsx
FN:9,PublicOnlyRoute
FNF:1
FNH:1
FNDA:57,PublicOnlyRoute
DA:10,57
DA:11,57
DA:12,57
DA:14,57
DA:15,33
DA:17,24
LF:6
LH:6
BRDA:14,0,0,24
BRDA:14,0,1,33
BRDA:15,1,0,9
BRDA:15,1,1,24
BRDA:15,2,0,9
BRDA:15,2,1,7
BRDA:17,3,0,24
BRDA:17,3,1,24
BRF:8
BRH:8
end_of_record
TN:
SF:src/components/ui/Button.jsx
FN:9,Button
FNF:1
FNH:1
FNDA:330,Button
DA:3,4
DA:18,330
LF:2
LH:2
BRDA:12,0,0,0
BRDA:13,1,0,330
BRDA:14,2,0,0
BRDA:15,3,0,0
BRDA:25,4,0,330
BRDA:25,4,1,0
BRDA:32,5,0,6
BRDA:32,5,1,324
BRDA:33,6,0,6
BRDA:33,6,1,324
BRF:10
BRH:6
end_of_record
TN:
SF:src/components/ui/Field.jsx
FN:9,Field
FN:44,(anonymous_1)
FN:45,(anonymous_2)
FN:46,(anonymous_3)
FNF:4
FNH:4
FNDA:1225,Field
FNDA:297,(anonymous_1)
FNDA:20,(anonymous_2)
FNDA:20,(anonymous_3)
DA:24,1225
DA:25,1225
DA:26,1225
DA:28,1225
DA:44,297
DA:45,20
DA:46,20
LF:7
LH:7
BRDA:15,0,0,181
BRDA:48,1,0,178
BRDA:48,1,1,1047
BRDA:48,2,0,1225
BRDA:48,2,1,1222
BRDA:51,3,0,317
BRDA:51,3,1,908
BRDA:52,4,0,3
BRDA:52,4,1,1222
BRDA:53,5,0,18
BRDA:53,5,1,1207
BRDA:56,6,0,1225
BRDA:56,6,1,1222
BRDA:56,6,2,178
BRDA:59,7,0,3
BRDA:59,7,1,175
BRDA:65,8,0,3
BRDA:65,8,1,175
BRDA:68,9,0,178
BRDA:68,9,1,175
BRF:20
BRH:20
end_of_record
TN:
SF:src/components/ui/Spinner.jsx
FN:4,Spinner
FNF:1
FNH:1
FNDA:27,Spinner
DA:5,27
LF:1
LH:1
BRDA:4,0,0,0
BRDA:4,1,0,27
BRF:2
BRH:1
end_of_record
TN:
SF:src/lib/loadGoogleMaps.js
FN:18,(anonymous_0)
FN:24,(anonymous_1)
FN:31,loadGoogleMaps
FN:43,(anonymous_3)
FN:47,(anonymous_4)
FN:48,(anonymous_5)
FN:69,resetGoogleMapsLoader
FNF:7
FNH:3
FNDA:14,(anonymous_0)
FNDA:0,(anonymous_1)
FNDA:25,loadGoogleMaps
FNDA:0,(anonymous_3)
FNDA:0,(anonymous_4)
FNDA:0,(anonymous_5)
FNDA:15,resetGoogleMapsLoader
DA:10,6
DA:12,6
DA:15,6
DA:19,14
DA:20,14
DA:24,6
DA:32,25
DA:33,11
DA:35,14
DA:36,14
DA:43,0
DA:44,0
DA:45,0
DA:47,0
DA:48,0
DA:49,0
DA:50,0
DA:51,0
DA:54,0
DA:55,0
DA:56,0
DA:57,0
DA:58,0
DA:61,0
DA:65,0
DA:70,15
LF:26
LH:11
BRDA:32,0,0,11
BRDA:32,0,1,14
BRDA:32,1,0,25
BRDA:32,1,1,25
BRDA:35,2,0,14
BRDA:35,2,1,0
BRDA:45,3,0,0
BRDA:45,3,1,0
BRDA:54,4,0,0
BRDA:54,4,1,0
BRF:10
BRH:5
end_of_record
TN:
SF:src/lib/roles.js
FN:21,(anonymous_0)
FN:29,(anonymous_1)
FN:32,(anonymous_2)
FN:36,(anonymous_3)
FNF:4
FNH:4
FNDA:160,(anonymous_0)
FNDA:2,(anonymous_1)
FNDA:22,(anonymous_2)
FNDA:7,(anonymous_3)
DA:7,6
DA:12,6
DA:21,6
DA:22,160
DA:23,53
DA:24,53
DA:25,27
DA:26,4
DA:29,6
DA:32,6
DA:33,22
DA:34,21
DA:35,7
DA:36,7
DA:40,6
LF:15
LH:15
BRDA:22,0,0,107
BRDA:22,0,1,53
BRDA:23,1,0,53
BRDA:23,1,1,2
BRDA:24,2,0,26
BRDA:24,2,1,27
BRDA:25,3,0,23
BRDA:25,3,1,4
BRDA:26,4,0,2
BRDA:26,4,1,2
BRDA:26,5,0,4
BRDA:26,5,1,3
BRDA:33,6,0,1
BRDA:33,6,1,21
BRDA:34,7,0,14
BRDA:34,7,1,7
BRDA:34,8,0,21
BRDA:34,8,1,8
BRF:18
BRH:18
end_of_record
TN:
SF:src/lib/tokenStorage.js
FN:12,safe
FN:20,(anonymous_1)
FN:20,(anonymous_2)
FN:21,(anonymous_3)
FN:21,(anonymous_4)
FN:23,setTokens
FN:24,(anonymous_6)
FN:30,clearTokens
FN:31,(anonymous_8)
FN:37,(anonymous_9)
FNF:10
FNH:10
FNDA:217,safe
FNDA:86,(anonymous_1)
FNDA:86,(anonymous_2)
FNDA:8,(anonymous_3)
FNDA:8,(anonymous_4)
FNDA:38,setTokens
FNDA:38,(anonymous_6)
FNDA:85,clearTokens
FNDA:85,(anonymous_8)
FNDA:34,(anonymous_9)
DA:8,7
DA:9,7
DA:13,217
DA:14,217
DA:16,2
DA:20,86
DA:21,8
DA:24,38
DA:25,38
DA:26,38
DA:31,85
DA:32,85
DA:33,85
DA:37,34
LF:14
LH:14
BRDA:12,0,0,217
BRDA:23,1,0,0
BRDA:25,2,0,38
BRDA:25,2,1,0
BRDA:26,3,0,22
BRDA:26,3,1,16
BRF:6
BRH:4
end_of_record
TN:
SF:src/lib/validators.js
FN:6,(anonymous_0)
FN:13,(anonymous_1)
FN:19,(anonymous_2)
FN:26,(anonymous_3)
FN:30,(anonymous_4)
FN:38,(anonymous_5)
FN:39,(anonymous_6)
FNF:7
FNH:7
FNDA:10,(anonymous_0)
FNDA:6,(anonymous_1)
FNDA:6,(anonymous_2)
FNDA:5,(anonymous_3)
FNDA:6,(anonymous_4)
FNDA:8,(anonymous_5)
FNDA:25,(anonymous_6)
DA:4,5
DA:6,5
DA:7,10
DA:8,10
DA:9,9
DA:10,7
DA:13,5
DA:14,6
DA:15,5
DA:16,3
DA:19,5
DA:20,6
DA:21,6
DA:22,5
DA:23,4
DA:26,5
DA:27,5
DA:30,5
DA:31,6
DA:32,6
DA:33,2
DA:34,1
DA:38,5
DA:39,25
LF:24
LH:24
BRDA:7,0,0,10
BRDA:7,0,1,1
BRDA:8,1,0,1
BRDA:8,1,1,9
BRDA:9,2,0,2
BRDA:9,2,1,7
BRDA:14,3,0,1
BRDA:14,3,1,5
BRDA:15,4,0,2
BRDA:15,4,1,3
BRDA:20,5,0,6
BRDA:20,5,1,0
BRDA:21,6,0,1
BRDA:21,6,1,5
BRDA:22,7,0,1
BRDA:22,7,1,4
BRDA:27,8,0,2
BRDA:27,8,1,3
BRDA:31,9,0,6
BRDA:31,9,1,4
BRDA:32,10,0,4
BRDA:32,10,1,2
BRDA:33,11,0,1
BRDA:33,11,1,1
BRF:24
BRH:23
end_of_record
TN:
SF:src/routes/AdminDashboard.jsx
FN:12,AdminDashboard
FNF:1
FNH:1
FNDA:4,AdminDashboard
DA:13,4
DA:15,4
LF:2
LH:2
BRF:0
BRH:0
end_of_record
TN:
SF:src/routes/AppLayout.jsx
FN:15,AppLayout
FN:18,(anonymous_1)
FNF:2
FNH:2
FNDA:31,AppLayout
FNDA:31,(anonymous_1)
DA:16,31
DA:18,31
DA:19,31
DA:22,31
LF:4
LH:4
BRF:0
BRH:0
end_of_record
TN:
SF:src/routes/Dashboard.jsx
FN:18,Dashboard
FN:25,(anonymous_1)
FN:54,(anonymous_2)
FN:60,(anonymous_3)
FNF:4
FNH:1
FNDA:12,Dashboard
FNDA:0,(anonymous_1)
FNDA:0,(anonymous_2)
FNDA:0,(anonymous_3)
DA:19,12
DA:20,12
DA:21,12
DA:22,12
DA:23,12
DA:25,12
DA:26,0
DA:27,0
DA:28,0
DA:29,0
DA:31,0
DA:32,0
DA:33,0
DA:34,0
DA:36,0
DA:39,0
DA:43,12
DA:54,0
DA:60,0
LF:19
LH:7
BRDA:26,0,0,0
BRDA:26,0,1,0
BRDA:27,1,0,0
BRDA:27,1,1,0
BRDA:28,2,0,0
BRDA:28,2,1,0
BRDA:29,3,0,0
BRDA:29,3,1,0
BRDA:31,4,0,0
BRDA:31,4,1,0
BRDA:31,5,0,0
BRDA:31,5,1,0
BRDA:45,6,0,12
BRDA:45,6,1,0
BRDA:63,7,0,12
BRDA:63,7,1,0
BRDA:87,8,0,0
BRDA:87,8,1,0
BRDA:94,9,0,12
BRDA:94,9,1,0
BRF:20
BRH:3
end_of_record
TN:
SF:src/routes/Home.jsx
FN:11,Home
FNF:1
FNH:1
FNDA:6,Home
DA:12,6
DA:14,6
LF:2
LH:2
BRDA:21,0,0,0
BRDA:21,0,1,6
BRDA:34,1,0,0
BRDA:34,1,1,6
BRDA:36,2,0,6
BRDA:36,2,1,6
BRF:6
BRH:4
end_of_record
TN:
SF:src/routes/Login.jsx
FN:16,Login
FN:28,(anonymous_1)
FN:28,(anonymous_2)
FN:30,(anonymous_3)
FN:30,(anonymous_4)
FN:31,(anonymous_5)
FN:32,(anonymous_6)
FN:35,(anonymous_7)
FNF:8
FNH:8
FNDA:155,Login
FNDA:14,(anonymous_1)
FNDA:14,(anonymous_2)
FNDA:310,(anonymous_3)
FNDA:136,(anonymous_4)
FNDA:136,(anonymous_5)
FNDA:136,(anonymous_6)
FNDA:4,(anonymous_7)
DA:17,155
DA:18,155
DA:19,155
DA:20,155
DA:21,155
DA:23,155
DA:24,155
DA:28,155
DA:30,310
DA:31,136
DA:32,136
DA:35,155
DA:36,4
DA:41,4
DA:45,4
DA:46,4
DA:48,4
DA:49,4
DA:51,3
DA:55,155
LF:20
LH:20
BRDA:43,0,0,4
BRDA:43,0,1,0
BRDA:46,1,0,0
BRDA:46,1,1,4
BRDA:49,2,0,3
BRDA:49,2,1,1
BRDA:51,3,0,3
BRDA:51,3,1,2
BRDA:90,4,0,4
BRDA:90,4,1,151
BRF:10
BRH:8
end_of_record
TN:
SF:src/routes/NotFound.jsx
FN:5,NotFound
FNF:1
FNH:1
FNDA:2,NotFound
DA:6,2
LF:1
LH:1
BRF:0
BRH:0
end_of_record
TN:
SF:src/routes/PageShell.jsx
FN:4,PageShell
FNF:1
FNH:1
FNDA:26,PageShell
DA:5,26
LF:1
LH:1
BRDA:10,0,0,26
BRDA:10,0,1,26
BRF:2
BRH:2
end_of_record
TN:
SF:src/routes/Signup.jsx
FN:23,Signup
FN:38,(anonymous_1)
FN:38,(anonymous_2)
FN:40,(anonymous_3)
FN:40,(anonymous_4)
FN:41,(anonymous_5)
FN:42,(anonymous_6)
FN:45,(anonymous_7)
FNF:8
FNH:8
FNDA:175,Signup
FNDA:10,(anonymous_1)
FNDA:10,(anonymous_2)
FNDA:875,(anonymous_3)
FNDA:161,(anonymous_4)
FNDA:161,(anonymous_5)
FNDA:161,(anonymous_6)
FNDA:3,(anonymous_7)
DA:24,175
DA:25,175
DA:26,175
DA:27,175
DA:29,175
DA:36,175
DA:38,175
DA:40,875
DA:41,161
DA:42,161
DA:45,175
DA:46,3
DA:48,3
DA:55,3
DA:56,3
DA:60,2
DA:61,2
DA:64,175
LF:18
LH:18
BRDA:56,0,0,1
BRDA:56,0,1,2
BRDA:61,1,0,1
BRDA:61,1,1,1
BRDA:132,2,0,2
BRDA:132,2,1,173
BRF:6
BRH:6
end_of_record
TN:
SF:src/routes/Unauthorized.jsx
FN:6,Unauthorized
FNF:1
FNH:1
FNDA:2,Unauthorized
DA:7,2
LF:1
LH:1
BRF:0
BRH:0
end_of_record
TN:
SF:src/store/authSlice.js
FN:14,(anonymous_0)
FN:14,(anonymous_1)
FN:33,(anonymous_2)
FN:49,(anonymous_3)
FN:56,(anonymous_4)
FN:65,(anonymous_5)
FN:69,(anonymous_6)
FN:76,(anonymous_7)
FN:78,(anonymous_8)
FN:81,(anonymous_9)
FN:87,(anonymous_10)
FN:93,(anonymous_11)
FN:102,(anonymous_12)
FN:103,(anonymous_13)
FN:109,(anonymous_14)
FN:113,(anonymous_15)
FN:121,(anonymous_16)
FN:122,(anonymous_17)
FN:123,(anonymous_18)
FN:125,(anonymous_19)
FN:126,(anonymous_20)
FN:127,(anonymous_21)
FN:128,(anonymous_22)
FN:129,(anonymous_23)
FNF:24
FNH:22
FNDA:15,(anonymous_0)
FNDA:7,(anonymous_1)
FNDA:31,(anonymous_2)
FNDA:8,(anonymous_3)
FNDA:3,(anonymous_4)
FNDA:25,(anonymous_5)
FNDA:1,(anonymous_6)
FNDA:5,(anonymous_7)
FNDA:31,(anonymous_8)
FNDA:30,(anonymous_9)
FNDA:2,(anonymous_10)
FNDA:2,(anonymous_11)
FNDA:215,(anonymous_12)
FNDA:8,(anonymous_13)
FNDA:215,(anonymous_14)
FNDA:215,(anonymous_15)
FNDA:319,(anonymous_16)
FNDA:1,(anonymous_17)
FNDA:0,(anonymous_18)
FNDA:124,(anonymous_19)
FNDA:70,(anonymous_20)
FNDA:70,(anonymous_21)
FNDA:0,(anonymous_22)
FNDA:140,(anonymous_23)
DA:14,15
DA:15,7
DA:16,7
DA:18,2
DA:22,5
DA:23,5
DA:24,5
DA:31,5
DA:33,31
DA:36,5
DA:49,5
DA:50,8
DA:51,8
DA:52,8
DA:53,8
DA:56,5
DA:57,3
DA:58,3
DA:61,5
DA:66,25
DA:70,1
DA:71,1
DA:72,1
DA:73,1
DA:77,5
DA:79,31
DA:82,30
DA:83,30
DA:88,2
DA:89,2
DA:90,2
DA:94,2
DA:95,2
DA:96,2
DA:97,2
DA:100,5
DA:102,215
DA:104,8
DA:105,8
DA:109,215
DA:113,215
DA:119,5
DA:121,319
DA:122,5
DA:123,5
DA:125,124
DA:126,70
DA:127,70
DA:128,5
DA:129,140
LF:50
LH:50
BRDA:18,0,0,2
BRDA:18,0,1,0
BRDA:33,1,0,10
BRDA:33,1,1,21
BRDA:58,2,0,3
BRDA:58,2,1,0
BRDA:83,3,0,30
BRDA:83,3,1,22
BRF:8
BRH:6
end_of_record
TN:
SF:src/store/index.js
FN:15,(anonymous_0)
FNF:1
FNH:1
FNDA:34,(anonymous_0)
DA:13,4
DA:15,34
DA:17,4
LF:3
LH:3
BRF:0
BRH:0
end_of_record
TN:
SF:src/store/uiSlice.js
FN:13,(anonymous_0)
FN:16,(anonymous_1)
FN:22,(anonymous_2)
FN:29,(anonymous_3)
FNF:4
FNH:3
FNDA:1,(anonymous_0)
FNDA:1,(anonymous_1)
FNDA:0,(anonymous_2)
FNDA:137,(anonymous_3)
DA:5,4
DA:14,1
DA:18,1
DA:19,1
DA:23,0
DA:28,4
DA:29,137
LF:7
LH:6
BRDA:17,0,0,0
BRDA:18,1,0,0
BRDA:18,1,1,1
BRF:3
BRH:1
end_of_record
